{"D:\\Python\\suntrail_threejs\\scripts\\pmtiles-writer.ts": {"path":"D:\\Python\\suntrail_threejs\\scripts\\pmtiles-writer.ts","statementMap":{"0":{"start":{"line":11,"column":4},"end":{"line":11,"column":null}},"1":{"start":{"line":15,"column":20},"end":{"line":15,"column":null}},"2":{"start":{"line":16,"column":4},"end":{"line":19,"column":null}},"3":{"start":{"line":26,"column":4},"end":{"line":26,"column":null}},"4":{"start":{"line":26,"column":17},"end":{"line":26,"column":null}},"5":{"start":{"line":27,"column":14},"end":{"line":27,"column":null}},"6":{"start":{"line":28,"column":47},"end":{"line":28,"column":null}},"7":{"start":{"line":29,"column":13},"end":{"line":29,"column":16}},"8":{"start":{"line":29,"column":21},"end":{"line":29,"column":null}},"9":{"start":{"line":30,"column":4},"end":{"line":39,"column":null}},"10":{"start":{"line":31,"column":8},"end":{"line":31,"column":null}},"11":{"start":{"line":32,"column":8},"end":{"line":32,"column":null}},"12":{"start":{"line":33,"column":8},"end":{"line":33,"column":null}},"13":{"start":{"line":34,"column":8},"end":{"line":39,"column":null}},"14":{"start":{"line":35,"column":12},"end":{"line":37,"column":null}},"15":{"start":{"line":36,"column":16},"end":{"line":36,"column":null}},"16":{"start":{"line":37,"column":16},"end":{"line":37,"column":null}},"17":{"start":{"line":39,"column":12},"end":{"line":39,"column":null}},"18":{"start":{"line":42,"column":10},"end":{"line":42,"column":null}},"19":{"start":{"line":43,"column":4},"end":{"line":43,"column":null}},"20":{"start":{"line":47,"column":12},"end":{"line":47,"column":null}},"21":{"start":{"line":48,"column":4},"end":{"line":50,"column":null}},"22":{"start":{"line":49,"column":8},"end":{"line":49,"column":null}},"23":{"start":{"line":50,"column":8},"end":{"line":50,"column":null}},"24":{"start":{"line":52,"column":4},"end":{"line":52,"column":null}},"25":{"start":{"line":56,"column":15},"end":{"line":56,"column":null}},"26":{"start":{"line":57,"column":15},"end":{"line":57,"column":null}},"27":{"start":{"line":58,"column":4},"end":{"line":58,"column":null}},"28":{"start":{"line":59,"column":4},"end":{"line":59,"column":null}},"29":{"start":{"line":70,"column":26},"end":{"line":70,"column":28}},"30":{"start":{"line":71,"column":4},"end":{"line":71,"column":null}},"31":{"start":{"line":73,"column":17},"end":{"line":73,"column":null}},"32":{"start":{"line":74,"column":4},"end":{"line":76,"column":null}},"33":{"start":{"line":75,"column":8},"end":{"line":75,"column":null}},"34":{"start":{"line":76,"column":8},"end":{"line":76,"column":null}},"35":{"start":{"line":78,"column":4},"end":{"line":78,"column":null}},"36":{"start":{"line":78,"column":29},"end":{"line":78,"column":null}},"37":{"start":{"line":79,"column":4},"end":{"line":79,"column":null}},"38":{"start":{"line":79,"column":29},"end":{"line":79,"column":null}},"39":{"start":{"line":81,"column":4},"end":{"line":86,"column":null}},"40":{"start":{"line":81,"column":17},"end":{"line":81,"column":20}},"41":{"start":{"line":82,"column":18},"end":{"line":82,"column":null}},"42":{"start":{"line":83,"column":8},"end":{"line":86,"column":null}},"43":{"start":{"line":84,"column":12},"end":{"line":84,"column":null}},"44":{"start":{"line":86,"column":12},"end":{"line":86,"column":null}},"45":{"start":{"line":89,"column":4},"end":{"line":89,"column":null}},"46":{"start":{"line":118,"column":35},"end":{"line":118,"column":37}},"47":{"start":{"line":119,"column":37},"end":{"line":119,"column":39}},"48":{"start":{"line":120,"column":21},"end":{"line":120,"column":null}},"49":{"start":{"line":122,"column":4},"end":{"line":132,"column":null}},"50":{"start":{"line":122,"column":17},"end":{"line":122,"column":20}},"51":{"start":{"line":123,"column":22},"end":{"line":123,"column":52}},"52":{"start":{"line":124,"column":24},"end":{"line":124,"column":49}},"53":{"start":{"line":125,"column":8},"end":{"line":130,"column":null}},"54":{"start":{"line":131,"column":8},"end":{"line":131,"column":null}},"55":{"start":{"line":132,"column":8},"end":{"line":132,"column":null}},"56":{"start":{"line":135,"column":4},"end":{"line":135,"column":null}},"57":{"start":{"line":139,"column":16},"end":{"line":139,"column":36}},"58":{"start":{"line":140,"column":17},"end":{"line":140,"column":34}},"59":{"start":{"line":141,"column":18},"end":{"line":141,"column":37}},"60":{"start":{"line":144,"column":4},"end":{"line":144,"column":null}},"61":{"start":{"line":146,"column":4},"end":{"line":146,"column":null}},"62":{"start":{"line":147,"column":4},"end":{"line":147,"column":null}},"63":{"start":{"line":148,"column":4},"end":{"line":148,"column":null}},"64":{"start":{"line":149,"column":4},"end":{"line":149,"column":null}},"65":{"start":{"line":150,"column":4},"end":{"line":150,"column":null}},"66":{"start":{"line":151,"column":4},"end":{"line":151,"column":null}},"67":{"start":{"line":152,"column":4},"end":{"line":152,"column":null}},"68":{"start":{"line":153,"column":4},"end":{"line":153,"column":null}},"69":{"start":{"line":154,"column":4},"end":{"line":154,"column":null}},"70":{"start":{"line":155,"column":4},"end":{"line":155,"column":null}},"71":{"start":{"line":156,"column":4},"end":{"line":156,"column":null}},"72":{"start":{"line":158,"column":4},"end":{"line":158,"column":null}},"73":{"start":{"line":159,"column":4},"end":{"line":159,"column":null}},"74":{"start":{"line":160,"column":4},"end":{"line":160,"column":null}},"75":{"start":{"line":161,"column":4},"end":{"line":161,"column":null}},"76":{"start":{"line":162,"column":4},"end":{"line":162,"column":null}},"77":{"start":{"line":163,"column":4},"end":{"line":163,"column":null}},"78":{"start":{"line":165,"column":4},"end":{"line":165,"column":null}},"79":{"start":{"line":166,"column":4},"end":{"line":166,"column":null}},"80":{"start":{"line":167,"column":4},"end":{"line":167,"column":null}},"81":{"start":{"line":168,"column":4},"end":{"line":168,"column":null}},"82":{"start":{"line":170,"column":4},"end":{"line":170,"column":null}},"83":{"start":{"line":171,"column":4},"end":{"line":171,"column":null}},"84":{"start":{"line":172,"column":4},"end":{"line":172,"column":null}},"85":{"start":{"line":174,"column":4},"end":{"line":174,"column":null}},"86":{"start":{"line":177,"column":27},"end":{"line":177,"column":null}},"87":{"start":{"line":195,"column":12},"end":{"line":195,"column":null}},"88":{"start":{"line":196,"column":4},"end":{"line":198,"column":null}},"89":{"start":{"line":196,"column":17},"end":{"line":196,"column":20}},"90":{"start":{"line":197,"column":8},"end":{"line":197,"column":null}},"91":{"start":{"line":198,"column":8},"end":{"line":198,"column":null}},"92":{"start":{"line":200,"column":4},"end":{"line":200,"column":null}},"93":{"start":{"line":213,"column":33},"end":{"line":213,"column":35}},"94":{"start":{"line":214,"column":33},"end":{"line":214,"column":35}},"95":{"start":{"line":215,"column":17},"end":{"line":215,"column":null}},"96":{"start":{"line":216,"column":21},"end":{"line":216,"column":null}},"97":{"start":{"line":217,"column":21},"end":{"line":217,"column":null}},"98":{"start":{"line":220,"column":19},"end":{"line":220,"column":51}},"99":{"start":{"line":220,"column":35},"end":{"line":220,"column":50}},"100":{"start":{"line":222,"column":12},"end":{"line":222,"column":null}},"101":{"start":{"line":223,"column":4},"end":{"line":251,"column":null}},"102":{"start":{"line":224,"column":20},"end":{"line":224,"column":null}},"103":{"start":{"line":225,"column":24},"end":{"line":225,"column":null}},"104":{"start":{"line":228,"column":21},"end":{"line":228,"column":null}},"105":{"start":{"line":229,"column":8},"end":{"line":234,"column":null}},"106":{"start":{"line":234,"column":12},"end":{"line":234,"column":null}},"107":{"start":{"line":237,"column":8},"end":{"line":237,"column":null}},"108":{"start":{"line":238,"column":8},"end":{"line":243,"column":null}},"109":{"start":{"line":244,"column":8},"end":{"line":244,"column":null}},"110":{"start":{"line":246,"column":8},"end":{"line":248,"column":null}},"111":{"start":{"line":247,"column":12},"end":{"line":247,"column":null}},"112":{"start":{"line":248,"column":12},"end":{"line":248,"column":null}},"113":{"start":{"line":251,"column":8},"end":{"line":251,"column":null}},"114":{"start":{"line":254,"column":4},"end":{"line":254,"column":null}}},"fnMap":{"0":{"name":"lonToTileX","decl":{"start":{"line":10,"column":16},"end":{"line":10,"column":27}},"loc":{"start":{"line":10,"column":62},"end":{"line":11,"column":null}},"line":10},"1":{"name":"latToTileY","decl":{"start":{"line":14,"column":16},"end":{"line":14,"column":27}},"loc":{"start":{"line":14,"column":62},"end":{"line":19,"column":null}},"line":14},"2":{"name":"zxyToTileId","decl":{"start":{"line":25,"column":16},"end":{"line":25,"column":28}},"loc":{"start":{"line":25,"column":69},"end":{"line":43,"column":null}},"line":25},"3":{"name":"writeVarint","decl":{"start":{"line":46,"column":16},"end":{"line":46,"column":28}},"loc":{"start":{"line":46,"column":62},"end":{"line":52,"column":null}},"line":46},"4":{"name":"setUint64","decl":{"start":{"line":55,"column":16},"end":{"line":55,"column":26}},"loc":{"start":{"line":55,"column":77},"end":{"line":59,"column":null}},"line":55},"5":{"name":"serializeDirectory","decl":{"start":{"line":69,"column":16},"end":{"line":69,"column":35}},"loc":{"start":{"line":69,"column":69},"end":{"line":89,"column":null}},"line":69},"6":{"name":"buildTwoLevelDirectory","decl":{"start":{"line":114,"column":16},"end":{"line":114,"column":null}},"loc":{"start":{"line":117,"column":51},"end":{"line":135,"column":null}},"line":117},"7":{"name":"buildHeader","decl":{"start":{"line":138,"column":16},"end":{"line":138,"column":28}},"loc":{"start":{"line":138,"column":64},"end":{"line":174,"column":null}},"line":138},"8":{"name":"fnv1a32","decl":{"start":{"line":194,"column":9},"end":{"line":194,"column":17}},"loc":{"start":{"line":194,"column":43},"end":{"line":200,"column":null}},"line":194},"9":{"name":"deduplicateTiles","decl":{"start":{"line":212,"column":16},"end":{"line":212,"column":33}},"loc":{"start":{"line":212,"column":76},"end":{"line":254,"column":null}},"line":212},"10":{"name":"(anonymous_10)","decl":{"start":{"line":220,"column":26},"end":{"line":220,"column":30}},"loc":{"start":{"line":220,"column":35},"end":{"line":220,"column":50}},"line":220}},"branchMap":{"0":{"loc":{"start":{"line":26,"column":4},"end":{"line":26,"column":null}},"type":"if","locations":[{"start":{"line":26,"column":4},"end":{"line":26,"column":null}},{"start":{},"end":{}}],"line":26},"1":{"loc":{"start":{"line":31,"column":8},"end":{"line":31,"column":null}},"type":"cond-expr","locations":[{"start":{"line":31,"column":28},"end":{"line":31,"column":32}},{"start":{"line":31,"column":32},"end":{"line":31,"column":null}}],"line":31},"2":{"loc":{"start":{"line":32,"column":8},"end":{"line":32,"column":null}},"type":"cond-expr","locations":[{"start":{"line":32,"column":28},"end":{"line":32,"column":32}},{"start":{"line":32,"column":32},"end":{"line":32,"column":null}}],"line":32},"3":{"loc":{"start":{"line":34,"column":8},"end":{"line":39,"column":null}},"type":"if","locations":[{"start":{"line":34,"column":8},"end":{"line":39,"column":null}},{"start":{},"end":{}}],"line":34},"4":{"loc":{"start":{"line":35,"column":12},"end":{"line":37,"column":null}},"type":"if","locations":[{"start":{"line":35,"column":12},"end":{"line":37,"column":null}},{"start":{},"end":{}}],"line":35},"5":{"loc":{"start":{"line":83,"column":8},"end":{"line":86,"column":null}},"type":"if","locations":[{"start":{"line":83,"column":8},"end":{"line":86,"column":null}},{"start":{"line":85,"column":15},"end":{"line":86,"column":null}}],"line":83},"6":{"loc":{"start":{"line":83,"column":12},"end":{"line":83,"column":81}},"type":"binary-expr","locations":[{"start":{"line":83,"column":12},"end":{"line":83,"column":21}},{"start":{"line":83,"column":21},"end":{"line":83,"column":81}}],"line":83},"7":{"loc":{"start":{"line":116,"column":4},"end":{"line":116,"column":null}},"type":"default-arg","locations":[{"start":{"line":116,"column":15},"end":{"line":116,"column":null}}],"line":116},"8":{"loc":{"start":{"line":230,"column":12},"end":{"line":232,"column":null}},"type":"binary-expr","locations":[{"start":{"line":230,"column":12},"end":{"line":230,"column":null}},{"start":{"line":231,"column":12},"end":{"line":231,"column":null}},{"start":{"line":232,"column":12},"end":{"line":232,"column":null}}],"line":230},"9":{"loc":{"start":{"line":246,"column":8},"end":{"line":248,"column":null}},"type":"if","locations":[{"start":{"line":246,"column":8},"end":{"line":248,"column":null}},{"start":{},"end":{}}],"line":246}},"s":{"0":0,"1":0,"2":0,"3":23,"4":1,"5":22,"6":22,"7":22,"8":22,"9":22,"10":56,"11":56,"12":56,"13":56,"14":28,"15":15,"16":15,"17":28,"18":22,"19":22,"20":2177,"21":2177,"22":8,"23":8,"24":2177,"25":0,"26":0,"27":0,"28":0,"29":13,"30":13,"31":13,"32":13,"33":541,"34":541,"35":13,"36":541,"37":13,"38":541,"39":13,"40":13,"41":541,"42":541,"43":528,"44":13,"45":13,"46":3,"47":3,"48":3,"49":3,"50":3,"51":5,"52":5,"53":5,"54":5,"55":5,"56":3,"57":0,"58":0,"59":0,"60":0,"61":0,"62":0,"63":0,"64":0,"65":0,"66":0,"67":0,"68":0,"69":0,"70":0,"71":0,"72":0,"73":0,"74":0,"75":0,"76":0,"77":0,"78":0,"79":0,"80":0,"81":0,"82":0,"83":0,"84":0,"85":0,"86":1,"87":28,"88":28,"89":28,"90":1752,"91":1752,"92":28,"93":12,"94":12,"95":12,"96":12,"97":12,"98":12,"99":28,"100":12,"101":12,"102":18,"103":18,"104":18,"105":18,"106":10,"107":18,"108":18,"109":18,"110":18,"111":7,"112":7,"113":18,"114":12},"f":{"0":0,"1":0,"2":23,"3":2177,"4":0,"5":13,"6":3,"7":0,"8":28,"9":12,"10":28},"b":{"0":[1,22],"1":[28,28],"2":[28,28],"3":[28,28],"4":[15,13],"5":[528,13],"6":[541,528],"7":[3],"8":[18,17,16],"9":[7,11]},"meta":{"lastBranch":10,"lastFunction":11,"lastStatement":115,"seen":{"f:10:16:10:27":0,"s:11:4:11:Infinity":0,"f:14:16:14:27":1,"s:15:20:15:Infinity":1,"s:16:4:19:Infinity":2,"f:25:16:25:28":2,"b:26:4:26:Infinity:undefined:undefined:undefined:undefined":0,"s:26:4:26:Infinity":3,"s:26:17:26:Infinity":4,"s:27:14:27:Infinity":5,"s:28:47:28:Infinity":6,"s:29:13:29:16":7,"s:29:21:29:Infinity":8,"s:30:4:39:Infinity":9,"s:31:8:31:Infinity":10,"b:31:28:31:32:31:32:31:Infinity":1,"s:32:8:32:Infinity":11,"b:32:28:32:32:32:32:32:Infinity":2,"s:33:8:33:Infinity":12,"b:34:8:39:Infinity:undefined:undefined:undefined:undefined":3,"s:34:8:39:Infinity":13,"b:35:12:37:Infinity:undefined:undefined:undefined:undefined":4,"s:35:12:37:Infinity":14,"s:36:16:36:Infinity":15,"s:37:16:37:Infinity":16,"s:39:12:39:Infinity":17,"s:42:10:42:Infinity":18,"s:43:4:43:Infinity":19,"f:46:16:46:28":3,"s:47:12:47:Infinity":20,"s:48:4:50:Infinity":21,"s:49:8:49:Infinity":22,"s:50:8:50:Infinity":23,"s:52:4:52:Infinity":24,"f:55:16:55:26":4,"s:56:15:56:Infinity":25,"s:57:15:57:Infinity":26,"s:58:4:58:Infinity":27,"s:59:4:59:Infinity":28,"f:69:16:69:35":5,"s:70:26:70:28":29,"s:71:4:71:Infinity":30,"s:73:17:73:Infinity":31,"s:74:4:76:Infinity":32,"s:75:8:75:Infinity":33,"s:76:8:76:Infinity":34,"s:78:4:78:Infinity":35,"s:78:29:78:Infinity":36,"s:79:4:79:Infinity":37,"s:79:29:79:Infinity":38,"s:81:4:86:Infinity":39,"s:81:17:81:20":40,"s:82:18:82:Infinity":41,"b:83:8:86:Infinity:85:15:86:Infinity":5,"s:83:8:86:Infinity":42,"b:83:12:83:21:83:21:83:81":6,"s:84:12:84:Infinity":43,"s:86:12:86:Infinity":44,"s:89:4:89:Infinity":45,"f:114:16:114:Infinity":6,"b:116:15:116:Infinity":7,"s:118:35:118:37":46,"s:119:37:119:39":47,"s:120:21:120:Infinity":48,"s:122:4:132:Infinity":49,"s:122:17:122:20":50,"s:123:22:123:52":51,"s:124:24:124:49":52,"s:125:8:130:Infinity":53,"s:131:8:131:Infinity":54,"s:132:8:132:Infinity":55,"s:135:4:135:Infinity":56,"f:138:16:138:28":7,"s:139:16:139:36":57,"s:140:17:140:34":58,"s:141:18:141:37":59,"s:144:4:144:Infinity":60,"s:146:4:146:Infinity":61,"s:147:4:147:Infinity":62,"s:148:4:148:Infinity":63,"s:149:4:149:Infinity":64,"s:150:4:150:Infinity":65,"s:151:4:151:Infinity":66,"s:152:4:152:Infinity":67,"s:153:4:153:Infinity":68,"s:154:4:154:Infinity":69,"s:155:4:155:Infinity":70,"s:156:4:156:Infinity":71,"s:158:4:158:Infinity":72,"s:159:4:159:Infinity":73,"s:160:4:160:Infinity":74,"s:161:4:161:Infinity":75,"s:162:4:162:Infinity":76,"s:163:4:163:Infinity":77,"s:165:4:165:Infinity":78,"s:166:4:166:Infinity":79,"s:167:4:167:Infinity":80,"s:168:4:168:Infinity":81,"s:170:4:170:Infinity":82,"s:171:4:171:Infinity":83,"s:172:4:172:Infinity":84,"s:174:4:174:Infinity":85,"s:177:27:177:Infinity":86,"f:194:9:194:17":8,"s:195:12:195:Infinity":87,"s:196:4:198:Infinity":88,"s:196:17:196:20":89,"s:197:8:197:Infinity":90,"s:198:8:198:Infinity":91,"s:200:4:200:Infinity":92,"f:212:16:212:33":9,"s:213:33:213:35":93,"s:214:33:214:35":94,"s:215:17:215:Infinity":95,"s:216:21:216:Infinity":96,"s:217:21:217:Infinity":97,"s:220:19:220:51":98,"f:220:26:220:30":10,"s:220:35:220:50":99,"s:222:12:222:Infinity":100,"s:223:4:251:Infinity":101,"s:224:20:224:Infinity":102,"s:225:24:225:Infinity":103,"s:228:21:228:Infinity":104,"s:229:8:234:Infinity":105,"b:230:12:230:Infinity:231:12:231:Infinity:232:12:232:Infinity":8,"s:234:12:234:Infinity":106,"s:237:8:237:Infinity":107,"s:238:8:243:Infinity":108,"s:244:8:244:Infinity":109,"b:246:8:248:Infinity:undefined:undefined:undefined:undefined":9,"s:246:8:248:Infinity":110,"s:247:12:247:Infinity":111,"s:248:12:248:Infinity":112,"s:251:8:251:Infinity":113,"s:254:4:254:Infinity":114}}}
,"D:\\Python\\suntrail_threejs\\src\\i18n\\I18nService.ts": {"path":"D:\\Python\\suntrail_threejs\\src\\i18n\\I18nService.ts","statementMap":{"0":{"start":{"line":12,"column":57},"end":{"line":12,"column":null}},"1":{"start":{"line":21,"column":8},"end":{"line":21,"column":null}},"2":{"start":{"line":22,"column":8},"end":{"line":22,"column":null}},"3":{"start":{"line":31,"column":20},"end":{"line":31,"column":56}},"4":{"start":{"line":32,"column":8},"end":{"line":33,"column":null}},"5":{"start":{"line":33,"column":12},"end":{"line":33,"column":null}},"6":{"start":{"line":35,"column":8},"end":{"line":36,"column":null}},"7":{"start":{"line":36,"column":12},"end":{"line":36,"column":null}},"8":{"start":{"line":38,"column":8},"end":{"line":39,"column":null}},"9":{"start":{"line":39,"column":12},"end":{"line":39,"column":null}},"10":{"start":{"line":39,"column":72},"end":{"line":39,"column":100}},"11":{"start":{"line":41,"column":8},"end":{"line":41,"column":null}},"12":{"start":{"line":49,"column":8},"end":{"line":49,"column":null}},"13":{"start":{"line":49,"column":43},"end":{"line":49,"column":null}},"14":{"start":{"line":50,"column":8},"end":{"line":50,"column":null}},"15":{"start":{"line":51,"column":8},"end":{"line":51,"column":null}},"16":{"start":{"line":52,"column":8},"end":{"line":52,"column":null}},"17":{"start":{"line":53,"column":8},"end":{"line":53,"column":null}},"18":{"start":{"line":54,"column":8},"end":{"line":55,"column":null}},"19":{"start":{"line":55,"column":12},"end":{"line":55,"column":null}},"20":{"start":{"line":61,"column":8},"end":{"line":61,"column":null}},"21":{"start":{"line":70,"column":20},"end":{"line":70,"column":56}},"22":{"start":{"line":71,"column":8},"end":{"line":74,"column":null}},"23":{"start":{"line":72,"column":24},"end":{"line":72,"column":52}},"24":{"start":{"line":73,"column":12},"end":{"line":73,"column":null}},"25":{"start":{"line":73,"column":21},"end":{"line":73,"column":null}},"26":{"start":{"line":76,"column":29},"end":{"line":76,"column":77}},"27":{"start":{"line":77,"column":8},"end":{"line":80,"column":null}},"28":{"start":{"line":78,"column":24},"end":{"line":78,"column":64}},"29":{"start":{"line":79,"column":12},"end":{"line":79,"column":null}},"30":{"start":{"line":79,"column":22},"end":{"line":79,"column":null}},"31":{"start":{"line":82,"column":27},"end":{"line":82,"column":74}},"32":{"start":{"line":83,"column":8},"end":{"line":86,"column":null}},"33":{"start":{"line":84,"column":24},"end":{"line":84,"column":63}},"34":{"start":{"line":85,"column":12},"end":{"line":85,"column":null}},"35":{"start":{"line":85,"column":21},"end":{"line":85,"column":null}},"36":{"start":{"line":91,"column":22},"end":{"line":91,"column":36}},"37":{"start":{"line":92,"column":31},"end":{"line":92,"column":null}},"38":{"start":{"line":93,"column":8},"end":{"line":95,"column":null}},"39":{"start":{"line":94,"column":12},"end":{"line":94,"column":null}},"40":{"start":{"line":94,"column":64},"end":{"line":94,"column":null}},"41":{"start":{"line":95,"column":12},"end":{"line":95,"column":null}},"42":{"start":{"line":97,"column":8},"end":{"line":97,"column":null}},"43":{"start":{"line":101,"column":20},"end":{"line":101,"column":37}}},"fnMap":{"0":{"name":"(anonymous_0)","decl":{"start":{"line":18,"column":4},"end":{"line":18,"column":18}},"loc":{"start":{"line":18,"column":18},"end":{"line":22,"column":null}},"line":18},"1":{"name":"(anonymous_1)","decl":{"start":{"line":30,"column":4},"end":{"line":30,"column":6}},"loc":{"start":{"line":30,"column":58},"end":{"line":41,"column":null}},"line":30},"2":{"name":"(anonymous_2)","decl":{"start":{"line":39,"column":33},"end":{"line":39,"column":52}},"loc":{"start":{"line":39,"column":72},"end":{"line":39,"column":100}},"line":39},"3":{"name":"(anonymous_3)","decl":{"start":{"line":48,"column":4},"end":{"line":48,"column":14}},"loc":{"start":{"line":48,"column":36},"end":{"line":55,"column":null}},"line":48},"4":{"name":"(anonymous_4)","decl":{"start":{"line":60,"column":4},"end":{"line":60,"column":24}},"loc":{"start":{"line":60,"column":24},"end":{"line":61,"column":null}},"line":60},"5":{"name":"(anonymous_5)","decl":{"start":{"line":68,"column":4},"end":{"line":68,"column":15}},"loc":{"start":{"line":68,"column":55},"end":{"line":86,"column":null}},"line":68},"6":{"name":"(anonymous_6)","decl":{"start":{"line":71,"column":12},"end":{"line":71,"column":20}},"loc":{"start":{"line":71,"column":26},"end":{"line":74,"column":null}},"line":71},"7":{"name":"(anonymous_7)","decl":{"start":{"line":77,"column":21},"end":{"line":77,"column":29}},"loc":{"start":{"line":77,"column":35},"end":{"line":80,"column":null}},"line":77},"8":{"name":"(anonymous_8)","decl":{"start":{"line":83,"column":19},"end":{"line":83,"column":27}},"loc":{"start":{"line":83,"column":33},"end":{"line":86,"column":null}},"line":83},"9":{"name":"(anonymous_9)","decl":{"start":{"line":90,"column":4},"end":{"line":90,"column":12}},"loc":{"start":{"line":90,"column":75},"end":{"line":97,"column":null}},"line":90}},"branchMap":{"0":{"loc":{"start":{"line":32,"column":8},"end":{"line":33,"column":null}},"type":"if","locations":[{"start":{"line":32,"column":8},"end":{"line":33,"column":null}},{"start":{},"end":{}}],"line":32},"1":{"loc":{"start":{"line":35,"column":8},"end":{"line":36,"column":null}},"type":"if","locations":[{"start":{"line":35,"column":8},"end":{"line":36,"column":null}},{"start":{},"end":{}}],"line":35},"2":{"loc":{"start":{"line":38,"column":8},"end":{"line":39,"column":null}},"type":"if","locations":[{"start":{"line":38,"column":8},"end":{"line":39,"column":null}},{"start":{},"end":{}}],"line":38},"3":{"loc":{"start":{"line":39,"column":72},"end":{"line":39,"column":100}},"type":"binary-expr","locations":[{"start":{"line":39,"column":72},"end":{"line":39,"column":86}},{"start":{"line":39,"column":86},"end":{"line":39,"column":100}}],"line":39},"4":{"loc":{"start":{"line":49,"column":8},"end":{"line":49,"column":null}},"type":"if","locations":[{"start":{"line":49,"column":8},"end":{"line":49,"column":null}},{"start":{},"end":{}}],"line":49},"5":{"loc":{"start":{"line":51,"column":28},"end":{"line":51,"column":null}},"type":"binary-expr","locations":[{"start":{"line":51,"column":28},"end":{"line":51,"column":55}},{"start":{"line":51,"column":55},"end":{"line":51,"column":null}}],"line":51},"6":{"loc":{"start":{"line":54,"column":8},"end":{"line":55,"column":null}},"type":"if","locations":[{"start":{"line":54,"column":8},"end":{"line":55,"column":null}},{"start":{},"end":{}}],"line":54},"7":{"loc":{"start":{"line":73,"column":12},"end":{"line":73,"column":null}},"type":"if","locations":[{"start":{"line":73,"column":12},"end":{"line":73,"column":null}},{"start":{},"end":{}}],"line":73},"8":{"loc":{"start":{"line":79,"column":12},"end":{"line":79,"column":null}},"type":"if","locations":[{"start":{"line":79,"column":12},"end":{"line":79,"column":null}},{"start":{},"end":{}}],"line":79},"9":{"loc":{"start":{"line":85,"column":12},"end":{"line":85,"column":null}},"type":"if","locations":[{"start":{"line":85,"column":12},"end":{"line":85,"column":null}},{"start":{},"end":{}}],"line":85},"10":{"loc":{"start":{"line":94,"column":12},"end":{"line":94,"column":null}},"type":"if","locations":[{"start":{"line":94,"column":12},"end":{"line":94,"column":null}},{"start":{},"end":{}}],"line":94},"11":{"loc":{"start":{"line":94,"column":16},"end":{"line":94,"column":64}},"type":"binary-expr","locations":[{"start":{"line":94,"column":16},"end":{"line":94,"column":35}},{"start":{"line":94,"column":35},"end":{"line":94,"column":64}}],"line":94},"12":{"loc":{"start":{"line":97,"column":15},"end":{"line":97,"column":null}},"type":"cond-expr","locations":[{"start":{"line":97,"column":45},"end":{"line":97,"column":55}},{"start":{"line":97,"column":55},"end":{"line":97,"column":null}}],"line":97}},"s":{"0":19,"1":19,"2":19,"3":29,"4":29,"5":2,"6":29,"7":2,"8":27,"9":5,"10":6,"11":22,"12":26,"13":11,"14":15,"15":15,"16":26,"17":26,"18":26,"19":15,"20":2,"21":2,"22":2,"23":0,"24":0,"25":0,"26":2,"27":2,"28":0,"29":0,"30":0,"31":2,"32":2,"33":0,"34":0,"35":0,"36":31,"37":31,"38":31,"39":79,"40":4,"41":75,"42":27,"43":19},"f":{"0":19,"1":29,"2":6,"3":26,"4":2,"5":2,"6":0,"7":0,"8":0,"9":31},"b":{"0":[2,27],"1":[2,27],"2":[5,22],"3":[6,0],"4":[11,15],"5":[15,0],"6":[15,11],"7":[0,0],"8":[0,0],"9":[0,0],"10":[4,75],"11":[79,75],"12":[27,0]},"meta":{"lastBranch":13,"lastFunction":10,"lastStatement":44,"seen":{"s:12:57:12:Infinity":0,"f:18:4:18:18":0,"s:21:8:21:Infinity":1,"s:22:8:22:Infinity":2,"f:30:4:30:6":1,"s:31:20:31:56":3,"b:32:8:33:Infinity:undefined:undefined:undefined:undefined":0,"s:32:8:33:Infinity":4,"s:33:12:33:Infinity":5,"b:35:8:36:Infinity:undefined:undefined:undefined:undefined":1,"s:35:8:36:Infinity":6,"s:36:12:36:Infinity":7,"b:38:8:39:Infinity:undefined:undefined:undefined:undefined":2,"s:38:8:39:Infinity":8,"s:39:12:39:Infinity":9,"f:39:33:39:52":2,"s:39:72:39:100":10,"b:39:72:39:86:39:86:39:100":3,"s:41:8:41:Infinity":11,"f:48:4:48:14":3,"b:49:8:49:Infinity:undefined:undefined:undefined:undefined":4,"s:49:8:49:Infinity":12,"s:49:43:49:Infinity":13,"s:50:8:50:Infinity":14,"s:51:8:51:Infinity":15,"b:51:28:51:55:51:55:51:Infinity":5,"s:52:8:52:Infinity":16,"s:53:8:53:Infinity":17,"b:54:8:55:Infinity:undefined:undefined:undefined:undefined":6,"s:54:8:55:Infinity":18,"s:55:12:55:Infinity":19,"f:60:4:60:24":4,"s:61:8:61:Infinity":20,"f:68:4:68:15":5,"s:70:20:70:56":21,"s:71:8:74:Infinity":22,"f:71:12:71:20":6,"s:72:24:72:52":23,"b:73:12:73:Infinity:undefined:undefined:undefined:undefined":7,"s:73:12:73:Infinity":24,"s:73:21:73:Infinity":25,"s:76:29:76:77":26,"s:77:8:80:Infinity":27,"f:77:21:77:29":7,"s:78:24:78:64":28,"b:79:12:79:Infinity:undefined:undefined:undefined:undefined":8,"s:79:12:79:Infinity":29,"s:79:22:79:Infinity":30,"s:82:27:82:74":31,"s:83:8:86:Infinity":32,"f:83:19:83:27":8,"s:84:24:84:63":33,"b:85:12:85:Infinity:undefined:undefined:undefined:undefined":9,"s:85:12:85:Infinity":34,"s:85:21:85:Infinity":35,"f:90:4:90:12":9,"s:91:22:91:36":36,"s:92:31:92:Infinity":37,"s:93:8:95:Infinity":38,"b:94:12:94:Infinity:undefined:undefined:undefined:undefined":10,"s:94:12:94:Infinity":39,"b:94:16:94:35:94:35:94:64":11,"s:94:64:94:Infinity":40,"s:95:12:95:Infinity":41,"s:97:8:97:Infinity":42,"b:97:45:97:55:97:55:97:Infinity":12,"s:101:20:101:37":43}}}
,"D:\\Python\\suntrail_threejs\\src\\i18n\\locales\\de.json": {"path":"D:\\Python\\suntrail_threejs\\src\\i18n\\locales\\de.json","statementMap":{"0":{"start":{"line":1,"column":19},"end":{"line":1,"column":137}},"1":{"start":{"line":2,"column":21},"end":{"line":2,"column":1391}},"2":{"start":{"line":3,"column":24},"end":{"line":3,"column":2553}},"3":{"start":{"line":4,"column":22},"end":{"line":4,"column":613}},"4":{"start":{"line":5,"column":22},"end":{"line":5,"column":433}},"5":{"start":{"line":6,"column":22},"end":{"line":6,"column":204}},"6":{"start":{"line":7,"column":22},"end":{"line":7,"column":144}},"7":{"start":{"line":8,"column":28},"end":{"line":8,"column":696}},"8":{"start":{"line":9,"column":23},"end":{"line":9,"column":338}},"9":{"start":{"line":10,"column":19},"end":{"line":10,"column":836}},"10":{"start":{"line":11,"column":23},"end":{"line":11,"column":116}},"11":{"start":{"line":12,"column":23},"end":{"line":12,"column":1307}},"12":{"start":{"line":13,"column":21},"end":{"line":13,"column":861}},"13":{"start":{"line":14,"column":19},"end":{"line":14,"column":227}},"14":{"start":{"line":15,"column":21},"end":{"line":15,"column":230}},"15":{"start":{"line":16,"column":22},"end":{"line":16,"column":117}},"16":{"start":{"line":17,"column":22},"end":{"line":17,"column":41}},"17":{"start":{"line":18,"column":22},"end":{"line":18,"column":129}},"18":{"start":{"line":19,"column":23},"end":{"line":19,"column":110}},"19":{"start":{"line":20,"column":24},"end":{"line":20,"column":106}},"20":{"start":{"line":21,"column":20},"end":{"line":21,"column":244}},"21":{"start":{"line":22,"column":26},"end":{"line":22,"column":2279}},"22":{"start":{"line":23,"column":23},"end":{"line":23,"column":1302}},"23":{"start":{"line":24,"column":28},"end":{"line":24,"column":335}},"24":{"start":{"line":25,"column":22},"end":{"line":25,"column":206}},"25":{"start":{"line":26,"column":20},"end":{"line":26,"column":249}},"26":{"start":{"line":27,"column":21},"end":{"line":27,"column":1036}}},"fnMap":{},"branchMap":{},"s":{"0":20,"1":20,"2":20,"3":20,"4":20,"5":20,"6":20,"7":20,"8":20,"9":20,"10":20,"11":20,"12":20,"13":20,"14":20,"15":20,"16":20,"17":20,"18":20,"19":20,"20":20,"21":20,"22":20,"23":20,"24":20,"25":20,"26":20},"f":{},"b":{},"meta":{"lastBranch":0,"lastFunction":0,"lastStatement":27,"seen":{"s:1:19:1:137":0,"s:2:21:2:1391":1,"s:3:24:3:2553":2,"s:4:22:4:613":3,"s:5:22:5:433":4,"s:6:22:6:204":5,"s:7:22:7:144":6,"s:8:28:8:696":7,"s:9:23:9:338":8,"s:10:19:10:836":9,"s:11:23:11:116":10,"s:12:23:12:1307":11,"s:13:21:13:861":12,"s:14:19:14:227":13,"s:15:21:15:230":14,"s:16:22:16:117":15,"s:17:22:17:41":16,"s:18:22:18:129":17,"s:19:23:19:110":18,"s:20:24:20:106":19,"s:21:20:21:244":20,"s:22:26:22:2279":21,"s:23:23:23:1302":22,"s:24:28:24:335":23,"s:25:22:25:206":24,"s:26:20:26:249":25,"s:27:21:27:1036":26}}}
,"D:\\Python\\suntrail_threejs\\src\\i18n\\locales\\en.json": {"path":"D:\\Python\\suntrail_threejs\\src\\i18n\\locales\\en.json","statementMap":{"0":{"start":{"line":1,"column":19},"end":{"line":1,"column":134}},"1":{"start":{"line":2,"column":21},"end":{"line":2,"column":1257}},"2":{"start":{"line":3,"column":24},"end":{"line":3,"column":2430}},"3":{"start":{"line":4,"column":22},"end":{"line":4,"column":612}},"4":{"start":{"line":5,"column":22},"end":{"line":5,"column":396}},"5":{"start":{"line":6,"column":22},"end":{"line":6,"column":216}},"6":{"start":{"line":7,"column":22},"end":{"line":7,"column":126}},"7":{"start":{"line":8,"column":28},"end":{"line":8,"column":667}},"8":{"start":{"line":9,"column":23},"end":{"line":9,"column":310}},"9":{"start":{"line":10,"column":19},"end":{"line":10,"column":750}},"10":{"start":{"line":11,"column":23},"end":{"line":11,"column":102}},"11":{"start":{"line":12,"column":23},"end":{"line":12,"column":1271}},"12":{"start":{"line":13,"column":21},"end":{"line":13,"column":806}},"13":{"start":{"line":14,"column":19},"end":{"line":14,"column":209}},"14":{"start":{"line":15,"column":21},"end":{"line":15,"column":211}},"15":{"start":{"line":16,"column":22},"end":{"line":16,"column":111}},"16":{"start":{"line":17,"column":22},"end":{"line":17,"column":41}},"17":{"start":{"line":18,"column":22},"end":{"line":18,"column":111}},"18":{"start":{"line":19,"column":23},"end":{"line":19,"column":109}},"19":{"start":{"line":20,"column":24},"end":{"line":20,"column":108}},"20":{"start":{"line":21,"column":20},"end":{"line":21,"column":238}},"21":{"start":{"line":22,"column":26},"end":{"line":22,"column":2074}},"22":{"start":{"line":23,"column":23},"end":{"line":23,"column":1182}},"23":{"start":{"line":24,"column":28},"end":{"line":24,"column":330}},"24":{"start":{"line":25,"column":22},"end":{"line":25,"column":196}},"25":{"start":{"line":26,"column":20},"end":{"line":26,"column":223}},"26":{"start":{"line":27,"column":21},"end":{"line":27,"column":935}}},"fnMap":{},"branchMap":{},"s":{"0":20,"1":20,"2":20,"3":20,"4":20,"5":20,"6":20,"7":20,"8":20,"9":20,"10":20,"11":20,"12":20,"13":20,"14":20,"15":20,"16":20,"17":20,"18":20,"19":20,"20":20,"21":20,"22":20,"23":20,"24":20,"25":20,"26":20},"f":{},"b":{},"meta":{"lastBranch":0,"lastFunction":0,"lastStatement":27,"seen":{"s:1:19:1:134":0,"s:2:21:2:1257":1,"s:3:24:3:2430":2,"s:4:22:4:612":3,"s:5:22:5:396":4,"s:6:22:6:216":5,"s:7:22:7:126":6,"s:8:28:8:667":7,"s:9:23:9:310":8,"s:10:19:10:750":9,"s:11:23:11:102":10,"s:12:23:12:1271":11,"s:13:21:13:806":12,"s:14:19:14:209":13,"s:15:21:15:211":14,"s:16:22:16:111":15,"s:17:22:17:41":16,"s:18:22:18:111":17,"s:19:23:19:109":18,"s:20:24:20:108":19,"s:21:20:21:238":20,"s:22:26:22:2074":21,"s:23:23:23:1182":22,"s:24:28:24:330":23,"s:25:22:25:196":24,"s:26:20:26:223":25,"s:27:21:27:935":26}}}
,"D:\\Python\\suntrail_threejs\\src\\i18n\\locales\\fr.json": {"path":"D:\\Python\\suntrail_threejs\\src\\i18n\\locales\\fr.json","statementMap":{"0":{"start":{"line":1,"column":19},"end":{"line":1,"column":141}},"1":{"start":{"line":2,"column":21},"end":{"line":2,"column":1392}},"2":{"start":{"line":3,"column":24},"end":{"line":3,"column":2611}},"3":{"start":{"line":4,"column":22},"end":{"line":4,"column":632}},"4":{"start":{"line":5,"column":22},"end":{"line":5,"column":402}},"5":{"start":{"line":6,"column":22},"end":{"line":6,"column":211}},"6":{"start":{"line":7,"column":22},"end":{"line":7,"column":155}},"7":{"start":{"line":8,"column":28},"end":{"line":8,"column":699}},"8":{"start":{"line":9,"column":23},"end":{"line":9,"column":340}},"9":{"start":{"line":10,"column":19},"end":{"line":10,"column":827}},"10":{"start":{"line":11,"column":23},"end":{"line":11,"column":109}},"11":{"start":{"line":12,"column":23},"end":{"line":12,"column":1329}},"12":{"start":{"line":13,"column":21},"end":{"line":13,"column":857}},"13":{"start":{"line":14,"column":19},"end":{"line":14,"column":223}},"14":{"start":{"line":15,"column":21},"end":{"line":15,"column":225}},"15":{"start":{"line":16,"column":22},"end":{"line":16,"column":116}},"16":{"start":{"line":17,"column":22},"end":{"line":17,"column":43}},"17":{"start":{"line":18,"column":22},"end":{"line":18,"column":122}},"18":{"start":{"line":19,"column":23},"end":{"line":19,"column":113}},"19":{"start":{"line":20,"column":24},"end":{"line":20,"column":108}},"20":{"start":{"line":21,"column":20},"end":{"line":21,"column":238}},"21":{"start":{"line":22,"column":26},"end":{"line":22,"column":2337}},"22":{"start":{"line":23,"column":23},"end":{"line":23,"column":1260}},"23":{"start":{"line":24,"column":28},"end":{"line":24,"column":329}},"24":{"start":{"line":25,"column":22},"end":{"line":25,"column":204}},"25":{"start":{"line":26,"column":20},"end":{"line":26,"column":249}},"26":{"start":{"line":27,"column":21},"end":{"line":27,"column":1016}}},"fnMap":{},"branchMap":{},"s":{"0":20,"1":20,"2":20,"3":20,"4":20,"5":20,"6":20,"7":20,"8":20,"9":20,"10":20,"11":20,"12":20,"13":20,"14":20,"15":20,"16":20,"17":20,"18":20,"19":20,"20":20,"21":20,"22":20,"23":20,"24":20,"25":20,"26":20},"f":{},"b":{},"meta":{"lastBranch":0,"lastFunction":0,"lastStatement":27,"seen":{"s:1:19:1:141":0,"s:2:21:2:1392":1,"s:3:24:3:2611":2,"s:4:22:4:632":3,"s:5:22:5:402":4,"s:6:22:6:211":5,"s:7:22:7:155":6,"s:8:28:8:699":7,"s:9:23:9:340":8,"s:10:19:10:827":9,"s:11:23:11:109":10,"s:12:23:12:1329":11,"s:13:21:13:857":12,"s:14:19:14:223":13,"s:15:21:15:225":14,"s:16:22:16:116":15,"s:17:22:17:43":16,"s:18:22:18:122":17,"s:19:23:19:113":18,"s:20:24:20:108":19,"s:21:20:21:238":20,"s:22:26:22:2337":21,"s:23:23:23:1260":22,"s:24:28:24:329":23,"s:25:22:25:204":24,"s:26:20:26:249":25,"s:27:21:27:1016":26}}}
,"D:\\Python\\suntrail_threejs\\src\\i18n\\locales\\it.json": {"path":"D:\\Python\\suntrail_threejs\\src\\i18n\\locales\\it.json","statementMap":{"0":{"start":{"line":1,"column":19},"end":{"line":1,"column":143}},"1":{"start":{"line":2,"column":21},"end":{"line":2,"column":1419}},"2":{"start":{"line":3,"column":24},"end":{"line":3,"column":2543}},"3":{"start":{"line":4,"column":22},"end":{"line":4,"column":617}},"4":{"start":{"line":5,"column":22},"end":{"line":5,"column":415}},"5":{"start":{"line":6,"column":22},"end":{"line":6,"column":211}},"6":{"start":{"line":7,"column":22},"end":{"line":7,"column":138}},"7":{"start":{"line":8,"column":28},"end":{"line":8,"column":684}},"8":{"start":{"line":9,"column":23},"end":{"line":9,"column":347}},"9":{"start":{"line":10,"column":19},"end":{"line":10,"column":843}},"10":{"start":{"line":11,"column":23},"end":{"line":11,"column":108}},"11":{"start":{"line":12,"column":23},"end":{"line":12,"column":1329}},"12":{"start":{"line":13,"column":21},"end":{"line":13,"column":849}},"13":{"start":{"line":14,"column":19},"end":{"line":14,"column":220}},"14":{"start":{"line":15,"column":21},"end":{"line":15,"column":237}},"15":{"start":{"line":16,"column":22},"end":{"line":16,"column":123}},"16":{"start":{"line":17,"column":22},"end":{"line":17,"column":42}},"17":{"start":{"line":18,"column":22},"end":{"line":18,"column":129}},"18":{"start":{"line":19,"column":23},"end":{"line":19,"column":114}},"19":{"start":{"line":20,"column":24},"end":{"line":20,"column":115}},"20":{"start":{"line":21,"column":20},"end":{"line":21,"column":248}},"21":{"start":{"line":22,"column":26},"end":{"line":22,"column":2214}},"22":{"start":{"line":23,"column":23},"end":{"line":23,"column":1288}},"23":{"start":{"line":24,"column":28},"end":{"line":24,"column":336}},"24":{"start":{"line":25,"column":22},"end":{"line":25,"column":204}},"25":{"start":{"line":26,"column":20},"end":{"line":26,"column":243}},"26":{"start":{"line":27,"column":21},"end":{"line":27,"column":1041}}},"fnMap":{},"branchMap":{},"s":{"0":20,"1":20,"2":20,"3":20,"4":20,"5":20,"6":20,"7":20,"8":20,"9":20,"10":20,"11":20,"12":20,"13":20,"14":20,"15":20,"16":20,"17":20,"18":20,"19":20,"20":20,"21":20,"22":20,"23":20,"24":20,"25":20,"26":20},"f":{},"b":{},"meta":{"lastBranch":0,"lastFunction":0,"lastStatement":27,"seen":{"s:1:19:1:143":0,"s:2:21:2:1419":1,"s:3:24:3:2543":2,"s:4:22:4:617":3,"s:5:22:5:415":4,"s:6:22:6:211":5,"s:7:22:7:138":6,"s:8:28:8:684":7,"s:9:23:9:347":8,"s:10:19:10:843":9,"s:11:23:11:108":10,"s:12:23:12:1329":11,"s:13:21:13:849":12,"s:14:19:14:220":13,"s:15:21:15:237":14,"s:16:22:16:123":15,"s:17:22:17:42":16,"s:18:22:18:129":17,"s:19:23:19:114":18,"s:20:24:20:115":19,"s:21:20:21:248":20,"s:22:26:22:2214":21,"s:23:23:23:1288":22,"s:24:28:24:336":23,"s:25:22:25:204":24,"s:26:20:26:243":25,"s:27:21:27:1041":26}}}
,"D:\\Python\\suntrail_threejs\\src\\modules\\analysis.ts": {"path":"D:\\Python\\suntrail_threejs\\src\\modules\\analysis.ts","statementMap":{"0":{"start":{"line":8,"column":24},"end":{"line":8,"column":null}},"1":{"start":{"line":11,"column":4},"end":{"line":11,"column":null}},"2":{"start":{"line":15,"column":22},"end":{"line":15,"column":58}},"3":{"start":{"line":16,"column":15},"end":{"line":16,"column":null}},"4":{"start":{"line":18,"column":4},"end":{"line":37,"column":null}},"5":{"start":{"line":19,"column":8},"end":{"line":37,"column":null}},"6":{"start":{"line":20,"column":12},"end":{"line":20,"column":null}},"7":{"start":{"line":23,"column":18},"end":{"line":23,"column":57}},"8":{"start":{"line":24,"column":12},"end":{"line":26,"column":null}},"9":{"start":{"line":25,"column":16},"end":{"line":26,"column":null}},"10":{"start":{"line":26,"column":20},"end":{"line":26,"column":null}},"11":{"start":{"line":26,"column":53},"end":{"line":26,"column":null}},"12":{"start":{"line":30,"column":12},"end":{"line":33,"column":null}},"13":{"start":{"line":31,"column":16},"end":{"line":33,"column":null}},"14":{"start":{"line":32,"column":20},"end":{"line":33,"column":null}},"15":{"start":{"line":33,"column":24},"end":{"line":33,"column":null}},"16":{"start":{"line":33,"column":57},"end":{"line":33,"column":null}},"17":{"start":{"line":37,"column":12},"end":{"line":37,"column":null}},"18":{"start":{"line":37,"column":22},"end":{"line":37,"column":null}},"19":{"start":{"line":41,"column":4},"end":{"line":41,"column":null}},"20":{"start":{"line":41,"column":34},"end":{"line":41,"column":null}},"21":{"start":{"line":43,"column":16},"end":{"line":43,"column":52}},"22":{"start":{"line":44,"column":8},"end":{"line":44,"column":null}},"23":{"start":{"line":45,"column":8},"end":{"line":45,"column":null}},"24":{"start":{"line":47,"column":4},"end":{"line":49,"column":null}},"25":{"start":{"line":48,"column":8},"end":{"line":48,"column":null}},"26":{"start":{"line":49,"column":8},"end":{"line":49,"column":null}},"27":{"start":{"line":52,"column":15},"end":{"line":52,"column":null}},"28":{"start":{"line":53,"column":15},"end":{"line":53,"column":null}},"29":{"start":{"line":54,"column":15},"end":{"line":54,"column":29}},"30":{"start":{"line":55,"column":15},"end":{"line":55,"column":29}},"31":{"start":{"line":56,"column":15},"end":{"line":56,"column":40}},"32":{"start":{"line":57,"column":15},"end":{"line":57,"column":40}},"33":{"start":{"line":58,"column":15},"end":{"line":58,"column":null}},"34":{"start":{"line":59,"column":15},"end":{"line":59,"column":null}},"35":{"start":{"line":61,"column":10},"end":{"line":66,"column":null}},"36":{"start":{"line":62,"column":14},"end":{"line":62,"column":null}},"37":{"start":{"line":63,"column":18},"end":{"line":63,"column":null}},"38":{"start":{"line":64,"column":18},"end":{"line":64,"column":null}},"39":{"start":{"line":65,"column":18},"end":{"line":65,"column":null}},"40":{"start":{"line":66,"column":8},"end":{"line":66,"column":null}},"41":{"start":{"line":69,"column":16},"end":{"line":69,"column":28}},"42":{"start":{"line":70,"column":16},"end":{"line":70,"column":28}},"43":{"start":{"line":71,"column":16},"end":{"line":71,"column":28}},"44":{"start":{"line":72,"column":16},"end":{"line":72,"column":28}},"45":{"start":{"line":74,"column":4},"end":{"line":74,"column":null}},"46":{"start":{"line":107,"column":4},"end":{"line":107,"column":null}},"47":{"start":{"line":107,"column":39},"end":{"line":107,"column":null}},"48":{"start":{"line":108,"column":4},"end":{"line":108,"column":null}},"49":{"start":{"line":108,"column":22},"end":{"line":108,"column":null}},"50":{"start":{"line":109,"column":4},"end":{"line":109,"column":null}},"51":{"start":{"line":109,"column":22},"end":{"line":109,"column":null}},"52":{"start":{"line":110,"column":4},"end":{"line":110,"column":null}},"53":{"start":{"line":110,"column":22},"end":{"line":110,"column":null}},"54":{"start":{"line":111,"column":4},"end":{"line":111,"column":null}},"55":{"start":{"line":111,"column":22},"end":{"line":111,"column":null}},"56":{"start":{"line":112,"column":4},"end":{"line":112,"column":null}},"57":{"start":{"line":112,"column":22},"end":{"line":112,"column":null}},"58":{"start":{"line":113,"column":4},"end":{"line":113,"column":null}},"59":{"start":{"line":113,"column":22},"end":{"line":113,"column":null}},"60":{"start":{"line":114,"column":4},"end":{"line":114,"column":null}},"61":{"start":{"line":122,"column":4},"end":{"line":122,"column":null}},"62":{"start":{"line":122,"column":24},"end":{"line":122,"column":null}},"63":{"start":{"line":123,"column":10},"end":{"line":123,"column":63}},"64":{"start":{"line":124,"column":18},"end":{"line":124,"column":null}},"65":{"start":{"line":126,"column":31},"end":{"line":126,"column":null}},"66":{"start":{"line":127,"column":36},"end":{"line":127,"column":null}},"67":{"start":{"line":128,"column":64},"end":{"line":128,"column":66}},"68":{"start":{"line":131,"column":4},"end":{"line":148,"column":null}},"69":{"start":{"line":131,"column":17},"end":{"line":131,"column":20}},"70":{"start":{"line":132,"column":21},"end":{"line":132,"column":44}},"71":{"start":{"line":133,"column":8},"end":{"line":133,"column":null}},"72":{"start":{"line":134,"column":23},"end":{"line":134,"column":66}},"73":{"start":{"line":135,"column":29},"end":{"line":135,"column":134}},"74":{"start":{"line":137,"column":25},"end":{"line":137,"column":75}},"75":{"start":{"line":138,"column":24},"end":{"line":138,"column":null}},"76":{"start":{"line":140,"column":8},"end":{"line":142,"column":null}},"77":{"start":{"line":141,"column":12},"end":{"line":141,"column":null}},"78":{"start":{"line":142,"column":12},"end":{"line":142,"column":null}},"79":{"start":{"line":142,"column":39},"end":{"line":142,"column":null}},"80":{"start":{"line":145,"column":8},"end":{"line":148,"column":null}},"81":{"start":{"line":152,"column":21},"end":{"line":152,"column":44}},"82":{"start":{"line":153,"column":4},"end":{"line":153,"column":null}},"83":{"start":{"line":154,"column":18},"end":{"line":154,"column":62}},"84":{"start":{"line":156,"column":10},"end":{"line":156,"column":null}},"85":{"start":{"line":156,"column":51},"end":{"line":156,"column":null}},"86":{"start":{"line":158,"column":22},"end":{"line":158,"column":48}},"87":{"start":{"line":159,"column":22},"end":{"line":159,"column":47}},"88":{"start":{"line":160,"column":22},"end":{"line":160,"column":50}},"89":{"start":{"line":163,"column":35},"end":{"line":163,"column":61}},"90":{"start":{"line":164,"column":35},"end":{"line":164,"column":67}},"91":{"start":{"line":166,"column":35},"end":{"line":166,"column":64}},"92":{"start":{"line":167,"column":35},"end":{"line":167,"column":60}},"93":{"start":{"line":170,"column":8},"end":{"line":172,"column":null}},"94":{"start":{"line":175,"column":19},"end":{"line":175,"column":71}},"95":{"start":{"line":176,"column":32},"end":{"line":176,"column":null}},"96":{"start":{"line":178,"column":10},"end":{"line":178,"column":null}},"97":{"start":{"line":181,"column":23},"end":{"line":181,"column":60}},"98":{"start":{"line":182,"column":23},"end":{"line":182,"column":null}},"99":{"start":{"line":183,"column":26},"end":{"line":183,"column":53}},"100":{"start":{"line":186,"column":37},"end":{"line":186,"column":39}},"101":{"start":{"line":187,"column":4},"end":{"line":191,"column":null}},"102":{"start":{"line":187,"column":17},"end":{"line":187,"column":20}},"103":{"start":{"line":188,"column":18},"end":{"line":188,"column":41}},"104":{"start":{"line":189,"column":8},"end":{"line":189,"column":null}},"105":{"start":{"line":190,"column":20},"end":{"line":190,"column":60}},"106":{"start":{"line":191,"column":8},"end":{"line":191,"column":null}},"107":{"start":{"line":194,"column":4},"end":{"line":212,"column":null}},"108":{"start":{"line":216,"column":16},"end":{"line":216,"column":106}},"109":{"start":{"line":217,"column":16},"end":{"line":217,"column":44}},"110":{"start":{"line":218,"column":4},"end":{"line":218,"column":null}},"111":{"start":{"line":222,"column":20},"end":{"line":222,"column":null}},"112":{"start":{"line":223,"column":14},"end":{"line":223,"column":33}},"113":{"start":{"line":224,"column":24},"end":{"line":224,"column":null}},"114":{"start":{"line":225,"column":15},"end":{"line":225,"column":null}},"115":{"start":{"line":226,"column":4},"end":{"line":236,"column":null}},"116":{"start":{"line":227,"column":8},"end":{"line":227,"column":null}},"117":{"start":{"line":228,"column":24},"end":{"line":228,"column":57}},"118":{"start":{"line":229,"column":8},"end":{"line":230,"column":null}},"119":{"start":{"line":230,"column":12},"end":{"line":230,"column":null}},"120":{"start":{"line":233,"column":20},"end":{"line":233,"column":null}},"121":{"start":{"line":234,"column":8},"end":{"line":236,"column":null}},"122":{"start":{"line":234,"column":24},"end":{"line":234,"column":null}},"123":{"start":{"line":235,"column":17},"end":{"line":236,"column":null}},"124":{"start":{"line":235,"column":29},"end":{"line":235,"column":null}},"125":{"start":{"line":236,"column":13},"end":{"line":236,"column":null}},"126":{"start":{"line":238,"column":4},"end":{"line":238,"column":null}}},"fnMap":{"0":{"name":"resetAnalysisCache","decl":{"start":{"line":10,"column":16},"end":{"line":10,"column":43}},"loc":{"start":{"line":10,"column":43},"end":{"line":11,"column":null}},"line":10},"1":{"name":"getAltitudeAt","decl":{"start":{"line":14,"column":16},"end":{"line":14,"column":30}},"loc":{"start":{"line":14,"column":92},"end":{"line":74,"column":null}},"line":14},"2":{"name":"(anonymous_2)","decl":{"start":{"line":61,"column":10},"end":{"line":61,"column":18}},"loc":{"start":{"line":61,"column":43},"end":{"line":66,"column":null}},"line":61},"3":{"name":"getMoonPhaseName","decl":{"start":{"line":106,"column":16},"end":{"line":106,"column":33}},"loc":{"start":{"line":106,"column":56},"end":{"line":114,"column":null}},"line":106},"4":{"name":"runSolarProbe","decl":{"start":{"line":121,"column":16},"end":{"line":121,"column":30}},"loc":{"start":{"line":121,"column":108},"end":{"line":212,"column":null}},"line":121},"5":{"name":"(anonymous_5)","decl":{"start":{"line":156,"column":10},"end":{"line":156,"column":25}},"loc":{"start":{"line":156,"column":51},"end":{"line":156,"column":null}},"line":156},"6":{"name":"isAtShadow","decl":{"start":{"line":215,"column":16},"end":{"line":215,"column":27}},"loc":{"start":{"line":215,"column":109},"end":{"line":218,"column":null}},"line":215},"7":{"name":"findTerrainIntersection","decl":{"start":{"line":221,"column":16},"end":{"line":221,"column":40}},"loc":{"start":{"line":221,"column":78},"end":{"line":238,"column":null}},"line":221}},"branchMap":{"0":{"loc":{"start":{"line":14,"column":62},"end":{"line":14,"column":92}},"type":"default-arg","locations":[{"start":{"line":14,"column":78},"end":{"line":14,"column":92}}],"line":14},"1":{"loc":{"start":{"line":18,"column":4},"end":{"line":37,"column":null}},"type":"if","locations":[{"start":{"line":18,"column":4},"end":{"line":37,"column":null}},{"start":{},"end":{}}],"line":18},"2":{"loc":{"start":{"line":19,"column":8},"end":{"line":37,"column":null}},"type":"if","locations":[{"start":{"line":19,"column":8},"end":{"line":37,"column":null}},{"start":{"line":21,"column":15},"end":{"line":37,"column":null}}],"line":19},"3":{"loc":{"start":{"line":19,"column":12},"end":{"line":19,"column":131}},"type":"binary-expr","locations":[{"start":{"line":19,"column":12},"end":{"line":19,"column":28}},{"start":{"line":19,"column":28},"end":{"line":19,"column":64}},{"start":{"line":19,"column":64},"end":{"line":19,"column":87}},{"start":{"line":19,"column":87},"end":{"line":19,"column":131}}],"line":19},"4":{"loc":{"start":{"line":25,"column":16},"end":{"line":26,"column":null}},"type":"if","locations":[{"start":{"line":25,"column":16},"end":{"line":26,"column":null}},{"start":{},"end":{}}],"line":25},"5":{"loc":{"start":{"line":25,"column":20},"end":{"line":25,"column":90}},"type":"binary-expr","locations":[{"start":{"line":25,"column":20},"end":{"line":25,"column":45}},{"start":{"line":25,"column":45},"end":{"line":25,"column":57}},{"start":{"line":25,"column":57},"end":{"line":25,"column":90}}],"line":25},"6":{"loc":{"start":{"line":26,"column":20},"end":{"line":26,"column":null}},"type":"if","locations":[{"start":{"line":26,"column":20},"end":{"line":26,"column":null}},{"start":{},"end":{}}],"line":26},"7":{"loc":{"start":{"line":26,"column":24},"end":{"line":26,"column":53}},"type":"binary-expr","locations":[{"start":{"line":26,"column":24},"end":{"line":26,"column":33}},{"start":{"line":26,"column":33},"end":{"line":26,"column":53}}],"line":26},"8":{"loc":{"start":{"line":30,"column":12},"end":{"line":33,"column":null}},"type":"if","locations":[{"start":{"line":30,"column":12},"end":{"line":33,"column":null}},{"start":{},"end":{}}],"line":30},"9":{"loc":{"start":{"line":32,"column":20},"end":{"line":33,"column":null}},"type":"if","locations":[{"start":{"line":32,"column":20},"end":{"line":33,"column":null}},{"start":{},"end":{}}],"line":32},"10":{"loc":{"start":{"line":32,"column":24},"end":{"line":32,"column":94}},"type":"binary-expr","locations":[{"start":{"line":32,"column":24},"end":{"line":32,"column":49}},{"start":{"line":32,"column":49},"end":{"line":32,"column":61}},{"start":{"line":32,"column":61},"end":{"line":32,"column":94}}],"line":32},"11":{"loc":{"start":{"line":33,"column":24},"end":{"line":33,"column":null}},"type":"if","locations":[{"start":{"line":33,"column":24},"end":{"line":33,"column":null}},{"start":{},"end":{}}],"line":33},"12":{"loc":{"start":{"line":33,"column":28},"end":{"line":33,"column":57}},"type":"binary-expr","locations":[{"start":{"line":33,"column":28},"end":{"line":33,"column":37}},{"start":{"line":33,"column":37},"end":{"line":33,"column":57}}],"line":33},"13":{"loc":{"start":{"line":37,"column":12},"end":{"line":37,"column":null}},"type":"if","locations":[{"start":{"line":37,"column":12},"end":{"line":37,"column":null}},{"start":{},"end":{}}],"line":37},"14":{"loc":{"start":{"line":41,"column":4},"end":{"line":41,"column":null}},"type":"if","locations":[{"start":{"line":41,"column":4},"end":{"line":41,"column":null}},{"start":{},"end":{}}],"line":41},"15":{"loc":{"start":{"line":41,"column":8},"end":{"line":41,"column":34}},"type":"binary-expr","locations":[{"start":{"line":41,"column":8},"end":{"line":41,"column":17}},{"start":{"line":41,"column":17},"end":{"line":41,"column":34}}],"line":41},"16":{"loc":{"start":{"line":47,"column":4},"end":{"line":49,"column":null}},"type":"if","locations":[{"start":{"line":47,"column":4},"end":{"line":49,"column":null}},{"start":{},"end":{}}],"line":47},"17":{"loc":{"start":{"line":107,"column":4},"end":{"line":107,"column":null}},"type":"if","locations":[{"start":{"line":107,"column":4},"end":{"line":107,"column":null}},{"start":{},"end":{}}],"line":107},"18":{"loc":{"start":{"line":107,"column":8},"end":{"line":107,"column":39}},"type":"binary-expr","locations":[{"start":{"line":107,"column":8},"end":{"line":107,"column":24}},{"start":{"line":107,"column":24},"end":{"line":107,"column":39}}],"line":107},"19":{"loc":{"start":{"line":108,"column":4},"end":{"line":108,"column":null}},"type":"if","locations":[{"start":{"line":108,"column":4},"end":{"line":108,"column":null}},{"start":{},"end":{}}],"line":108},"20":{"loc":{"start":{"line":109,"column":4},"end":{"line":109,"column":null}},"type":"if","locations":[{"start":{"line":109,"column":4},"end":{"line":109,"column":null}},{"start":{},"end":{}}],"line":109},"21":{"loc":{"start":{"line":110,"column":4},"end":{"line":110,"column":null}},"type":"if","locations":[{"start":{"line":110,"column":4},"end":{"line":110,"column":null}},{"start":{},"end":{}}],"line":110},"22":{"loc":{"start":{"line":111,"column":4},"end":{"line":111,"column":null}},"type":"if","locations":[{"start":{"line":111,"column":4},"end":{"line":111,"column":null}},{"start":{},"end":{}}],"line":111},"23":{"loc":{"start":{"line":112,"column":4},"end":{"line":112,"column":null}},"type":"if","locations":[{"start":{"line":112,"column":4},"end":{"line":112,"column":null}},{"start":{},"end":{}}],"line":112},"24":{"loc":{"start":{"line":113,"column":4},"end":{"line":113,"column":null}},"type":"if","locations":[{"start":{"line":113,"column":4},"end":{"line":113,"column":null}},{"start":{},"end":{}}],"line":113},"25":{"loc":{"start":{"line":122,"column":4},"end":{"line":122,"column":null}},"type":"if","locations":[{"start":{"line":122,"column":4},"end":{"line":122,"column":null}},{"start":{},"end":{}}],"line":122},"26":{"loc":{"start":{"line":138,"column":24},"end":{"line":138,"column":null}},"type":"binary-expr","locations":[{"start":{"line":138,"column":24},"end":{"line":138,"column":48}},{"start":{"line":138,"column":48},"end":{"line":138,"column":null}}],"line":138},"27":{"loc":{"start":{"line":140,"column":8},"end":{"line":142,"column":null}},"type":"if","locations":[{"start":{"line":140,"column":8},"end":{"line":142,"column":null}},{"start":{},"end":{}}],"line":140},"28":{"loc":{"start":{"line":142,"column":12},"end":{"line":142,"column":null}},"type":"if","locations":[{"start":{"line":142,"column":12},"end":{"line":142,"column":null}},{"start":{},"end":{}}],"line":142},"29":{"loc":{"start":{"line":156,"column":51},"end":{"line":156,"column":null}},"type":"cond-expr","locations":[{"start":{"line":156,"column":78},"end":{"line":156,"column":82}},{"start":{"line":156,"column":82},"end":{"line":156,"column":null}}],"line":156},"30":{"loc":{"start":{"line":156,"column":51},"end":{"line":156,"column":75}},"type":"binary-expr","locations":[{"start":{"line":156,"column":51},"end":{"line":156,"column":56}},{"start":{"line":156,"column":56},"end":{"line":156,"column":75}}],"line":156},"31":{"loc":{"start":{"line":170,"column":8},"end":{"line":172,"column":null}},"type":"cond-expr","locations":[{"start":{"line":171,"column":14},"end":{"line":171,"column":72}},{"start":{"line":172,"column":14},"end":{"line":172,"column":null}}],"line":170},"32":{"loc":{"start":{"line":170,"column":8},"end":{"line":170,"column":null}},"type":"binary-expr","locations":[{"start":{"line":170,"column":8},"end":{"line":170,"column":19}},{"start":{"line":170,"column":19},"end":{"line":170,"column":null}}],"line":170},"33":{"loc":{"start":{"line":229,"column":8},"end":{"line":230,"column":null}},"type":"if","locations":[{"start":{"line":229,"column":8},"end":{"line":230,"column":null}},{"start":{},"end":{}}],"line":229},"34":{"loc":{"start":{"line":230,"column":34},"end":{"line":230,"column":58}},"type":"cond-expr","locations":[{"start":{"line":230,"column":48},"end":{"line":230,"column":53}},{"start":{"line":230,"column":53},"end":{"line":230,"column":58}}],"line":230},"35":{"loc":{"start":{"line":234,"column":8},"end":{"line":236,"column":null}},"type":"if","locations":[{"start":{"line":234,"column":8},"end":{"line":236,"column":null}},{"start":{"line":235,"column":17},"end":{"line":236,"column":null}}],"line":234},"36":{"loc":{"start":{"line":235,"column":17},"end":{"line":236,"column":null}},"type":"if","locations":[{"start":{"line":235,"column":17},"end":{"line":236,"column":null}},{"start":{"line":236,"column":13},"end":{"line":236,"column":null}}],"line":235}},"s":{"0":11,"1":0,"2":402494,"3":402494,"4":402494,"5":402494,"6":0,"7":402494,"8":402494,"9":1,"10":0,"11":0,"12":402494,"13":402494,"14":77,"15":0,"16":0,"17":402494,"18":0,"19":402494,"20":402494,"21":0,"22":0,"23":0,"24":0,"25":0,"26":0,"27":0,"28":0,"29":0,"30":0,"31":0,"32":0,"33":0,"34":0,"35":0,"36":0,"37":0,"38":0,"39":0,"40":0,"41":0,"42":0,"43":0,"44":0,"45":0,"46":16,"47":2,"48":14,"49":14,"50":14,"51":14,"52":13,"53":13,"54":13,"55":13,"56":0,"57":0,"58":0,"59":0,"60":0,"61":12,"62":0,"63":12,"64":12,"65":12,"66":12,"67":12,"68":12,"69":12,"70":576,"71":576,"72":576,"73":576,"74":576,"75":576,"76":576,"77":372,"78":372,"79":12,"80":576,"81":12,"82":12,"83":12,"84":12,"85":84,"86":12,"87":12,"88":12,"89":12,"90":12,"91":12,"92":12,"93":12,"94":12,"95":12,"96":12,"97":12,"98":12,"99":12,"100":12,"101":12,"102":12,"103":1728,"104":1728,"105":1728,"106":1728,"107":12,"108":576,"109":576,"110":576,"111":576,"112":576,"113":576,"114":576,"115":576,"116":402276,"117":402276,"118":402276,"119":204,"120":402072,"121":402072,"122":360444,"123":41628,"124":25944,"125":15684,"126":372},"f":{"0":0,"1":402494,"2":0,"3":16,"4":12,"5":84,"6":576,"7":576},"b":{"0":[402494],"1":[402494,0],"2":[0,402494],"3":[402494,0,0,0],"4":[0,1],"5":[1,0,0],"6":[0,0],"7":[0,0],"8":[402494,0],"9":[0,77],"10":[77,0,0],"11":[0,0],"12":[0,0],"13":[0,402494],"14":[402494,0],"15":[402494,0],"16":[0,0],"17":[2,14],"18":[16,15],"19":[0,14],"20":[1,13],"21":[0,13],"22":[13,0],"23":[0,0],"24":[0,0],"25":[0,12],"26":[576,372],"27":[372,204],"28":[12,360],"29":[84,0],"30":[84,84],"31":[12,0],"32":[12,12],"33":[204,402072],"34":[204,0],"35":[360444,41628],"36":[25944,15684]},"meta":{"lastBranch":37,"lastFunction":8,"lastStatement":127,"seen":{"s:8:24:8:Infinity":0,"f:10:16:10:43":0,"s:11:4:11:Infinity":1,"f:14:16:14:30":1,"b:14:78:14:92":0,"s:15:22:15:58":2,"s:16:15:16:Infinity":3,"b:18:4:37:Infinity:undefined:undefined:undefined:undefined":1,"s:18:4:37:Infinity":4,"b:19:8:37:Infinity:21:15:37:Infinity":2,"s:19:8:37:Infinity":5,"b:19:12:19:28:19:28:19:64:19:64:19:87:19:87:19:131":3,"s:20:12:20:Infinity":6,"s:23:18:23:57":7,"s:24:12:26:Infinity":8,"b:25:16:26:Infinity:undefined:undefined:undefined:undefined":4,"s:25:16:26:Infinity":9,"b:25:20:25:45:25:45:25:57:25:57:25:90":5,"b:26:20:26:Infinity:undefined:undefined:undefined:undefined":6,"s:26:20:26:Infinity":10,"b:26:24:26:33:26:33:26:53":7,"s:26:53:26:Infinity":11,"b:30:12:33:Infinity:undefined:undefined:undefined:undefined":8,"s:30:12:33:Infinity":12,"s:31:16:33:Infinity":13,"b:32:20:33:Infinity:undefined:undefined:undefined:undefined":9,"s:32:20:33:Infinity":14,"b:32:24:32:49:32:49:32:61:32:61:32:94":10,"b:33:24:33:Infinity:undefined:undefined:undefined:undefined":11,"s:33:24:33:Infinity":15,"b:33:28:33:37:33:37:33:57":12,"s:33:57:33:Infinity":16,"b:37:12:37:Infinity:undefined:undefined:undefined:undefined":13,"s:37:12:37:Infinity":17,"s:37:22:37:Infinity":18,"b:41:4:41:Infinity:undefined:undefined:undefined:undefined":14,"s:41:4:41:Infinity":19,"b:41:8:41:17:41:17:41:34":15,"s:41:34:41:Infinity":20,"s:43:16:43:52":21,"s:44:8:44:Infinity":22,"s:45:8:45:Infinity":23,"b:47:4:49:Infinity:undefined:undefined:undefined:undefined":16,"s:47:4:49:Infinity":24,"s:48:8:48:Infinity":25,"s:49:8:49:Infinity":26,"s:52:15:52:Infinity":27,"s:53:15:53:Infinity":28,"s:54:15:54:29":29,"s:55:15:55:29":30,"s:56:15:56:40":31,"s:57:15:57:40":32,"s:58:15:58:Infinity":33,"s:59:15:59:Infinity":34,"s:61:10:66:Infinity":35,"f:61:10:61:18":2,"s:62:14:62:Infinity":36,"s:63:18:63:Infinity":37,"s:64:18:64:Infinity":38,"s:65:18:65:Infinity":39,"s:66:8:66:Infinity":40,"s:69:16:69:28":41,"s:70:16:70:28":42,"s:71:16:71:28":43,"s:72:16:72:28":44,"s:74:4:74:Infinity":45,"f:106:16:106:33":3,"b:107:4:107:Infinity:undefined:undefined:undefined:undefined":17,"s:107:4:107:Infinity":46,"b:107:8:107:24:107:24:107:39":18,"s:107:39:107:Infinity":47,"b:108:4:108:Infinity:undefined:undefined:undefined:undefined":19,"s:108:4:108:Infinity":48,"s:108:22:108:Infinity":49,"b:109:4:109:Infinity:undefined:undefined:undefined:undefined":20,"s:109:4:109:Infinity":50,"s:109:22:109:Infinity":51,"b:110:4:110:Infinity:undefined:undefined:undefined:undefined":21,"s:110:4:110:Infinity":52,"s:110:22:110:Infinity":53,"b:111:4:111:Infinity:undefined:undefined:undefined:undefined":22,"s:111:4:111:Infinity":54,"s:111:22:111:Infinity":55,"b:112:4:112:Infinity:undefined:undefined:undefined:undefined":23,"s:112:4:112:Infinity":56,"s:112:22:112:Infinity":57,"b:113:4:113:Infinity:undefined:undefined:undefined:undefined":24,"s:113:4:113:Infinity":58,"s:113:22:113:Infinity":59,"s:114:4:114:Infinity":60,"f:121:16:121:30":4,"b:122:4:122:Infinity:undefined:undefined:undefined:undefined":25,"s:122:4:122:Infinity":61,"s:122:24:122:Infinity":62,"s:123:10:123:63":63,"s:124:18:124:Infinity":64,"s:126:31:126:Infinity":65,"s:127:36:127:Infinity":66,"s:128:64:128:66":67,"s:131:4:148:Infinity":68,"s:131:17:131:20":69,"s:132:21:132:44":70,"s:133:8:133:Infinity":71,"s:134:23:134:66":72,"s:135:29:135:134":73,"s:137:25:137:75":74,"s:138:24:138:Infinity":75,"b:138:24:138:48:138:48:138:Infinity":26,"b:140:8:142:Infinity:undefined:undefined:undefined:undefined":27,"s:140:8:142:Infinity":76,"s:141:12:141:Infinity":77,"b:142:12:142:Infinity:undefined:undefined:undefined:undefined":28,"s:142:12:142:Infinity":78,"s:142:39:142:Infinity":79,"s:145:8:148:Infinity":80,"s:152:21:152:44":81,"s:153:4:153:Infinity":82,"s:154:18:154:62":83,"s:156:10:156:Infinity":84,"f:156:10:156:25":5,"s:156:51:156:Infinity":85,"b:156:78:156:82:156:82:156:Infinity":29,"b:156:51:156:56:156:56:156:75":30,"s:158:22:158:48":86,"s:159:22:159:47":87,"s:160:22:160:50":88,"s:163:35:163:61":89,"s:164:35:164:67":90,"s:166:35:166:64":91,"s:167:35:167:60":92,"s:170:8:172:Infinity":93,"b:171:14:171:72:172:14:172:Infinity":31,"b:170:8:170:19:170:19:170:Infinity":32,"s:175:19:175:71":94,"s:176:32:176:Infinity":95,"s:178:10:178:Infinity":96,"s:181:23:181:60":97,"s:182:23:182:Infinity":98,"s:183:26:183:53":99,"s:186:37:186:39":100,"s:187:4:191:Infinity":101,"s:187:17:187:20":102,"s:188:18:188:41":103,"s:189:8:189:Infinity":104,"s:190:20:190:60":105,"s:191:8:191:Infinity":106,"s:194:4:212:Infinity":107,"f:215:16:215:27":6,"s:216:16:216:106":108,"s:217:16:217:44":109,"s:218:4:218:Infinity":110,"f:221:16:221:40":7,"s:222:20:222:Infinity":111,"s:223:14:223:33":112,"s:224:24:224:Infinity":113,"s:225:15:225:Infinity":114,"s:226:4:236:Infinity":115,"s:227:8:227:Infinity":116,"s:228:24:228:57":117,"b:229:8:230:Infinity:undefined:undefined:undefined:undefined":33,"s:229:8:230:Infinity":118,"s:230:12:230:Infinity":119,"b:230:48:230:53:230:53:230:58":34,"s:233:20:233:Infinity":120,"b:234:8:236:Infinity:235:17:236:Infinity":35,"s:234:8:236:Infinity":121,"s:234:24:234:Infinity":122,"b:235:17:236:Infinity:236:13:236:Infinity":36,"s:235:17:236:Infinity":123,"s:235:29:235:Infinity":124,"s:236:13:236:Infinity":125,"s:238:4:238:Infinity":126}}}
,"D:\\Python\\suntrail_threejs\\src\\modules\\boundedCache.ts": {"path":"D:\\Python\\suntrail_threejs\\src\\modules\\boundedCache.ts","statementMap":{"0":{"start":{"line":6,"column":25},"end":{"line":6,"column":null}},"1":{"start":{"line":13,"column":4},"end":{"line":13,"column":null}},"2":{"start":{"line":14,"column":4},"end":{"line":16,"column":null}},"3":{"start":{"line":15,"column":23},"end":{"line":15,"column":null}},"4":{"start":{"line":16,"column":8},"end":{"line":16,"column":null}},"5":{"start":{"line":16,"column":34},"end":{"line":16,"column":null}}},"fnMap":{"0":{"name":"boundedCacheSet","decl":{"start":{"line":12,"column":16},"end":{"line":12,"column":38}},"loc":{"start":{"line":12,"column":114},"end":{"line":16,"column":null}},"line":12}},"branchMap":{"0":{"loc":{"start":{"line":12,"column":72},"end":{"line":12,"column":114}},"type":"default-arg","locations":[{"start":{"line":12,"column":90},"end":{"line":12,"column":114}}],"line":12},"1":{"loc":{"start":{"line":14,"column":4},"end":{"line":16,"column":null}},"type":"if","locations":[{"start":{"line":14,"column":4},"end":{"line":16,"column":null}},{"start":{},"end":{}}],"line":14},"2":{"loc":{"start":{"line":16,"column":8},"end":{"line":16,"column":null}},"type":"if","locations":[{"start":{"line":16,"column":8},"end":{"line":16,"column":null}},{"start":{},"end":{}}],"line":16}},"s":{"0":12,"1":17,"2":17,"3":6,"4":6,"5":6},"f":{"0":17},"b":{"0":[17],"1":[6,11],"2":[6,0]},"meta":{"lastBranch":3,"lastFunction":1,"lastStatement":6,"seen":{"s:6:25:6:Infinity":0,"f:12:16:12:38":0,"b:12:90:12:114":0,"s:13:4:13:Infinity":1,"b:14:4:16:Infinity:undefined:undefined:undefined:undefined":1,"s:14:4:16:Infinity":2,"s:15:23:15:Infinity":3,"b:16:8:16:Infinity:undefined:undefined:undefined:undefined":2,"s:16:8:16:Infinity":4,"s:16:34:16:Infinity":5}}}
,"D:\\Python\\suntrail_threejs\\src\\modules\\buildings.ts": {"path":"D:\\Python\\suntrail_threejs\\src\\modules\\buildings.ts","statementMap":{"0":{"start":{"line":11,"column":28},"end":{"line":11,"column":52}},"1":{"start":{"line":12,"column":30},"end":{"line":12,"column":70}},"2":{"start":{"line":13,"column":28},"end":{"line":13,"column":53}},"3":{"start":{"line":14,"column":26},"end":{"line":14,"column":null}},"4":{"start":{"line":15,"column":19},"end":{"line":15,"column":null}},"5":{"start":{"line":18,"column":30},"end":{"line":18,"column":54}},"6":{"start":{"line":19,"column":30},"end":{"line":19,"column":70}},"7":{"start":{"line":22,"column":64},"end":{"line":22,"column":null}},"8":{"start":{"line":23,"column":64},"end":{"line":23,"column":null}},"9":{"start":{"line":26,"column":4},"end":{"line":30,"column":null}},"10":{"start":{"line":27,"column":8},"end":{"line":28,"column":null}},"11":{"start":{"line":28,"column":12},"end":{"line":28,"column":null}},"12":{"start":{"line":30,"column":8},"end":{"line":30,"column":null}},"13":{"start":{"line":32,"column":4},"end":{"line":33,"column":null}},"14":{"start":{"line":33,"column":8},"end":{"line":33,"column":null}},"15":{"start":{"line":35,"column":4},"end":{"line":35,"column":null}},"16":{"start":{"line":39,"column":4},"end":{"line":39,"column":null}},"17":{"start":{"line":39,"column":134},"end":{"line":39,"column":null}},"18":{"start":{"line":40,"column":4},"end":{"line":40,"column":null}},"19":{"start":{"line":40,"column":27},"end":{"line":40,"column":null}},"20":{"start":{"line":45,"column":25},"end":{"line":45,"column":null}},"21":{"start":{"line":46,"column":4},"end":{"line":53,"column":null}},"22":{"start":{"line":47,"column":19},"end":{"line":47,"column":null}},"23":{"start":{"line":48,"column":19},"end":{"line":48,"column":null}},"24":{"start":{"line":49,"column":21},"end":{"line":49,"column":49}},"25":{"start":{"line":50,"column":24},"end":{"line":50,"column":null}},"26":{"start":{"line":51,"column":8},"end":{"line":51,"column":null}},"27":{"start":{"line":51,"column":28},"end":{"line":51,"column":null}},"28":{"start":{"line":53,"column":8},"end":{"line":53,"column":null}},"29":{"start":{"line":57,"column":4},"end":{"line":69,"column":null}},"30":{"start":{"line":58,"column":8},"end":{"line":69,"column":null}},"31":{"start":{"line":59,"column":38},"end":{"line":59,"column":72}},"32":{"start":{"line":60,"column":12},"end":{"line":66,"column":null}},"33":{"start":{"line":61,"column":16},"end":{"line":61,"column":null}},"34":{"start":{"line":66,"column":16},"end":{"line":66,"column":null}},"35":{"start":{"line":66,"column":39},"end":{"line":66,"column":null}},"36":{"start":{"line":69,"column":12},"end":{"line":69,"column":null}},"37":{"start":{"line":74,"column":18},"end":{"line":74,"column":null}},"38":{"start":{"line":75,"column":18},"end":{"line":75,"column":48}},"39":{"start":{"line":76,"column":15},"end":{"line":76,"column":42}},"40":{"start":{"line":77,"column":15},"end":{"line":77,"column":42}},"41":{"start":{"line":78,"column":20},"end":{"line":78,"column":null}},"42":{"start":{"line":80,"column":21},"end":{"line":80,"column":53}},"43":{"start":{"line":81,"column":4},"end":{"line":81,"column":null}},"44":{"start":{"line":81,"column":43},"end":{"line":81,"column":null}},"45":{"start":{"line":83,"column":46},"end":{"line":83,"column":78}},"46":{"start":{"line":85,"column":4},"end":{"line":104,"column":null}},"47":{"start":{"line":86,"column":22},"end":{"line":86,"column":56}},"48":{"start":{"line":87,"column":8},"end":{"line":89,"column":null}},"49":{"start":{"line":88,"column":12},"end":{"line":88,"column":null}},"50":{"start":{"line":89,"column":12},"end":{"line":89,"column":null}},"51":{"start":{"line":91,"column":8},"end":{"line":91,"column":null}},"52":{"start":{"line":92,"column":8},"end":{"line":102,"column":null}},"53":{"start":{"line":93,"column":12},"end":{"line":93,"column":null}},"54":{"start":{"line":96,"column":12},"end":{"line":99,"column":null}},"55":{"start":{"line":97,"column":28},"end":{"line":97,"column":38}},"56":{"start":{"line":98,"column":16},"end":{"line":99,"column":null}},"57":{"start":{"line":99,"column":20},"end":{"line":99,"column":null}},"58":{"start":{"line":99,"column":34},"end":{"line":99,"column":null}},"59":{"start":{"line":102,"column":12},"end":{"line":102,"column":null}},"60":{"start":{"line":104,"column":8},"end":{"line":104,"column":null}},"61":{"start":{"line":107,"column":4},"end":{"line":107,"column":null}},"62":{"start":{"line":107,"column":88},"end":{"line":107,"column":null}},"63":{"start":{"line":109,"column":19},"end":{"line":109,"column":35}},"64":{"start":{"line":110,"column":26},"end":{"line":119,"column":null}},"65":{"start":{"line":111,"column":8},"end":{"line":111,"column":null}},"66":{"start":{"line":111,"column":54},"end":{"line":111,"column":null}},"67":{"start":{"line":114,"column":21},"end":{"line":114,"column":24}},"68":{"start":{"line":114,"column":33},"end":{"line":114,"column":null}},"69":{"start":{"line":115,"column":8},"end":{"line":115,"column":null}},"70":{"start":{"line":115,"column":39},"end":{"line":115,"column":56}},"71":{"start":{"line":115,"column":56},"end":{"line":115,"column":null}},"72":{"start":{"line":116,"column":21},"end":{"line":116,"column":null}},"73":{"start":{"line":117,"column":21},"end":{"line":117,"column":null}},"74":{"start":{"line":118,"column":8},"end":{"line":118,"column":null}},"75":{"start":{"line":121,"column":4},"end":{"line":122,"column":null}},"76":{"start":{"line":122,"column":8},"end":{"line":122,"column":null}},"77":{"start":{"line":129,"column":24},"end":{"line":129,"column":47}},"78":{"start":{"line":130,"column":18},"end":{"line":130,"column":54}},"79":{"start":{"line":131,"column":16},"end":{"line":131,"column":43}},"80":{"start":{"line":132,"column":16},"end":{"line":132,"column":43}},"81":{"start":{"line":133,"column":21},"end":{"line":133,"column":null}},"82":{"start":{"line":135,"column":19},"end":{"line":135,"column":54}},"83":{"start":{"line":136,"column":4},"end":{"line":136,"column":null}},"84":{"start":{"line":136,"column":16},"end":{"line":136,"column":null}},"85":{"start":{"line":138,"column":18},"end":{"line":138,"column":53}},"86":{"start":{"line":139,"column":4},"end":{"line":166,"column":null}},"87":{"start":{"line":140,"column":8},"end":{"line":165,"column":null}},"88":{"start":{"line":141,"column":24},"end":{"line":141,"column":null}},"89":{"start":{"line":142,"column":12},"end":{"line":163,"column":null}},"90":{"start":{"line":143,"column":33},"end":{"line":143,"column":49}},"91":{"start":{"line":144,"column":16},"end":{"line":147,"column":null}},"92":{"start":{"line":145,"column":20},"end":{"line":145,"column":null}},"93":{"start":{"line":146,"column":20},"end":{"line":146,"column":null}},"94":{"start":{"line":147,"column":20},"end":{"line":147,"column":null}},"95":{"start":{"line":149,"column":16},"end":{"line":149,"column":null}},"96":{"start":{"line":149,"column":34},"end":{"line":149,"column":null}},"97":{"start":{"line":151,"column":31},"end":{"line":151,"column":59}},"98":{"start":{"line":152,"column":27},"end":{"line":152,"column":58}},"99":{"start":{"line":153,"column":30},"end":{"line":153,"column":null}},"100":{"start":{"line":154,"column":16},"end":{"line":154,"column":null}},"101":{"start":{"line":154,"column":28},"end":{"line":154,"column":null}},"102":{"start":{"line":156,"column":33},"end":{"line":156,"column":35}},"103":{"start":{"line":157,"column":16},"end":{"line":159,"column":null}},"104":{"start":{"line":157,"column":29},"end":{"line":157,"column":32}},"105":{"start":{"line":158,"column":30},"end":{"line":158,"column":46}},"106":{"start":{"line":159,"column":20},"end":{"line":159,"column":null}},"107":{"start":{"line":161,"column":16},"end":{"line":161,"column":null}},"108":{"start":{"line":163,"column":16},"end":{"line":163,"column":null}},"109":{"start":{"line":166,"column":8},"end":{"line":166,"column":null}},"110":{"start":{"line":169,"column":21},"end":{"line":169,"column":null}},"111":{"start":{"line":170,"column":4},"end":{"line":170,"column":null}},"112":{"start":{"line":171,"column":4},"end":{"line":171,"column":null}},"113":{"start":{"line":171,"column":18},"end":{"line":171,"column":null}},"114":{"start":{"line":172,"column":4},"end":{"line":172,"column":null}},"115":{"start":{"line":176,"column":4},"end":{"line":176,"column":null}},"116":{"start":{"line":176,"column":62},"end":{"line":176,"column":null}},"117":{"start":{"line":178,"column":47},"end":{"line":178,"column":49}},"118":{"start":{"line":179,"column":21},"end":{"line":179,"column":50}},"119":{"start":{"line":180,"column":19},"end":{"line":180,"column":null}},"120":{"start":{"line":182,"column":24},"end":{"line":182,"column":47}},"121":{"start":{"line":183,"column":18},"end":{"line":183,"column":54}},"122":{"start":{"line":184,"column":21},"end":{"line":184,"column":null}},"123":{"start":{"line":185,"column":21},"end":{"line":185,"column":null}},"124":{"start":{"line":186,"column":22},"end":{"line":186,"column":null}},"125":{"start":{"line":188,"column":4},"end":{"line":227,"column":null}},"126":{"start":{"line":189,"column":8},"end":{"line":225,"column":null}},"127":{"start":{"line":190,"column":25},"end":{"line":190,"column":null}},"128":{"start":{"line":193,"column":23},"end":{"line":193,"column":26}},"129":{"start":{"line":193,"column":33},"end":{"line":193,"column":null}},"130":{"start":{"line":194,"column":12},"end":{"line":194,"column":null}},"131":{"start":{"line":194,"column":36},"end":{"line":194,"column":49}},"132":{"start":{"line":194,"column":49},"end":{"line":194,"column":null}},"133":{"start":{"line":195,"column":23},"end":{"line":195,"column":null}},"134":{"start":{"line":196,"column":23},"end":{"line":196,"column":null}},"135":{"start":{"line":197,"column":12},"end":{"line":198,"column":null}},"136":{"start":{"line":198,"column":16},"end":{"line":198,"column":null}},"137":{"start":{"line":201,"column":44},"end":{"line":201,"column":46}},"138":{"start":{"line":202,"column":12},"end":{"line":206,"column":null}},"139":{"start":{"line":203,"column":22},"end":{"line":203,"column":null}},"140":{"start":{"line":204,"column":22},"end":{"line":204,"column":null}},"141":{"start":{"line":205,"column":16},"end":{"line":205,"column":null}},"142":{"start":{"line":208,"column":12},"end":{"line":225,"column":null}},"143":{"start":{"line":209,"column":30},"end":{"line":209,"column":53}},"144":{"start":{"line":210,"column":22},"end":{"line":210,"column":null}},"145":{"start":{"line":211,"column":22},"end":{"line":211,"column":null}},"146":{"start":{"line":213,"column":29},"end":{"line":216,"column":18}},"147":{"start":{"line":218,"column":22},"end":{"line":218,"column":null}},"148":{"start":{"line":219,"column":22},"end":{"line":219,"column":null}},"149":{"start":{"line":220,"column":22},"end":{"line":220,"column":99}},"150":{"start":{"line":222,"column":16},"end":{"line":222,"column":null}},"151":{"start":{"line":223,"column":16},"end":{"line":223,"column":null}},"152":{"start":{"line":224,"column":16},"end":{"line":224,"column":null}},"153":{"start":{"line":225,"column":26},"end":{"line":225,"column":null}},"154":{"start":{"line":229,"column":4},"end":{"line":229,"column":null}},"155":{"start":{"line":233,"column":4},"end":{"line":247,"column":null}},"156":{"start":{"line":234,"column":8},"end":{"line":247,"column":null}},"157":{"start":{"line":235,"column":27},"end":{"line":235,"column":74}},"158":{"start":{"line":236,"column":25},"end":{"line":236,"column":57}},"159":{"start":{"line":237,"column":12},"end":{"line":237,"column":null}},"160":{"start":{"line":238,"column":12},"end":{"line":238,"column":null}},"161":{"start":{"line":239,"column":12},"end":{"line":239,"column":null}},"162":{"start":{"line":240,"column":12},"end":{"line":240,"column":null}},"163":{"start":{"line":242,"column":12},"end":{"line":242,"column":null}},"164":{"start":{"line":242,"column":35},"end":{"line":242,"column":null}},"165":{"start":{"line":243,"column":12},"end":{"line":243,"column":null}},"166":{"start":{"line":244,"column":12},"end":{"line":244,"column":null}},"167":{"start":{"line":247,"column":12},"end":{"line":247,"column":null}},"168":{"start":{"line":247,"column":36},"end":{"line":247,"column":47}},"169":{"start":{"line":253,"column":4},"end":{"line":257,"column":null}},"170":{"start":{"line":254,"column":22},"end":{"line":254,"column":51}},"171":{"start":{"line":255,"column":23},"end":{"line":255,"column":45}},"172":{"start":{"line":256,"column":8},"end":{"line":256,"column":null}},"173":{"start":{"line":256,"column":20},"end":{"line":256
[...]
257,"column":null}},"133":{"start":{"line":256,"column":16},"end":{"line":256,"column":null}},"134":{"start":{"line":257,"column":16},"end":{"line":257,"column":null}},"135":{"start":{"line":260,"column":8},"end":{"line":260,"column":null}},"136":{"start":{"line":264,"column":8},"end":{"line":266,"column":null}},"137":{"start":{"line":265,"column":12},"end":{"line":265,"column":null}},"138":{"start":{"line":266,"column":12},"end":{"line":266,"column":null}},"139":{"start":{"line":271,"column":28},"end":{"line":271,"column":54}}},"fnMap":{"0":{"name":"(anonymous_0)","decl":{"start":{"line":19,"column":4},"end":{"line":19,"column":12}},"loc":{"start":{"line":19,"column":26},"end":{"line":19,"column":null}},"line":19},"1":{"name":"(anonymous_1)","decl":{"start":{"line":23,"column":4},"end":{"line":23,"column":12}},"loc":{"start":{"line":23,"column":45},"end":{"line":30,"column":null}},"line":23},"2":{"name":"(anonymous_2)","decl":{"start":{"line":27,"column":46},"end":{"line":27,"column":61}},"loc":{"start":{"line":27,"column":61},"end":{"line":27,"column":73}},"line":27},"3":{"name":"(anonymous_3)","decl":{"start":{"line":33,"column":18},"end":{"line":33,"column":46}},"loc":{"start":{"line":33,"column":46},"end":{"line":37,"column":null}},"line":33},"4":{"name":"(anonymous_4)","decl":{"start":{"line":43,"column":4},"end":{"line":43,"column":11}},"loc":{"start":{"line":43,"column":34},"end":{"line":102,"column":null}},"line":43},"5":{"name":"(anonymous_5)","decl":{"start":{"line":102,"column":8},"end":{"line":102,"column":25}},"loc":{"start":{"line":102,"column":25},"end":{"line":102,"column":54}},"line":102},"6":{"name":"(anonymous_6)","decl":{"start":{"line":108,"column":4},"end":{"line":108,"column":11}},"loc":{"start":{"line":108,"column":25},"end":{"line":127,"column":null}},"line":108},"7":{"name":"(anonymous_7)","decl":{"start":{"line":134,"column":4},"end":{"line":134,"column":11}},"loc":{"start":{"line":134,"column":36},"end":{"line":138,"column":null}},"line":134},"8":{"name":"(anonymous_8)","decl":{"start":{"line":145,"column":4},"end":{"line":145,"column":11}},"loc":{"start":{"line":145,"column":45},"end":{"line":146,"column":null}},"line":145},"9":{"name":"(anonymous_9)","decl":{"start":{"line":152,"column":4},"end":{"line":152,"column":12}},"loc":{"start":{"line":152,"column":37},"end":{"line":163,"column":null}},"line":152},"10":{"name":"(anonymous_10)","decl":{"start":{"line":169,"column":4},"end":{"line":169,"column":12}},"loc":{"start":{"line":169,"column":57},"end":{"line":212,"column":null}},"line":169},"11":{"name":"(anonymous_11)","decl":{"start":{"line":177,"column":14},"end":{"line":177,"column":25}},"loc":{"start":{"line":177,"column":51},"end":{"line":182,"column":null}},"line":177},"12":{"name":"(anonymous_12)","decl":{"start":{"line":185,"column":14},"end":{"line":185,"column":24}},"loc":{"start":{"line":185,"column":50},"end":{"line":189,"column":null}},"line":185},"13":{"name":"(anonymous_13)","decl":{"start":{"line":193,"column":14},"end":{"line":193,"column":23}},"loc":{"start":{"line":193,"column":49},"end":{"line":205,"column":null}},"line":193},"14":{"name":"(anonymous_14)","decl":{"start":{"line":217,"column":4},"end":{"line":217,"column":12}},"loc":{"start":{"line":217,"column":48},"end":{"line":239,"column":null}},"line":217},"15":{"name":"(anonymous_15)","decl":{"start":{"line":220,"column":14},"end":{"line":220,"column":null}},"loc":{"start":{"line":221,"column":12},"end":{"line":221,"column":101}},"line":221},"16":{"name":"(anonymous_16)","decl":{"start":{"line":221,"column":64},"end":{"line":221,"column":71}},"loc":{"start":{"line":221,"column":77},"end":{"line":221,"column":100}},"line":221},"17":{"name":"(anonymous_17)","decl":{"start":{"line":223,"column":13},"end":{"line":223,"column":33}},"loc":{"start":{"line":223,"column":54},"end":{"line":232,"column":null}},"line":223},"18":{"name":"(anonymous_18)","decl":{"start":{"line":239,"column":8},"end":{"line":239,"column":26}},"loc":{"start":{"line":239,"column":8},"end":{"line":239,"column":58}},"line":239},"19":{"name":"(anonymous_19)","decl":{"start":{"line":242,"column":4},"end":{"line":242,"column":12}},"loc":{"start":{"line":242,"column":33},"end":{"line":248,"column":null}},"line":242},"20":{"name":"(anonymous_20)","decl":{"start":{"line":253,"column":4},"end":{"line":253,"column":12}},"loc":{"start":{"line":253,"column":40},"end":{"line":260,"column":null}},"line":253},"21":{"name":"(anonymous_21)","decl":{"start":{"line":254,"column":13},"end":{"line":254,"column":30}},"loc":{"start":{"line":254,"column":51},"end":{"line":257,"column":null}},"line":254},"22":{"name":"(anonymous_22)","decl":{"start":{"line":263,"column":4},"end":{"line":263,"column":12}},"loc":{"start":{"line":263,"column":40},"end":{"line":266,"column":null}},"line":263}},"branchMap":{"0":{"loc":{"start":{"line":24,"column":8},"end":{"line":27,"column":null}},"type":"if","locations":[{"start":{"line":24,"column":8},"end":{"line":27,"column":null}},{"start":{},"end":{}}],"line":24},"1":{"loc":{"start":{"line":26,"column":12},"end":{"line":27,"column":null}},"type":"if","locations":[{"start":{"line":26,"column":12},"end":{"line":27,"column":null}},{"start":{},"end":{}}],"line":26},"2":{"loc":{"start":{"line":34,"column":8},"end":{"line":35,"column":null}},"type":"if","locations":[{"start":{"line":34,"column":8},"end":{"line":35,"column":null}},{"start":{},"end":{}}],"line":34},"3":{"loc":{"start":{"line":45,"column":8},"end":{"line":47,"column":null}},"type":"if","locations":[{"start":{"line":45,"column":8},"end":{"line":47,"column":null}},{"start":{},"end":{}}],"line":45},"4":{"loc":{"start":{"line":54,"column":8},"end":{"line":57,"column":null}},"type":"if","locations":[{"start":{"line":54,"column":8},"end":{"line":57,"column":null}},{"start":{},"end":{}}],"line":54},"5":{"loc":{"start":{"line":54,"column":12},"end":{"line":54,"column":61}},"type":"binary-expr","locations":[{"start":{"line":54,"column":12},"end":{"line":54,"column":34}},{"start":{"line":54,"column":34},"end":{"line":54,"column":61}}],"line":54},"6":{"loc":{"start":{"line":66,"column":22},"end":{"line":66,"column":94}},"type":"binary-expr","locations":[{"start":{"line":66,"column":22},"end":{"line":66,"column":57}},{"start":{"line":66,"column":61},"end":{"line":66,"column":94}}],"line":66},"7":{"loc":{"start":{"line":67,"column":8},"end":{"line":71,"column":null}},"type":"if","locations":[{"start":{"line":67,"column":8},"end":{"line":71,"column":null}},{"start":{},"end":{}}],"line":67},"8":{"loc":{"start":{"line":68,"column":12},"end":{"line":69,"column":null}},"type":"if","locations":[{"start":{"line":68,"column":12},"end":{"line":69,"column":null}},{"start":{},"end":{}}],"line":68},"9":{"loc":{"start":{"line":82,"column":8},"end":{"line":83,"column":null}},"type":"if","locations":[{"start":{"line":82,"column":8},"end":{"line":83,"column":null}},{"start":{},"end":{}}],"line":82},"10":{"loc":{"start":{"line":88,"column":8},"end":{"line":89,"column":null}},"type":"if","locations":[{"start":{"line":88,"column":8},"end":{"line":89,"column":null}},{"start":{},"end":{}}],"line":88},"11":{"loc":{"start":{"line":109,"column":8},"end":{"line":127,"column":null}},"type":"if","locations":[{"start":{"line":109,"column":8},"end":{"line":127,"column":null}},{"start":{},"end":{}}],"line":109},"12":{"loc":{"start":{"line":122,"column":12},"end":{"line":123,"column":null}},"type":"if","locations":[{"start":{"line":122,"column":12},"end":{"line":123,"column":null}},{"start":{},"end":{}}],"line":122},"13":{"loc":{"start":{"line":135,"column":8},"end":{"line":138,"column":null}},"type":"if","locations":[{"start":{"line":135,"column":8},"end":{"line":138,"column":null}},{"start":{"line":137,"column":15},"end":{"line":138,"column":null}}],"line":135},"14":{"loc":{"start":{"line":153,"column":8},"end":{"line":163,"column":null}},"type":"if","locations":[{"start":{"line":153,"column":8},"end":{"line":163,"column":null}},{"start":{},"end":{}}],"line":153},"15":{"loc":{"start":{"line":155,"column":12},"end":{"line":161,"column":null}},"type":"if","locations":[{"start":{"line":155,"column":12},"end":{"line":161,"column":null}},{"start":{},"end":{}}],"line":155},"16":{"loc":{"start":{"line":171,"column":8},"end":{"line":171,"column":null}},"type":"if","locations":[{"start":{"line":171,"column":8},"end":{"line":171,"column":null}},{"start":{},"end":{}}],"line":171},"17":{"loc":{"start":{"line":186,"column":12},"end":{"line":186,"column":null}},"type":"if","locations":[{"start":{"line":186,"column":12},"end":{"line":186,"column":null}},{"start":{},"end":{}}],"line":186},"18":{"loc":{"start":{"line":188,"column":12},"end":{"line":189,"column":null}},"type":"if","locations":[{"start":{"line":188,"column":12},"end":{"line":189,"column":null}},{"start":{},"end":{}}],"line":188},"19":{"loc":{"start":{"line":194,"column":12},"end":{"line":194,"column":null}},"type":"if","locations":[{"start":{"line":194,"column":12},"end":{"line":194,"column":null}},{"start":{},"end":{}}],"line":194},"20":{"loc":{"start":{"line":198,"column":29},"end":{"line":198,"column":null}},"type":"cond-expr","locations":[{"start":{"line":198,"column":44},"end":{"line":198,"column":63}},{"start":{"line":198,"column":63},"end":{"line":198,"column":null}}],"line":198},"21":{"loc":{"start":{"line":203,"column":12},"end":{"line":205,"column":null}},"type":"if","locations":[{"start":{"line":203,"column":12},"end":{"line":205,"column":null}},{"start":{},"end":{}}],"line":203},"22":{"loc":{"start":{"line":203,"column":16},"end":{"line":203,"column":46}},"type":"binary-expr","locations":[{"start":{"line":203,"column":16},"end":{"line":203,"column":30}},{"start":{"line":203,"column":30},"end":{"line":203,"column":46}}],"line":203},"23":{"loc":{"start":{"line":224,"column":12},"end":{"line":224,"column":null}},"type":"if","locations":[{"start":{"line":224,"column":12},"end":{"line":224,"column":null}},{"start":{},"end":{}}],"line":224},"24":{"loc":{"start":{"line":226,"column":12},"end":{"line":226,"column":null}},"type":"if","locations":[{"start":{"line":226,"column":12},"end":{"line":226,"column":null}},{"start":{},"end":{}}],"line":226},"25":{"loc":{"start":{"line":229,"column":12},"end":{"line":232,"column":null}},"type":"if","locations":[{"start":{"line":229,"column":12},"end":{"line":232,"column":null}},{"start":{"line":231,"column":23},"end":{"line":232,"column":null}}],"line":229},"26":{"loc":{"start":{"line":229,"column":16},"end":{"line":229,"column":64}},"type":"binary-expr","locations":[{"start":{"line":229,"column":16},"end":{"line":229,"column":30}},{"start":{"line":229,"column":30},"end":{"line":229,"column":64}}],"line":229},"27":{"loc":{"start":{"line":231,"column":23},"end":{"line":232,"column":null}},"type":"if","locations":[{"start":{"line":231,"column":23},"end":{"line":232,"column":null}},{"start":{},"end":{}}],"line":231},"28":{"loc":{"start":{"line":231,"column":23},"end":{"line":231,"column":71}},"type":"binary-expr","locations":[{"start":{"line":231,"column":23},"end":{"line":231,"column":38}},{"start":{"line":231,"column":38},"end":{"line":231,"column":71}}],"line":231},"29":{"loc":{"start":{"line":239,"column":26},"end":{"line":239,"column":51}},"type":"binary-expr","locations":[{"start":{"line":239,"column":26},"end":{"line":239,"column":44}},{"start":{"line":239,"column":44},"end":{"line":239,"column":51}}],"line":239},"30":{"loc":{"start":{"line":243,"column":8},"end":{"line":245,"column":null}},"type":"if","locations":[{"start":{"line":243,"column":8},"end":{"line":245,"column":null}},{"start":{},"end":{}}],"line":243},"31":{"loc":{"start":{"line":255,"column":12},"end":{"line":257,"column":null}},"type":"if","locations":[{"start":{"line":255,"column":12},"end":{"line":257,"column":null}},{"start":{},"end":{}}],"line":255},"32":{"loc":{"start":{"line":255,"column":16},"end":{"line":255,"column":58}},"type":"binary-expr","locations":[{"start":{"line":255,"column":16},"end":{"line":255,"column":38}},{"start":{"line":255,"column":38},"end":{"line":255,"column":58}}],"line":255},"33":{"loc":{"start":{"line":264,"column":8},"end":{"line":266,"column":null}},"type":"if","locations":[{"start":{"line":264,"column":8},"end":{"line":266,"column":null}},{"start":{},"end":{}}],"line":264}},"s":{"0":34,"1":34,"2":34,"3":34,"4":34,"5":21,"6":1,"7":1,"8":1,"9":0,"10":21,"11":17,"12":17,"13":17,"14":12,"15":12,"16":1,"17":1,"18":11,"19":11,"20":1,"21":1,"22":1,"23":11,"24":11,"25":11,"26":11,"27":12,"28":11,"29":11,"30":11,"31":11,"32":11,"33":11,"34":11,"35":11,"36":11,"37":11,"38":11,"39":11,"40":11,"41":11,"42":11,"43":11,"44":1,"45":19,"46":10,"47":10,"48":10,"49":10,"50":10,"51":10,"52":10,"53":10,"54":10,"55":10,"56":2,"57":1,"58":1,"59":7,"60":11,"61":11,"62":11,"63":7,"64":7,"65":7,"66":7,"67":7,"68":11,"69":11,"70":11,"71":11,"72":0,"73":0,"74":0,"75":0,"76":0,"77":0,"78":0,"79":0,"80":0,"81":0,"82":0,"83":0,"84":0,"85":0,"86":0,"87":0,"88":0,"89":0,"90":0,"91":0,"92":0,"93":0,"94":0,"95":0,"96":0,"97":0,"98":0,"99":0,"100":0,"101":0,"102":0,"103":11,"104":11,"105":11,"106":0,"107":11,"108":1,"109":1,"110":0,"111":0,"112":0,"113":0,"114":0,"115":0,"116":0,"117":0,"118":0,"119":0,"120":0,"121":0,"122":11,"123":11,"124":11,"125":2,"126":11,"127":11,"128":11,"129":11,"130":11,"131":11,"132":1,"133":1,"134":1,"135":11,"136":11,"137":11,"138":11,"139":17},"f":{"0":17,"1":21,"2":0,"3":34,"4":12,"5":1,"6":19,"7":2,"8":7,"9":11,"10":11,"11":0,"12":0,"13":0,"14":11,"15":11,"16":0,"17":1,"18":2,"19":11,"20":11,"21":1,"22":11},"b":{"0":[1,20],"1":[1,0],"2":[17,0],"3":[1,11],"4":[1,10],"5":[11,1],"6":[11,0],"7":[11,1],"8":[11,0],"9":[11,0],"10":[11,0],"11":[10,9],"12":[10,0],"13":[1,1],"14":[11,0],"15":[7,4],"16":[11,0],"17":[0,0],"18":[0,0],"19":[0,0],"20":[0,0],"21":[0,0],"22":[0,0],"23":[1,0],"24":[0,0],"25":[0,0],"26":[0,0],"27":[0,0],"28":[0,0],"29":[2,2],"30":[11,0],"31":[1,0],"32":[1,1],"33":[11,0]},"meta":{"lastBranch":34,"lastFunction":23,"lastStatement":140,"seen":{"s:11:43:11:Infinity":0,"s:12:42:12:Infinity":1,"s:15:49:15:Infinity":2,"s:16:68:16:Infinity":3,"s:17:65:17:Infinity":4,"f:19:4:19:12":0,"f:23:4:23:12":1,"b:24:8:27:Infinity:undefined:undefined:undefined:undefined":0,"s:24:8:27:Infinity":5,"s:25:12:25:Infinity":6,"b:26:12:27:Infinity:undefined:undefined:undefined:undefined":1,"s:26:12:27:Infinity":7,"s:27:16:27:Infinity":8,"f:27:46:27:61":2,"s:27:61:27:73":9,"s:30:8:30:Infinity":10,"f:33:18:33:46":3,"b:34:8:35:Infinity:undefined:undefined:undefined:undefined":2,"s:34:8:35:Infinity":11,"s:35:12:35:Infinity":12,"s:37:8:37:Infinity":13,"f:43:4:43:11":4,"s:44:22:44:49":14,"b:45:8:47:Infinity:undefined:undefined:undefined:undefined":3,"s:45:8:47:Infinity":15,"s:46:12:46:Infinity":16,"s:47:12:47:Infinity":17,"s:51:8:51:Infinity":18,"b:54:8:57:Infinity:undefined:undefined:undefined:undefined":4,"s:54:8:57:Infinity":19,"b:54:12:54:34:54:34:54:61":5,"s:55:12:55:Infinity":20,"s:56:12:56:Infinity":21,"s:57:12:57:Infinity":22,"s:61:8:61:Infinity":23,"s:62:8:62:Infinity":24,"s:63:8:63:Infinity":25,"s:66:22:66:94":26,"b:66:22:66:57:66:61:66:94":6,"b:67:8:71:Infinity:undefined:undefined:undefined:undefined":7,"s:67:8:71:Infinity":27,"b:68:12:69:Infinity:undefined:undefined:undefined:undefined":8,"s:68:12:69:Infinity":28,"s:69:16:69:Infinity":29,"s:71:12:71:Infinity":30,"s:75:8:75:Infinity":31,"s:76:8:76:Infinity":32,"s:77:8:77:Infinity":33,"s:78:8:78:Infinity":34,"s:81:24:81:41":35,"b:82:8:83:Infinity:undefined:undefined:undefined:undefined":9,"s:82:8:83:Infinity":36,"s:83:12:83:Infinity":37,"s:87:8:87:Infinity":38,"b:88:8:89:Infinity:undefined:undefined:undefined:undefined":10,"s:88:8:89:Infinity":39,"s:89:12:89:Infinity":40,"s:93:8:93:Infinity":41,"s:96:8:96:Infinity":42,"s:102:8:102:Infinity":43,"f:102:8:102:25":5,"s:102:27:102:51":44,"f:108:4:108:11":6,"b:109:8:127:Infinity:undefined:undefined:undefined:undefined":11,"s:109:8:127:Infinity":45,"s:110:31:110:Infinity":46,"s:111:12:111:Infinity":47,"s:114:12:114:Infinity":48,"s:115:12:115:Infinity":49,"s:117:12:117:Infinity":50,"s:118:12:118:Infinity":51,"s:121:28:121:45":52,"b:122:12:123:Infinity:undefined:undefined:undefined:undefined":12,"s:122:12:123:Infinity":53,"s:123:16:123:Infinity":54,"s:127:12:127:Infinity":55,"f:134:4:134:11":7,"b:135:8:138:Infinity:137:15:138:Infinity":13,"s:135:8:138:Infinity":56,"s:136:12:136:Infinity":57,"s:138:12:138:Infinity":58,"f:145:4:145:11":8,"s:146:8:146:Infinity":59,"f:152:4:152:12":9,"b:153:8:163:Infinity:undefined:undefined:undefined:undefined":14,"s:153:8:163:Infinity":60,"s:154:26:154:69":61,"b:155:12:161:Infinity:undefined:undefined:undefined:undefined":15,"s:155:12:161:Infinity":62,"s:156:16:156:Infinity":63,"s:158:16:158:Infinity":64,"s:159:16:159:Infinity":65,"s:160:16:160:Infinity":66,"s:161:16:161:Infinity":67,"s:163:12:163:Infinity":68,"f:169:4:169:12":10,"s:170:23:170:77":69,"b:171:8:171:Infinity:undefined:undefined:undefined:undefined":16,"s:171:8:171:Infinity":70,"s:171:21:171:Infinity":71,"s:173:21:173:Infinity":72,"s:174:24:174:Infinity":73,"s:175:25:175:Infinity":74,"s:177:14:182:Infinity":75,"f:177:14:177:25":11,"s:178:12:178:Infinity":76,"s:179:12:179:Infinity":77,"s:180:12:180:Infinity":78,"s:181:12:181:Infinity":79,"s:182:12:182:Infinity":80,"s:185:14:189:Infinity":81,"f:185:14:185:24":12,"b:186:12:186:Infinity:undefined:undefined:undefined:undefined":17,"s:186:12:186:Infinity":82,"s:186:29:186:Infinity":83,"s:187:26:187:Infinity":84,"b:188:12:189:Infinity:undefined:undefined:undefined:undefined":18,"s:188:12:189:Infinity":85,"s:189:16:189:Infinity":86,"s:193:14:205:Infinity":87,"f:193:14:193:23":13,"b:194:12:194:Infinity:undefined:undefined:undefined:undefined":19,"s:194:12:194:Infinity":88,"s:194:29:194:Infinity":89,"s:195:12:195:Infinity":90,"s:196:26:196:Infinity":91,"s:197:29:197:Infinity":92,"s:198:29:198:Infinity":93,"b:198:44:198:63:198:63:198:Infinity":20,"s:200:12:200:Infinity":94,"s:201:12:201:Infinity":95,"b:203:12:205:Infinity:undefined:undefined:undefined:undefined":21,"s:203:12:205:Infinity":96,"b:203:16:203:30:203:30:203:46":22,"s:204:16:204:Infinity":97,"s:205:16:205:Infinity":98,"s:209:8:209:Infinity":99,"s:210:8:210:Infinity":100,"s:211:8:211:Infinity":101,"s:212:8:212:Infinity":102,"f:217:4:217:12":14,"s:218:26:218:Infinity":103,"s:220:14:221:101":104,"f:220:14:220:Infinity":15,"s:221:12:221:101":105,"f:221:64:221:71":16,"s:221:77:221:100":106,"s:223:8:232:Infinity":107,"f:223:13:223:33":17,"b:224:12:224:Infinity:undefined:undefined:undefined:undefined":23,"s:224:12:224:Infinity":108,"s:224:33:224:Infinity":109,"s:225:29:225:43":110,"b:226:12:226:Infinity:undefined:undefined:undefined:undefined":24,"s:226:12:226:Infinity":111,"s:226:36:226:56":112,"s:226:56:226:Infinity":113,"s:227:26:227:Infinity":114,"s:228:25:228:Infinity":115,"b:229:12:232:Infinity:231:23:232:Infinity":25,"s:229:12:232:Infinity":116,"b:229:16:229:30:229:30:229:64":26,"s:230:16:230:36":117,"s:230:36:230:Infinity":118,"b:231:23:232:Infinity:undefined:undefined:undefined:undefined":27,"s:231:23:232:Infinity":119,"b:231:23:231:38:231:38:231:71":28,"s:232:16:232:36":120,"s:232:36:232:Infinity":121,"s:235:8:235:Infinity":122,"s:238:31:238:Infinity":123,"s:239:8:239:Infinity":124,"f:239:8:239:26":18,"s:239:8:239:58":125,"b:239:26:239:44:239:44:239:51":29,"f:242:4:242:12":19,"b:243:8:245:Infinity:undefined:undefined:undefined:undefined":30,"s:243:8:245:Infinity":126,"s:244:12:244:Infinity":127,"s:245:12:245:Infinity":128,"s:247:8:247:Infinity":129,"s:248:8:248:Infinity":130,"f:253:4:253:12":20,"s:254:8:257:Infinity":131,"f:254:13:254:30":21,"b:255:12:257:Infinity:undefined:undefined:undefined:undefined":31,"s:255:12:257:Infinity":132,"b:255:16:255:38:255:38:255:58":32,"s:256:16:256:Infinity":133,"s:257:16:257:Infinity":134,"s:260:8:260:Infinity":135,"f:263:4:263:12":22,"b:264:8:266:Infinity:undefined:undefined:undefined:undefined":33,"s:264:8:266:Infinity":136,"s:265:12:265:Infinity":137,"s:266:12:266:Infinity":138,"s:271:28:271:54":139}}}
}
