{"D:\\Python\\suntrail_threejs\\src\\modules\\geo.ts": {"path":"D:\\Python\\suntrail_threejs\\src\\modules\\geo.ts","statementMap":{"0":{"start":{"line":1,"column":35},"end":{"line":1,"column":null}},"1":{"start":{"line":21,"column":47},"end":{"line":29,"column":null}},"2":{"start":{"line":33,"column":19},"end":{"line":33,"column":null}},"3":{"start":{"line":34,"column":4},"end":{"line":34,"column":null}},"4":{"start":{"line":34,"column":17},"end":{"line":34,"column":null}},"5":{"start":{"line":35,"column":4},"end":{"line":38,"column":null}},"6":{"start":{"line":36,"column":8},"end":{"line":37,"column":null}},"7":{"start":{"line":50,"column":4},"end":{"line":50,"column":null}},"8":{"start":{"line":54,"column":4},"end":{"line":54,"column":null}},"9":{"start":{"line":58,"column":4},"end":{"line":58,"column":null}},"10":{"start":{"line":62,"column":10},"end":{"line":62,"column":null}},"11":{"start":{"line":63,"column":10},"end":{"line":63,"column":null}},"12":{"start":{"line":65,"column":23},"end":{"line":65,"column":54}},"13":{"start":{"line":66,"column":10},"end":{"line":66,"column":null}},"14":{"start":{"line":67,"column":10},"end":{"line":67,"column":null}},"15":{"start":{"line":69,"column":4},"end":{"line":72,"column":null}},"16":{"start":{"line":76,"column":23},"end":{"line":76,"column":54}},"17":{"start":{"line":77,"column":10},"end":{"line":77,"column":null}},"18":{"start":{"line":78,"column":10},"end":{"line":78,"column":null}},"19":{"start":{"line":80,"column":18},"end":{"line":80,"column":null}},"20":{"start":{"line":81,"column":18},"end":{"line":81,"column":null}},"21":{"start":{"line":83,"column":16},"end":{"line":83,"column":null}},"22":{"start":{"line":84,"column":14},"end":{"line":84,"column":null}},"23":{"start":{"line":85,"column":16},"end":{"line":85,"column":77}},"24":{"start":{"line":87,"column":4},"end":{"line":87,"column":null}},"25":{"start":{"line":91,"column":14},"end":{"line":91,"column":31}},"26":{"start":{"line":92,"column":12},"end":{"line":92,"column":45}},"27":{"start":{"line":93,"column":12},"end":{"line":93,"column":123}},"28":{"start":{"line":94,"column":4},"end":{"line":94,"column":null}},"29":{"start":{"line":95,"column":4},"end":{"line":95,"column":null}},"30":{"start":{"line":96,"column":4},"end":{"line":96,"column":null}},"31":{"start":{"line":100,"column":28},"end":{"line":105,"column":null}},"32":{"start":{"line":116,"column":25},"end":{"line":116,"column":66}},"33":{"start":{"line":117,"column":23},"end":{"line":117,"column":88}},"34":{"start":{"line":118,"column":23},"end":{"line":118,"column":88}},"35":{"start":{"line":119,"column":4},"end":{"line":119,"column":null}},"36":{"start":{"line":119,"column":50},"end":{"line":119,"column":null}},"37":{"start":{"line":120,"column":4},"end":{"line":120,"column":null}},"38":{"start":{"line":124,"column":14},"end":{"line":124,"column":36}},"39":{"start":{"line":125,"column":20},"end":{"line":125,"column":null}},"40":{"start":{"line":126,"column":10},"end":{"line":126,"column":null}},"41":{"start":{"line":127,"column":24},"end":{"line":127,"column":77}},"42":{"start":{"line":128,"column":21},"end":{"line":128,"column":null}},"43":{"start":{"line":129,"column":24},"end":{"line":129,"column":83}},"44":{"start":{"line":130,"column":21},"end":{"line":130,"column":null}},"45":{"start":{"line":131,"column":4},"end":{"line":131,"column":null}},"46":{"start":{"line":138,"column":14},"end":{"line":138,"column":null}},"47":{"start":{"line":139,"column":10},"end":{"line":139,"column":null}},"48":{"start":{"line":140,"column":10},"end":{"line":140,"column":null}},"49":{"start":{"line":141,"column":14},"end":{"line":143,"column":49}},"50":{"start":{"line":144,"column":14},"end":{"line":144,"column":58}},"51":{"start":{"line":145,"column":4},"end":{"line":145,"column":null}}},"fnMap":{"0":{"name":"isPositionInRegion","decl":{"start":{"line":32,"column":16},"end":{"line":32,"column":35}},"loc":{"start":{"line":32,"column":90},"end":{"line":38,"column":null}},"line":32},"1":{"name":"(anonymous_1)","decl":{"start":{"line":35,"column":18},"end":{"line":35,"column":23}},"loc":{"start":{"line":36,"column":8},"end":{"line":37,"column":null}},"line":36},"2":{"name":"decodeTerrainRGB","decl":{"start":{"line":49,"column":16},"end":{"line":49,"column":33}},"loc":{"start":{"line":49,"column":102},"end":{"line":50,"column":null}},"line":49},"3":{"name":"isPositionInSwitzerland","decl":{"start":{"line":53,"column":16},"end":{"line":53,"column":40}},"loc":{"start":{"line":53,"column":75},"end":{"line":54,"column":null}},"line":53},"4":{"name":"isPositionInFrance","decl":{"start":{"line":57,"column":16},"end":{"line":57,"column":35}},"loc":{"start":{"line":57,"column":70},"end":{"line":58,"column":null}},"line":57},"5":{"name":"lngLatToWorld","decl":{"start":{"line":61,"column":16},"end":{"line":61,"column":30}},"loc":{"start":{"line":61,"column":129},"end":{"line":72,"column":null}},"line":61},"6":{"name":"worldToLngLat","decl":{"start":{"line":75,"column":16},"end":{"line":75,"column":30}},"loc":{"start":{"line":75,"column":139},"end":{"line":87,"column":null}},"line":75},"7":{"name":"lngLatToTile","decl":{"start":{"line":90,"column":16},"end":{"line":90,"column":29}},"loc":{"start":{"line":90,"column":106},"end":{"line":96,"column":null}},"line":90},"8":{"name":"clampTargetToBounds","decl":{"start":{"line":112,"column":16},"end":{"line":112,"column":null}},"loc":{"start":{"line":115,"column":28},"end":{"line":120,"column":null}},"line":115},"9":{"name":"getTileBounds","decl":{"start":{"line":123,"column":16},"end":{"line":123,"column":30}},"loc":{"start":{"line":123,"column":76},"end":{"line":131,"column":null}},"line":123},"10":{"name":"haversineDistance","decl":{"start":{"line":137,"column":16},"end":{"line":137,"column":34}},"loc":{"start":{"line":137,"column":98},"end":{"line":145,"column":null}},"line":137}},"branchMap":{"0":{"loc":{"start":{"line":34,"column":4},"end":{"line":34,"column":null}},"type":"if","locations":[{"start":{"line":34,"column":4},"end":{"line":34,"column":null}},{"start":{},"end":{}}],"line":34},"1":{"loc":{"start":{"line":36,"column":8},"end":{"line":37,"column":null}},"type":"binary-expr","locations":[{"start":{"line":36,"column":8},"end":{"line":36,"column":29}},{"start":{"line":36,"column":29},"end":{"line":36,"column":null}},{"start":{"line":37,"column":8},"end":{"line":37,"column":29}},{"start":{"line":37,"column":29},"end":{"line":37,"column":null}}],"line":36},"2":{"loc":{"start":{"line":49,"column":66},"end":{"line":49,"column":102}},"type":"default-arg","locations":[{"start":{"line":49,"column":89},"end":{"line":49,"column":102}}],"line":49},"3":{"loc":{"start":{"line":119,"column":4},"end":{"line":119,"column":null}},"type":"if","locations":[{"start":{"line":119,"column":4},"end":{"line":119,"column":null}},{"start":{},"end":{}}],"line":119},"4":{"loc":{"start":{"line":119,"column":8},"end":{"line":119,"column":50}},"type":"binary-expr","locations":[{"start":{"line":119,"column":8},"end":{"line":119,"column":30}},{"start":{"line":119,"column":30},"end":{"line":119,"column":50}}],"line":119}},"s":{"0":1,"1":1,"2":0,"3":0,"4":0,"5":0,"6":0,"7":0,"8":0,"9":0,"10":0,"11":0,"12":0,"13":0,"14":0,"15":0,"16":0,"17":0,"18":0,"19":0,"20":0,"21":0,"22":0,"23":0,"24":0,"25":0,"26":0,"27":0,"28":0,"29":0,"30":0,"31":1,"32":0,"33":0,"34":0,"35":0,"36":0,"37":0,"38":0,"39":0,"40":0,"41":0,"42":0,"43":0,"44":0,"45":0,"46":0,"47":0,"48":0,"49":0,"50":0,"51":0},"f":{"0":0,"1":0,"2":0,"3":0,"4":0,"5":0,"6":0,"7":0,"8":0,"9":0,"10":0},"b":{"0":[0,0],"1":[0,0,0,0],"2":[0],"3":[0,0],"4":[0,0]},"meta":{"lastBranch":5,"lastFunction":11,"lastStatement":52,"seen":{"s:1:35:1:Infinity":0,"s:21:47:29:Infinity":1,"f:32:16:32:35":0,"s:33:19:33:Infinity":2,"b:34:4:34:Infinity:undefined:undefined:undefined:undefined":0,"s:34:4:34:Infinity":3,"s:34:17:34:Infinity":4,"s:35:4:38:Infinity":5,"f:35:18:35:23":1,"s:36:8:37:Infinity":6,"b:36:8:36:29:36:29:36:Infinity:37:8:37:29:37:29:37:Infinity":1,"f:49:16:49:33":2,"b:49:89:49:102":2,"s:50:4:50:Infinity":7,"f:53:16:53:40":3,"s:54:4:54:Infinity":8,"f:57:16:57:35":4,"s:58:4:58:Infinity":9,"f:61:16:61:30":5,"s:62:10:62:Infinity":10,"s:63:10:63:Infinity":11,"s:65:23:65:54":12,"s:66:10:66:Infinity":13,"s:67:10:67:Infinity":14,"s:69:4:72:Infinity":15,"f:75:16:75:30":6,"s:76:23:76:54":16,"s:77:10:77:Infinity":17,"s:78:10:78:Infinity":18,"s:80:18:80:Infinity":19,"s:81:18:81:Infinity":20,"s:83:16:83:Infinity":21,"s:84:14:84:Infinity":22,"s:85:16:85:77":23,"s:87:4:87:Infinity":24,"f:90:16:90:29":7,"s:91:14:91:31":25,"s:92:12:92:45":26,"s:93:12:93:123":27,"s:94:4:94:Infinity":28,"s:95:4:95:Infinity":29,"s:96:4:96:Infinity":30,"s:100:28:105:Infinity":31,"f:112:16:112:Infinity":8,"s:116:25:116:66":32,"s:117:23:117:88":33,"s:118:23:118:88":34,"b:119:4:119:Infinity:undefined:undefined:undefined:undefined":3,"s:119:4:119:Infinity":35,"b:119:8:119:30:119:30:119:50":4,"s:119:50:119:Infinity":36,"s:120:4:120:Infinity":37,"f:123:16:123:30":9,"s:124:14:124:36":38,"s:125:20:125:Infinity":39,"s:126:10:126:Infinity":40,"s:127:24:127:77":41,"s:128:21:128:Infinity":42,"s:129:24:129:83":43,"s:130:21:130:Infinity":44,"s:131:4:131:Infinity":45,"f:137:16:137:34":10,"s:138:14:138:Infinity":46,"s:139:10:139:Infinity":47,"s:140:10:140:Infinity":48,"s:141:14:143:49":49,"s:144:14:144:58":50,"s:145:4:145:Infinity":51}}}
,"D:\\Python\\suntrail_threejs\\src\\modules\\iapService.ts": {"path":"D:\\Python\\suntrail_threejs\\src\\modules\\iapService.ts","statementMap":{"0":{"start":{"line":20,"column":23},"end":{"line":20,"column":null}},"1":{"start":{"line":23,"column":26},"end":{"line":23,"column":null}},"2":{"start":{"line":24,"column":49},"end":{"line":24,"column":null}},"3":{"start":{"line":230,"column":72},"end":{"line":233,"column":null}},"4":{"start":{"line":235,"column":71},"end":{"line":238,"column":null}},"5":{"start":{"line":28,"column":8},"end":{"line":28,"column":null}},"6":{"start":{"line":28,"column":30},"end":{"line":28,"column":null}},"7":{"start":{"line":29,"column":8},"end":{"line":29,"column":null}},"8":{"start":{"line":29,"column":32},"end":{"line":29,"column":null}},"9":{"start":{"line":30,"column":8},"end":{"line":37,"column":null}},"10":{"start":{"line":31,"column":12},"end":{"line":34,"column":null}},"11":{"start":{"line":33,"column":49},"end":{"line":33,"column":106}},"12":{"start":{"line":33,"column":66},"end":{"line":33,"column":94}},"13":{"start":{"line":35,"column":12},"end":{"line":35,"column":null}},"14":{"start":{"line":37,"column":12},"end":{"line":37,"column":null}},"15":{"start":{"line":44,"column":8},"end":{"line":44,"column":null}},"16":{"start":{"line":45,"column":8},"end":{"line":45,"column":null}},"17":{"start":{"line":49,"column":23},"end":{"line":49,"column":null}},"18":{"start":{"line":52,"column":8},"end":{"line":54,"column":null}},"19":{"start":{"line":53,"column":12},"end":{"line":53,"column":null}},"20":{"start":{"line":54,"column":12},"end":{"line":54,"column":null}},"21":{"start":{"line":56,"column":8},"end":{"line":58,"column":null}},"22":{"start":{"line":57,"column":12},"end":{"line":57,"column":null}},"23":{"start":{"line":58,"column":12},"end":{"line":58,"column":null}},"24":{"start":{"line":60,"column":8},"end":{"line":60,"column":null}},"25":{"start":{"line":60,"column":30},"end":{"line":60,"column":null}},"26":{"start":{"line":62,"column":8},"end":{"line":81,"column":null}},"27":{"start":{"line":63,"column":12},"end":{"line":63,"column":null}},"28":{"start":{"line":64,"column":12},"end":{"line":64,"column":null}},"29":{"start":{"line":65,"column":12},"end":{"line":65,"column":null}},"30":{"start":{"line":68,"column":12},"end":{"line":68,"column":null}},"31":{"start":{"line":73,"column":12},"end":{"line":77,"column":null}},"32":{"start":{"line":74,"column":16},"end":{"line":75,"column":null}},"33":{"start":{"line":75,"column":20},"end":{"line":75,"column":null}},"34":{"start":{"line":79,"column":12},"end":{"line":79,"column":null}},"35":{"start":{"line":79,"column":34},"end":{"line":79,"column":null}},"36":{"start":{"line":81,"column":12},"end":{"line":81,"column":null}},"37":{"start":{"line":88,"column":8},"end":{"line":88,"column":null}},"38":{"start":{"line":88,"column":31},"end":{"line":88,"column":null}},"39":{"start":{"line":89,"column":8},"end":{"line":94,"column":null}},"40":{"start":{"line":90,"column":37},"end":{"line":90,"column":70}},"41":{"start":{"line":91,"column":12},"end":{"line":91,"column":null}},"42":{"start":{"line":93,"column":12},"end":{"line":93,"column":null}},"43":{"start":{"line":94,"column":12},"end":{"line":94,"column":null}},"44":{"start":{"line":99,"column":22},"end":{"line":99,"column":null}},"45":{"start":{"line":100,"column":8},"end":{"line":104,"column":null}},"46":{"start":{"line":101,"column":12},"end":{"line":101,"column":null}},"47":{"start":{"line":102,"column":19},"end":{"line":104,"column":null}},"48":{"start":{"line":104,"column":12},"end":{"line":104,"column":null}},"49":{"start":{"line":106,"column":8},"end":{"line":106,"column":null}},"50":{"start":{"line":116,"column":8},"end":{"line":118,"column":null}},"51":{"start":{"line":117,"column":12},"end":{"line":117,"column":null}},"52":{"start":{"line":118,"column":12},"end":{"line":118,"column":null}},"53":{"start":{"line":120,"column":8},"end":{"line":156,"column":null}},"54":{"start":{"line":121,"column":29},"end":{"line":121,"column":60}},"55":{"start":{"line":122,"column":12},"end":{"line":122,"column":null}},"56":{"start":{"line":122,"column":27},"end":{"line":122,"column":null}},"57":{"start":{"line":127,"column":31},"end":{"line":127,"column":null}},"58":{"start":{"line":128,"column":24},"end":{"line":132,"column":null}},"59":{"start":{"line":129,"column":21},"end":{"line":132,"column":69}},"60":{"start":{"line":134,"column":12},"end":{"line":136,"column":null}},"61":{"start":{"line":135,"column":16},"end":{"line":135,"column":null}},"62":{"start":{"line":135,"column":159},"end":{"line":135,"column":202}},"63":{"start":{"line":136,"column":16},"end":{"line":136,"column":null}},"64":{"start":{"line":139,"column":37},"end":{"line":139,"column":87}},"65":{"start":{"line":140,"column":28},"end":{"line":140,"column":74}},"66":{"start":{"line":143,"column":12},"end":{"line":146,"column":null}},"67":{"start":{"line":144,"column":16},"end":{"line":144,"column":null}},"68":{"start":{"line":144,"column":39},"end":{"line":144,"column":58}},"69":{"start":{"line":145,"column":46},"end":{"line":145,"column":79}},"70":{"start":{"line":146,"column":16},"end":{"line":146,"column":null}},"71":{"start":{"line":148,"column":12},"end":{"line":148,"column":null}},"72":{"start":{"line":151,"column":12},"end":{"line":154,"column":null}},"73":{"start":{"line":152,"column":16},"end":{"line":152,"column":null}},"74":{"start":{"line":154,"column":16},"end":{"line":154,"column":null}},"75":{"start":{"line":156,"column":12},"end":{"line":156,"column":null}},"76":{"start":{"line":163,"column":8},"end":{"line":163,"column":null}},"77":{"start":{"line":163,"column":31},"end":{"line":163,"column":null}},"78":{"start":{"line":164,"column":8},"end":{"line":169,"column":null}},"79":{"start":{"line":165,"column":37},"end":{"line":165,"column":71}},"80":{"start":{"line":166,"column":12},"end":{"line":166,"column":null}},"81":{"start":{"line":168,"column":12},"end":{"line":168,"column":null}},"82":{"start":{"line":169,"column":12},"end":{"line":169,"column":null}},"83":{"start":{"line":176,"column":8},"end":{"line":176,"column":null}},"84":{"start":{"line":176,"column":31},"end":{"line":176,"column":null}},"85":{"start":{"line":177,"column":8},"end":{"line":182,"column":null}},"86":{"start":{"line":178,"column":30},"end":{"line":178,"column":60}},"87":{"start":{"line":179,"column":12},"end":{"line":179,"column":null}},"88":{"start":{"line":181,"column":12},"end":{"line":181,"column":null}},"89":{"start":{"line":182,"column":12},"end":{"line":182,"column":null}},"90":{"start":{"line":188,"column":8},"end":{"line":188,"column":null}},"91":{"start":{"line":188,"column":43},"end":{"line":188,"column":null}},"92":{"start":{"line":189,"column":8},"end":{"line":189,"column":null}},"93":{"start":{"line":189,"column":31},"end":{"line":189,"column":null}},"94":{"start":{"line":190,"column":8},"end":{"line":190,"column":null}},"95":{"start":{"line":190,"column":31},"end":{"line":190,"column":null}},"96":{"start":{"line":191,"column":8},"end":{"line":195,"column":null}},"97":{"start":{"line":192,"column":27},"end":{"line":192,"column":57}},"98":{"start":{"line":193,"column":12},"end":{"line":193,"column":null}},"99":{"start":{"line":195,"column":12},"end":{"line":195,"column":null}},"100":{"start":{"line":201,"column":25},"end":{"line":201,"column":null}},"101":{"start":{"line":203,"column":8},"end":{"line":203,"column":null}},"102":{"start":{"line":203,"column":31},"end":{"line":203,"column":null}},"103":{"start":{"line":204,"column":8},"end":{"line":204,"column":null}},"104":{"start":{"line":204,"column":31},"end":{"line":204,"column":null}},"105":{"start":{"line":205,"column":8},"end":{"line":224,"column":null}},"106":{"start":{"line":206,"column":29},"end":{"line":206,"column":60}},"107":{"start":{"line":207,"column":12},"end":{"line":207,"column":null}},"108":{"start":{"line":207,"column":27},"end":{"line":207,"column":null}},"109":{"start":{"line":208,"column":27},"end":{"line":208,"column":42}},"110":{"start":{"line":209,"column":12},"end":{"line":220,"column":null}},"111":{"start":{"line":210,"column":27},"end":{"line":210,"column":55}},"112":{"start":{"line":211,"column":28},"end":{"line":211,"column":null}},"113":{"start":{"line":214,"column":30},"end":{"line":217,"column":27}},"114":{"start":{"line":218,"column":16},"end":{"line":220,"column":null}},"115":{"start":{"line":218,"column":44},"end":{"line":218,"column":null}},"116":{"start":{"line":219,"column":25},"end":{"line":220,"column":null}},"117":{"start":{"line":219,"column":73},"end":{"line":219,"column":null}},"118":{"start":{"line":220,"column":25},"end":{"line":220,"column":null}},"119":{"start":{"line":220,"column":50},"end":{"line":220,"column":null}},"120":{"start":{"line":222,"column":12},"end":{"line":222,"column":null}},"121":{"start":{"line":224,"column":12},"end":{"line":224,"column":null}},"122":{"start":{"line":241,"column":8},"end":{"line":241,"column":null}},"123":{"start":{"line":241,"column":31},"end":{"line":241,"column":null}},"124":{"start":{"line":242,"column":26},"end":{"line":242,"column":null}},"125":{"start":{"line":243,"column":8},"end":{"line":243,"column":null}},"126":{"start":{"line":243,"column":24},"end":{"line":243,"column":null}},"127":{"start":{"line":245,"column":8},"end":{"line":269,"column":null}},"128":{"start":{"line":246,"column":30},"end":{"line":246,"column":60}},"129":{"start":{"line":248,"column":28},"end":{"line":248,"column":null}},"130":{"start":{"line":249,"column":12},"end":{"line":254,"column":null}},"131":{"start":{"line":250,"column":16},"end":{"line":253,"column":null}},"132":{"start":{"line":251,"column":25},"end":{"line":252,"column":null}},"133":{"start":{"line":254,"column":16},"end":{"line":254,"column":null}},"134":{"start":{"line":254,"column":31},"end":{"line":254,"column":null}},"135":{"start":{"line":256,"column":12},"end":{"line":258,"column":null}},"136":{"start":{"line":257,"column":16},"end":{"line":257,"column":null}},"137":{"start":{"line":258,"column":16},"end":{"line":258,"column":null}},"138":{"start":{"line":261,"column":37},"end":{"line":261,"column":93}},"139":{"start":{"line":262,"column":12},"end":{"line":262,"column":null}},"140":{"start":{"line":264,"column":12},"end":{"line":267,"column":null}},"141":{"start":{"line":265,"column":16},"end":{"line":265,"column":null}},"142":{"start":{"line":267,"column":16},"end":{"line":267,"column":null}},"143":{"start":{"line":269,"column":12},"end":{"line":269,"column":null}},"144":{"start":{"line":274,"column":22},"end":{"line":274,"column":null}},"145":{"start":{"line":275,"column":8},"end":{"line":275,"column":null}},"146":{"start":{"line":275,"column":20},"end":{"line":275,"column":null}},"147":{"start":{"line":276,"column":8},"end":{"line":276,"column":null}},"148":{"start":{"line":280,"column":8},"end":{"line":280,"column":null}},"149":{"start":{"line":280,"column":31},"end":{"line":280,"column":null}},"150":{"start":{"line":281,"column":8},"end":{"line":284,"column":null}},"151":{"start":{"line":282,"column":37},"end":{"line":282,"column":70}},"152":{"start":{"line":283,"column":12},"end":{"line":283,"column":null}},"153":{"start":{"line":284,"column":18},"end":{"line":284,"column":null}},"154":{"start":{"line":288,"column":8},"end":{"line":288,"column":null}},"155":{"start":{"line":288,"column":31},"end":{"line":288,"column":null}},"156":{"start":{"line":289,"column":8},"end":{"line":289,"column":null}},"157":{"start":{"line":289,"column":31},"end":{"line":289,"column":null}},"158":{"start":{"line":290,"column":26},"end":{"line":290,"column":null}},"159":{"start":{"line":291,"column":8},"end":{"line":291,"column":null}},"160":{"start":{"line":291,"column":24},"end":{"line":291,"column":null}},"161":{"start":{"line":292,"column":8},"end":{"line":302,"column":null}},"162":{"start":{"line":293,"column":30},"end":{"line":293,"column":60}},"163":{"start":{"line":294,"column":12},"end":{"line":299,"column":null}},"164":{"start":{"line":295,"column":28},"end":{"line":297,"column":null}},"165":{"start":{"line":296,"column":25},"end":{"line":297,"column":null}},"166":{"start":{"line":299,"column":16},"end":{"line":299,"column":null}},"167":{"start":{"line":299,"column":25},"end":{"line":299,"column":null}},"168":{"start":{"line":301,"column":12},"end":{"line":301,"column":null}},"169":{"start":{"line":302,"column":18},"end":{"line":302,"column":null}},"170":{"start":{"line":306,"column":8},"end":{"line":306,"column":null}},"171":{"start":{"line":306,"column":31},"end":{"line":306,"column":null}},"172":{"start":{"line":307,"column":8},"end":{"line":316,"column":null}},"173":{"start":{"line":308,"column":37},"end":{"line":308,"column":70}},"174":{"start":{"line":309,"column":40},"end":{"line":309,"column":42}},"175":{"start":{"line":310,"column":12},"end":{"line":312,"column":null}},"176":{"start":{"line":311,"column":16},"end":{"line":312,"column":null}},"177":{"start":{"line":312,"column":20},"end":{"line":312,"column":null}},"178":{"start":{"line":315,"column":12},"end":{"line":315,"column":null}},"179":{"start":{"line":316,"column":18},"end":{"line":316,"column":null}},"180":{"start":{"line":321,"column":8},"end":{"line":321,"column":null}},"181":{"start":{"line":322,"column":8},"end":{"line":322,"column":null}},"182":{"start":{"line":326,"column":26},"end":{"line":326,"column":42}}},"fnMap":{"0":{"name":"(anonymous_0)","decl":{"start":{"line":27,"column":10},"end":{"line":27,"column":22}},"loc":{"start":{"line":27,"column":58},"end":{"line":37,"column":null}},"line":27},"1":{"name":"(anonymous_1)","decl":{"start":{"line":33,"column":20},"end":{"line":33,"column":35}},"loc":{"start":{"line":33,"column":49},"end":{"line":33,"column":106}},"line":33},"2":{"name":"(anonymous_2)","decl":{"start":{"line":33,"column":49},"end":{"line":33,"column":66}},"loc":{"start":{"line":33,"column":66},"end":{"line":33,"column":94}},"line":33},"3":{"name":"(anonymous_3)","decl":{"start":{"line":43,"column":10},"end":{"line":43,"column":38}},"loc":{"start":{"line":43,"column":38},"end":{"line":45,"column":null}},"line":43},"4":{"name":"(anonymous_4)","decl":{"start":{"line":48,"column":18},"end":{"line":48,"column":49}},"loc":{"start":{"line":48,"column":49},"end":{"line":81,"column":null}},"line":48},"5":{"name":"(anonymous_5)","decl":{"start":{"line":73,"column":22},"end":{"line":73,"column":53}},"loc":{"start":{"line":73,"column":70},"end":{"line":77,"column":null}},"line":73},"6":{"name":"(anonymous_6)","decl":{"start":{"line":87,"column":10},"end":{"line":87,"column":44}},"loc":{"start":{"line":87,"column":44},"end":{"line":94,"column":null}},"line":87},"7":{"name":"(anonymous_7)","decl":{"start":{"line":98,"column":4},"end":{"line":98,"column":12}},"loc":{"start":{"line":98,"column":77},"end":{"line":106,"column":null}},"line":98},"8":{"name":"(anonymous_8)","decl":{"start":{"line":115,"column":10},"end":{"line":115,"column":19}},"loc":{"start":{"line":115,"column":85},"end":{"line":156,"column":null}},"line":115},"9":{"name":"(anonymous_9)","decl":{"start":{"line":128,"column":51},"end":{"line":128,"column":null}},"loc":{"start":{"line":129,"column":21},"end":{"line":132,"column":69}},"line":129},"10":{"name":"(anonymous_10)","decl":{"start":{"line":135,"column":149},"end":{"line":135,"column":153}},"loc":{"start":{"line":135,"column":159},"end":{"line":135,"column":202}},"line":135},"11":{"name":"(anonymous_11)","decl":{"start":{"line":144,"column":26},"end":{"line":144,"column":34}},"loc":{"start":{"line":144,"column":39},"end":{"line":144,"column":58}},"line":144},"12":{"name":"(anonymous_12)","decl":{"start":{"line":162,"column":10},"end":{"line":162,"column":47}},"loc":{"start":{"line":162,"column":47},"end":{"line":169,"column":null}},"line":162},"13":{"name":"(anonymous_13)","decl":{"start":{"line":175,"column":10},"end":{"line":175,"column":66}},"loc":{"start":{"line":175,"column":66},"end":{"line":182,"column":null}},"line":175},"14":{"name":"(anonymous_14)","decl":{"start":{"line":187,"column":10},"end":{"line":187,"column":42}},"loc":{"start":{"line":187,"column":42},"end":{"line":195,"column":null}},"line":187},"15":{"name":"(anonymous_15)","decl":{"start":{"line":200,"column":10},"end":{"line":200,"column":86}},"loc":{"start":{"line":200,"column":86},"end":{"line":224,"column":null}},"line":200},"16":{"name":"(anonymous_16)","decl":{"start":{"line":240,"column":10},"end":{"line":240,"column":23}},"loc":{"start":{"line":240,"column":57},"end":{"line":269,"column":null}},"line":240},"17":{"name":"(anonymous_17)","decl":{"start":{"line":250,"column":55},"end":{"line":250,"column":null}},"loc":{"start":{"line":251,"column":25},"end":{"line":252,"column":null}},"line":251},"18":{"name":"(anonymous_18)","decl":{"start":{"line":273,"column":4},"end":{"line":273,"column":23}},"loc":{"start":{"line":273,"column":76},"end":{"line":276,"column":null}},"line":273},"19":{"name":"(anonymous_19)","decl":{"start":{"line":279,"column":10},"end":{"line":279,"column":26}},"loc":{"start":{"line":279,"column":60},"end":{"line":284,"column":null}},"line":279},"20":{"name":"(anonymous_20)","decl":{"start":{"line":287,"column":10},"end":{"line":287,"column":23}},"loc":{"start":{"line":287,"column":56},"end":{"line":302,"column":null}},"line":287},"21":{"name":"(anonymous_21)","decl":{"start":{"line":295,"column":55},"end":{"line":295,"column":null}},"loc":{"start":{"line":296,"column":25},"end":{"line":297,"column":null}},"line":296},"22":{"name":"(anonymous_22)","decl":{"start":{"line":305,"column":10},"end":{"line":305,"column":53}},"loc":{"start":{"line":305,"column":53},"end":{"line":316,"column":null}},"line":305},"23":{"name":"(anonymous_23)","decl":{"start":{"line":320,"column":4},"end":{"line":320,"column":11}},"loc":{"start":{"line":320,"column":32},"end":{"line":322,"column":null}},"line":320}},"branchMap":{"0":{"loc":{"start":{"line":27,"column":22},"end":{"line":27,"column":58}},"type":"default-arg","locations":[{"start":{"line":27,"column":34},"end":{"line":27,"column":58}}],"line":27},"1":{"loc":{"start":{"line":28,"column":8},"end":{"line":28,"column":null}},"type":"if","locations":[{"start":{"line":28,"column":8},"end":{"line":28,"column":null}},{"start":{},"end":{}}],"line":28},"2":{"loc":{"start":{"line":29,"column":8},"end":{"line":29,"column":null}},"type":"if","locations":[{"start":{"line":29,"column":8},"end":{"line":29,"column":null}},{"start":{},"end":{}}],"line":29},"3":{"loc":{"start":{"line":52,"column":8},"end":{"line":54,"column":null}},"type":"if","locations":[{"start":{"line":52,"column":8},"end":{"line":54,"column":null}},{"start":{},"end":{}}],"line":52},"4":{"loc":{"start":{"line":56,"column":8},"end":{"line":58,"column":null}},"type":"if","locations":[{"start":{"line":56,"column":8},"end":{"line":58,"column":null}},{"start":{},"end":{}}],"line":56},"5":{"loc":{"start":{"line":56,"column":12},"end":{"line":56,"column":43}},"type":"binary-expr","locations":[{"start":{"line":56,"column":12},"end":{"line":56,"column":23}},{"start":{"line":56,"column":23},"end":{"line":56,"column":43}}],"line":56},"6":{"loc":{"start":{"line":60,"column":8},"end":{"line":60,"column":null}},"type":"if","locations":[{"start":{"line":60,"column":8},"end":{"line":60,"column":null}},{"start":{},"end":{}}],"line":60},"7":{"loc":{"start":{"line":63,"column":49},"end":{"line":63,"column":102}},"type":"cond-expr","locations":[{"start":{"line":63,"column":68},"end":{"line":63,"column":85}},{"start":{"line":63,"column":85},"end":{"line":63,"column":102}}],"line":63},"8":{"loc":{"start":{"line":74,"column":16},"end":{"line":75,"column":null}},"type":"if","locations":[{"start":{"line":74,"column":16},"end":{"line":75,"column":null}},{"start":{},"end":{}}],"line":74},"9":{"loc":{"start":{"line":79,"column":12},"end":{"line":79,"column":null}},"type":"if","locations":[{"start":{"line":79,"column":12},"end":{"line":79,"column":null}},{"start":{},"end":{}}],"line":79},"10":{"loc":{"start":{"line":88,"column":8},"end":{"line":88,"column":null}},"type":"if","locations":[{"start":{"line":88,"column":8},"end":{"line":88,"column":null}},{"start":{},"end":{}}],"line":88},"11":{"loc":{"start":{"line":100,"column":8},"end":{"line":104,"column":null}},"type":"if","locations":[{"start":{"line":100,"column":8},"end":{"line":104,"column":null}},{"start":{"line":102,"column":19},"end":{"line":104,"column":null}}],"line":100},"12":{"loc":{"start":{"line":100,"column":12},"end":{"line":100,"column":35}},"type":"binary-expr","locations":[{"start":{"line":100,"column":12},"end":{"line":100,"column":21}},{"start":{"line":100,"column":21},"end":{"line":100,"column":35}}],"line":100},"13":{"loc":{"start":{"line":102,"column":19},"end":{"line":104,"column":null}},"type":"if","locations":[{"start":{"line":102,"column":19},"end":{"line":104,"column":null}},{"start":{},"end":{}}],"line":102},"14":{"loc":{"start":{"line":102,"column":19},"end":{"line":102,"column":42}},"type":"binary-expr","locations":[{"start":{"line":102,"column":19},"end":{"line":102,"column":29}},{"start":{"line":102,"column":29},"end":{"line":102,"column":42}}],"line":102},"15":{"loc":{"start":{"line":116,"column":8},"end":{"line":118,"column":null}},"type":"if","locations":[{"start":{"line":116,"column":8},"end":{"line":118,"column":null}},{"start":{},"end":{}}],"line":116},"16":{"loc":{"start":{"line":122,"column":12},"end":{"line":122,"column":null}},"type":"if","locations":[{"start":{"line":122,"column":12},"end":{"line":122,"column":null}},{"start":{},"end":{}}],"line":122},"17":{"loc":{"start":{"line":127,"column":31},"end":{"line":127,"column":null}},"type":"cond-expr","locations":[{"start":{"line":127,"column":58},"end":{"line":127,"column":69}},{"start":{"line":127,"column":69},"end":{"line":127,"column":null}}],"line":127},"18":{"loc":{"start":{"line":129,"column":21},"end":{"line":132,"column":69}},"type":"binary-expr","locations":[{"start":{"line":129,"column":21},"end":{"line":129,"column":null}},{"start":{"line":130,"column":21},"end":{"line":130,"column":null}},{"start":{"line":131,"column":21},"end":{"line":131,"column":68}},{"start":{"line":132,"column":21},"end":{"line":132,"column":69}}],"line":129},"19":{"loc":{"start":{"line":134,"column":12},"end":{"line":136,"column":null}},"type":"if","locations":[{"start":{"line":134,"column":12},"end":{"line":136,"column":null}},{"start":{},"end":{}}],"line":134},"20":{"loc":{"start":{"line":143,"column":12},"end":{"line":146,"column":null}},"type":"if","locations":[{"start":{"line":143,"column":12},"end":{"line":146,"column":null}},{"start":{},"end":{}}],"line":143},"21":{"loc":{"start":{"line":151,"column":12},"end":{"line":154,"column":null}},"type":"if","locations":[{"start":{"line":151,"column":12},"end":{"line":154,"column":null}},{"start":{"line":153,"column":19},"end":{"line":154,"column":null}}],"line":151},"22":{"loc":{"start":{"line":163,"column":8},"end":{"line":163,"column":null}},"type":"if","locations":[{"start":{"line":163,"column":8},"end":{"line":163,"column":null}},{"start":{},"end":{}}],"line":163},"23":{"loc":{"start":{"line":176,"column":8},"end":{"line":176,"column":null}},"type":"if","locations":[{"start":{"line":176,"column":8},"end":{"line":176,"column":null}},{"start":{},"end":{}}],"line":176},"24":{"loc":{"start":{"line":179,"column":19},"end":{"line":179,"column":null}},"type":"binary-expr","locations":[{"start":{"line":179,"column":19},"end":{"line":179,"column":40}},{"start":{"line":179,"column":40},"end":{"line":179,"column":null}}],"line":179},"25":{"loc":{"start":{"line":188,"column":8},"end":{"line":188,"column":null}},"type":"if","locations":[{"start":{"line":188,"column":8},"end":{"line":188,"column":null}},{"start":{},"end":{}}],"line":188},"26":{"loc":{"start":{"line":189,"column":8},"end":{"line":189,"column":null}},"type":"if","locations":[{"start":{"line":189,"column":8},"end":{"line":189,"column":null}},{"start":{},"end":{}}],"line":189},"27":{"loc":{"start":{"line":190,"column":8},"end":{"line":190,"column":null}},"type":"if","locations":[{"start":{"line":190,"column":8},"end":{"line":190,"column":null}},{"start":{},"end":{}}],"line":190},"28":{"loc":{"start":{"line":193,"column":19},"end":{"line":193,"column":null}},"type":"binary-expr","locations":[{"start":{"line":193,"column":19},"end":{"line":193,"column":39}},{"start":{"line":193,"column":39},"end":{"line":193,"column":null}}],"line":193},"29":{"loc":{"start":{"line":203,"column":8},"end":{"line":203,"column":null}},"type":"if","locations":[{"start":{"line":203,"column":8},"end":{"line":203,"column":null}},{"start":{},"end":{}}],"line":203},"30":{"loc":{"start":{"line":204,"column":8},"end":{"line":204,"column":null}},"type":"if","locations":[{"start":{"line":204,"column":8},"end":{"line":204,"column":null}},{"start":{},"end":{}}],"line":204},"31":{"loc":{"start":{"line":207,"column":12},"end":{"line":207,"column":null}},"type":"if","locations":[{"start":{"line":207,"column":12},"end":{"line":207,"column":null}},{"start":{},"end":{}}],"line":207},"32":{"loc":{"start":{"line":211,"column":28},"end":{"line":211,"column":null}},"type":"binary-expr","locations":[{"start":{"line":211,"column":28},"end":{"line":211,"column":55}},{"start":{"line":211,"column":55},"end":{"line":211,"column":null}}],"line":211},"33":{"loc":{"start":{"line":218,"column":16},"end":{"line":220,"column":null}},"type":"if","locations":[{"start":{"line":218,"column":16},"end":{"line":220,"column":null}},{"start":{"line":219,"column":25},"end":{"line":220,"column":null}}],"line":218},"34":{"loc":{"start":{"line":219,"column":25},"end":{"line":220,"column":null}},"type":"if","locations":[{"start":{"line":219,"column":25},"end":{"line":220,"column":null}},{"start":{"line":220,"column":25},"end":{"line":220,"column":null}}],"line":219},"35":{"loc":{"start":{"line":219,"column":25},"end":{"line":219,"column":71}},"type":"binary-expr","locations":[{"start":{"line":219,"column":25},"end":{"line":219,"column":46}},{"start":{"line":219,"column":50},"end":{"line":219,"column":71}}],"line":219},"36":{"loc":{"start":{"line":220,"column":25},"end":{"line":220,"column":null}},"type":"if","locations":[{"start":{"line":220,"column":25},"end":{"line":220,"column":null}},{"start":{},"end":{}}],"line":220},"37":{"loc":{"start":{"line":241,"column":8},"end":{"line":241,"column":null}},"type":"if","locations":[{"start":{"line":241,"column":8},"end":{"line":241,"column":null}},{"start":{},"end":{}}],"line":241},"38":{"loc":{"start":{"line":243,"column":8},"end":{"line":243,"column":null}},"type":"if","locations":[{"start":{"line":243,"column":8},"end":{"line":243,"column":null}},{"start":{},"end":{}}],"line":243},"39":{"loc":{"start":{"line":249,"column":49},"end":{"line":249,"column":68}},"type":"binary-expr","locations":[{"start":{"line":249,"column":49},"end":{"line":249,"column":66}},{"start":{"line":249,"column":66},"end":{"line":249,"column":68}}],"line":249},"40":{"loc":{"start":{"line":251,"column":25},"end":{"line":252,"column":null}},"type":"binary-expr","locations":[{"start":{"line":251,"column":25},"end":{"line":251,"column":71}},{"start":{"line":252,"column":25},"end":{"line":252,"column":null}}],"line":251},"41":{"loc":{"start":{"line":254,"column":16},"end":{"line":254,"column":null}},"type":"if","locations":[{"start":{"line":254,"column":16},"end":{"line":254,"column":null}},{"start":{},"end":{}}],"line":254},"42":{"loc":{"start":{"line":256,"column":12},"end":{"line":258,"column":null}},"type":"if","locations":[{"start":{"line":256,"column":12},"end":{"line":258,"column":null}},{"start":{},"end":{}}],"line":256},"43":{"loc":{"start":{"line":264,"column":12},"end":{"line":267,"column":null}},"type":"if","locations":[{"start":{"line":264,"column":12},"end":{"line":267,"column":null}},{"start":{"line":266,"column":19},"end":{"line":267,"column":null}}],"line":264},"44":{"loc":{"start":{"line":275,"column":8},"end":{"line":275,"column":null}},"type":"if","locations":[{"start":{"line":275,"column":8},"end":{"line":275,"column":null}},{"start":{},"end":{}}],"line":275},"45":{"loc":{"start":{"line":280,"column":8},"end":{"line":280,"column":null}},"type":"if","locations":[{"start":{"line":280,"column":8},"end":{"line":280,"column":null}},{"start":{},"end":{}}],"line":280},"46":{"loc":{"start":{"line":288,"column":8},"end":{"line":288,"column":null}},"type":"if","locations":[{"start":{"line":288,"column":8},"end":{"line":288,"column":null}},{"start":{},"end":{}}],"line":288},"47":{"loc":{"start":{"line":289,"column":8},"end":{"line":289,"column":null}},"type":"if","locations":[{"start":{"line":289,"column":8},"end":{"line":289,"column":null}},{"start":{},"end":{}}],"line":289},"48":{"loc":{"start":{"line":291,"column":8},"end":{"line":291,"column":null}},"type":"if","locations":[{"start":{"line":291,"column":8},"end":{"line":291,"column":null}},{"start":{},"end":{}}],"line":291},"49":{"loc":{"start":{"line":294,"column":49},"end":{"line":294,"column":68}},"type":"binary-expr","locations":[{"start":{"line":294,"column":49},"end":{"line":294,"column":66}},{"start":{"line":294,"column":66},"end":{"line":294,"column":68}}],"line":294},"50":{"loc":{"start":{"line":296,"column":25},"end":{"line":297,"column":null}},"type":"binary-expr","locations":[{"start":{"line":296,"column":25},"end":{"line":296,"column":71}},{"start":{"line":297,"column":25},"end":{"line":297,"column":null}}],"line":296},"51":{"loc":{"start":{"line":299,"column":16},"end":{"line":299,"column":null}},"type":"if","locations":[{"start":{"line":299,"column":16},"end":{"line":299,"column":null}},{"start":{},"end":{}}],"line":299},"52":{"loc":{"start":{"line":299,"column":32},"end":{"line":299,"column":null}},"type":"binary-expr","locations":[{"start":{"line":299,"column":32},"end":{"line":299,"column":59}},{"start":{"line":299,"column":59},"end":{"line":299,"column":null}}],"line":299},"53":{"loc":{"start":{"line":306,"column":8},"end":{"line":306,"column":null}},"type":"if","locations":[{"start":{"line":306,"column":8},"end":{"line":306,"column":null}},{"start":{},"end":{}}],"line":306},"54":{"loc":{"start":{"line":311,"column":16},"end":{"line":312,"column":null}},"type":"if","locations":[{"start":{"line":311,"column":16},"end":{"line":312,"column":null}},{"start":{},"end":{}}],"line":311}},"s":{"0":1,"1":1,"2":1,"3":1,"4":1,"5":3,"6":1,"7":2,"8":0,"9":2,"10":2,"11":2,"12":1,"13":1,"14":1,"15":23,"16":23,"17":23,"18":23,"19":1,"20":1,"21":22,"22":1,"23":1,"24":21,"25":0,"26":21,"27":21,"28":21,"29":19,"30":19,"31":19,"32":1,"33":1,"34":19,"35":0,"36":1,"37":22,"38":0,"39":22,"40":22,"41":21,"42":1,"43":1,"44":26,"45":26,"46":4,"47":22,"48":2,"49":26,"50":3,"51":0,"52":0,"53":3,"54":3,"55":3,"56":0,"57":3,"58":3,"59":3,"60":3,"61":0,"62":0,"63":0,"64":3,"65":2,"66":2,"67":1,"68":1,"69":1,"70":1,"71":1,"72":1,"73":1,"74":0,"75":1,"76":1,"77":0,"78":1,"79":1,"80":0,"81":1,"82":1,"83":5,"84":0,"85":5,"86":5,"87":5,"88":0,"89":0,"90":1,"91":0,"92":1,"93":0,"94":1,"95":0,"96":1,"97":1,"98":0,"99":1,"100":2,"101":2,"102":0,"103":2,"104":0,"105":2,"106":2,"107":2,"108":1,"109":1,"110":1,"111":3,"112":3,"113":3,"114":3,"115":1,"116":2,"117":1,"118":1,"119":1,"120":1,"121":0,"122":3,"123":1,"124":2,"125":2,"126":0,"127":2,"128":2,"129":2,"130":2,"131":1,"132":1,"133":1,"134":1,"135":2,"136":1,"137":1,"138":1,"139":1,"140":0,"141":0,"142":0,"143":0,"144":3,"145":3,"146":0,"147":3,"148":1,"149":0,"150":1,"151":1,"152":0,"153":1,"154":0,"155":0,"156":0,"157":0,"158":0,"159":0,"160":0,"161":0,"162":0,"163":0,"164":0,"165":0,"166":0,"167":0,"168":0,"169":0,"170":1,"171":0,"172":1,"173":1,"174":1,"175":1,"176":2,"177":1,"178":1,"179":0,"180":23,"181":23,"182":1},"f":{"0":3,"1":2,"2":1,"3":23,"4":23,"5":1,"6":22,"7":26,"8":3,"9":3,"10":0,"11":1,"12":1,"13":5,"14":1,"15":2,"16":3,"17":1,"18":3,"19":1,"20":0,"21":0,"22":1,"23":23},"b":{"0":[3],"1":[1,2],"2":[0,2],"3":[1,22],"4":[1,21],"5":[22,21],"6":[0,21],"7":[0,21],"8":[1,0],"9":[0,19],"10":[0,22],"11":[4,22],"12":[26,5],"13":[2,20],"14":[22,21],"15":[0,3],"16":[0,3],"17":[1,2],"18":[3,0,0,0],"19":[0,3],"20":[1,1],"21":[1,0],"22":[0,1],"23":[0,5],"24":[5,1],"25":[0,1],"26":[0,1],"27":[0,1],"28":[0,0],"29":[0,2],"30":[0,2],"31":[1,1],"32":[3,0],"33":[1,2],"34":[1,1],"35":[2,2],"36":[1,0],"37":[1,2],"38":[0,2],"39":[2,1],"40":[1,0],"41":[1,0],"42":[1,1],"43":[0,0],"44":[0,3],"45":[0,1],"46":[0,0],"47":[0,0],"48":[0,0],"49":[0,0],"50":[0,0],"51":[0,0],"52":[0,0],"53":[0,1],"54":[1,1]},"meta":{"lastBranch":55,"lastFunction":24,"lastStatement":183,"seen":{"s:20:23:20:Infinity":0,"s:23:26:23:Infinity":1,"s:24:49:24:Infinity":2,"s:230:72:233:Infinity":3,"s:235:71:238:Infinity":4,"f:27:10:27:22":0,"b:27:34:27:58":0,"b:28:8:28:Infinity:undefined:undefined:undefined:undefined":1,"s:28:8:28:Infinity":5,"s:28:30:28:Infinity":6,"b:29:8:29:Infinity:undefined:undefined:undefined:undefined":2,"s:29:8:29:Infinity":7,"s:29:32:29:Infinity":8,"s:30:8:37:Infinity":9,"s:31:12:34:Infinity":10,"f:33:20:33:35":1,"s:33:49:33:106":11,"f:33:49:33:66":2,"s:33:66:33:94":12,"s:35:12:35:Infinity":13,"s:37:12:37:Infinity":14,"f:43:10:43:38":3,"s:44:8:44:Infinity":15,"s:45:8:45:Infinity":16,"f:48:18:48:49":4,"s:49:23:49:Infinity":17,"b:52:8:54:Infinity:undefined:undefined:undefined:undefined":3,"s:52:8:54:Infinity":18,"s:53:12:53:Infinity":19,"s:54:12:54:Infinity":20,"b:56:8:58:Infinity:undefined:undefined:undefined:undefined":4,"s:56:8:58:Infinity":21,"b:56:12:56:23:56:23:56:43":5,"s:57:12:57:Infinity":22,"s:58:12:58:Infinity":23,"b:60:8:60:Infinity:undefined:undefined:undefined:undefined":6,"s:60:8:60:Infinity":24,"s:60:30:60:Infinity":25,"s:62:8:81:Infinity":26,"s:63:12:63:Infinity":27,"b:63:68:63:85:63:85:63:102":7,"s:64:12:64:Infinity":28,"s:65:12:65:Infinity":29,"s:68:12:68:Infinity":30,"s:73:12:77:Infinity":31,"f:73:22:73:53":5,"b:74:16:75:Infinity:undefined:undefined:undefined:undefined":8,"s:74:16:75:Infinity":32,"s:75:20:75:Infinity":33,"b:79:12:79:Infinity:undefined:undefined:undefined:undefined":9,"s:79:12:79:Infinity":34,"s:79:34:79:Infinity":35,"s:81:12:81:Infinity":36,"f:87:10:87:44":6,"b:88:8:88:Infinity:undefined:undefined:undefined:undefined":10,"s:88:8:88:Infinity":37,"s:88:31:88:Infinity":38,"s:89:8:94:Infinity":39,"s:90:37:90:70":40,"s:91:12:91:Infinity":41,"s:93:12:93:Infinity":42,"s:94:12:94:Infinity":43,"f:98:4:98:12":7,"s:99:22:99:Infinity":44,"b:100:8:104:Infinity:102:19:104:Infinity":11,"s:100:8:104:Infinity":45,"b:100:12:100:21:100:21:100:35":12,"s:101:12:101:Infinity":46,"b:102:19:104:Infinity:undefined:undefined:undefined:undefined":13,"s:102:19:104:Infinity":47,"b:102:19:102:29:102:29:102:42":14,"s:104:12:104:Infinity":48,"s:106:8:106:Infinity":49,"f:115:10:115:19":8,"b:116:8:118:Infinity:undefined:undefined:undefined:undefined":15,"s:116:8:118:Infinity":50,"s:117:12:117:Infinity":51,"s:118:12:118:Infinity":52,"s:120:8:156:Infinity":53,"s:121:29:121:60":54,"b:122:12:122:Infinity:undefined:undefined:undefined:undefined":16,"s:122:12:122:Infinity":55,"s:122:27:122:Infinity":56,"s:127:31:127:Infinity":57,"b:127:58:127:69:127:69:127:Infinity":17,"s:128:24:132:Infinity":58,"f:128:51:128:Infinity":9,"s:129:21:132:69":59,"b:129:21:129:Infinity:130:21:130:Infinity:131:21:131:68:132:21:132:69":18,"b:134:12:136:Infinity:undefined:undefined:undefined:undefined":19,"s:134:12:136:Infinity":60,"s:135:16:135:Infinity":61,"f:135:149:135:153":10,"s:135:159:135:202":62,"s:136:16:136:Infinity":63,"s:139:37:139:87":64,"s:140:28:140:74":65,"b:143:12:146:Infinity:undefined:undefined:undefined:undefined":20,"s:143:12:146:Infinity":66,"s:144:16:144:Infinity":67,"f:144:26:144:34":11,"s:144:39:144:58":68,"s:145:46:145:79":69,"s:146:16:146:Infinity":70,"s:148:12:148:Infinity":71,"b:151:12:154:Infinity:153:19:154:Infinity":21,"s:151:12:154:Infinity":72,"s:152:16:152:Infinity":73,"s:154:16:154:Infinity":74,"s:156:12:156:Infinity":75,"f:162:10:162:47":12,"b:163:8:163:Infinity:undefined:undefined:undefined:undefined":22,"s:163:8:163:Infinity":76,"s:163:31:163:Infinity":77,"s:164:8:169:Infinity":78,"s:165:37:165:71":79,"s:166:12:166:Infinity":80,"s:168:12:168:Infinity":81,"s:169:12:169:Infinity":82,"f:175:10:175:66":13,"b:176:8:176:Infinity:undefined:undefined:undefined:undefined":23,"s:176:8:176:Infinity":83,"s:176:31:176:Infinity":84,"s:177:8:182:Infinity":85,"s:178:30:178:60":86,"s:179:12:179:Infinity":87,"b:179:19:179:40:179:40:179:Infinity":24,"s:181:12:181:Infinity":88,"s:182:12:182:Infinity":89,"f:187:10:187:42":14,"b:188:8:188:Infinity:undefined:undefined:undefined:undefined":25,"s:188:8:188:Infinity":90,"s:188:43:188:Infinity":91,"b:189:8:189:Infinity:undefined:undefined:undefined:undefined":26,"s:189:8:189:Infinity":92,"s:189:31:189:Infinity":93,"b:190:8:190:Infinity:undefined:undefined:undefined:undefined":27,"s:190:8:190:Infinity":94,"s:190:31:190:Infinity":95,"s:191:8:195:Infinity":96,"s:192:27:192:57":97,"s:193:12:193:Infinity":98,"b:193:19:193:39:193:39:193:Infinity":28,"s:195:12:195:Infinity":99,"f:200:10:200:86":15,"s:201:25:201:Infinity":100,"b:203:8:203:Infinity:undefined:undefined:undefined:undefined":29,"s:203:8:203:Infinity":101,"s:203:31:203:Infinity":102,"b:204:8:204:Infinity:undefined:undefined:undefined:undefined":30,"s:204:8:204:Infinity":103,"s:204:31:204:Infinity":104,"s:205:8:224:Infinity":105,"s:206:29:206:60":106,"b:207:12:207:Infinity:undefined:undefined:undefined:undefined":31,"s:207:12:207:Infinity":107,"s:207:27:207:Infinity":108,"s:208:27:208:42":109,"s:209:12:220:Infinity":110,"s:210:27:210:55":111,"s:211:28:211:Infinity":112,"b:211:28:211:55:211:55:211:Infinity":32,"s:214:30:217:27":113,"b:218:16:220:Infinity:219:25:220:Infinity":33,"s:218:16:220:Infinity":114,"s:218:44:218:Infinity":115,"b:219:25:220:Infinity:220:25:220:Infinity":34,"s:219:25:220:Infinity":116,"b:219:25:219:46:219:50:219:71":35,"s:219:73:219:Infinity":117,"b:220:25:220:Infinity:undefined:undefined:undefined:undefined":36,"s:220:25:220:Infinity":118,"s:220:50:220:Infinity":119,"s:222:12:222:Infinity":120,"s:224:12:224:Infinity":121,"f:240:10:240:23":16,"b:241:8:241:Infinity:undefined:undefined:undefined:undefined":37,"s:241:8:241:Infinity":122,"s:241:31:241:Infinity":123,"s:242:26:242:Infinity":124,"b:243:8:243:Infinity:undefined:undefined:undefined:undefined":38,"s:243:8:243:Infinity":125,"s:243:24:243:Infinity":126,"s:245:8:269:Infinity":127,"s:246:30:246:60":128,"s:248:28:248:Infinity":129,"s:249:12:254:Infinity":130,"b:249:49:249:66:249:66:249:68":39,"s:250:16:253:Infinity":131,"f:250:55:250:Infinity":17,"s:251:25:252:Infinity":132,"b:251:25:251:71:252:25:252:Infinity":40,"b:254:16:254:Infinity:undefined:undefined:undefined:undefined":41,"s:254:16:254:Infinity":133,"s:254:31:254:Infinity":134,"b:256:12:258:Infinity:undefined:undefined:undefined:undefined":42,"s:256:12:258:Infinity":135,"s:257:16:257:Infinity":136,"s:258:16:258:Infinity":137,"s:261:37:261:93":138,"s:262:12:262:Infinity":139,"b:264:12:267:Infinity:266:19:267:Infinity":43,"s:264:12:267:Infinity":140,"s:265:16:265:Infinity":141,"s:267:16:267:Infinity":142,"s:269:12:269:Infinity":143,"f:273:4:273:23":18,"s:274:22:274:Infinity":144,"b:275:8:275:Infinity:undefined:undefined:undefined:undefined":44,"s:275:8:275:Infinity":145,"s:275:20:275:Infinity":146,"s:276:8:276:Infinity":147,"f:279:10:279:26":19,"b:280:8:280:Infinity:undefined:undefined:undefined:undefined":45,"s:280:8:280:Infinity":148,"s:280:31:280:Infinity":149,"s:281:8:284:Infinity":150,"s:282:37:282:70":151,"s:283:12:283:Infinity":152,"s:284:18:284:Infinity":153,"f:287:10:287:23":20,"b:288:8:288:Infinity:undefined:undefined:undefined:undefined":46,"s:288:8:288:Infinity":154,"s:288:31:288:Infinity":155,"b:289:8:289:Infinity:undefined:undefined:undefined:undefined":47,"s:289:8:289:Infinity":156,"s:289:31:289:Infinity":157,"s:290:26:290:Infinity":158,"b:291:8:291:Infinity:undefined:undefined:undefined:undefined":48,"s:291:8:291:Infinity":159,"s:291:24:291:Infinity":160,"s:292:8:302:Infinity":161,"s:293:30:293:60":162,"s:294:12:299:Infinity":163,"b:294:49:294:66:294:66:294:68":49,"s:295:28:297:Infinity":164,"f:295:55:295:Infinity":21,"s:296:25:297:Infinity":165,"b:296:25:296:71:297:25:297:Infinity":50,"b:299:16:299:Infinity:undefined:undefined:undefined:undefined":51,"s:299:16:299:Infinity":166,"s:299:25:299:Infinity":167,"b:299:32:299:59:299:59:299:Infinity":52,"s:301:12:301:Infinity":168,"s:302:18:302:Infinity":169,"f:305:10:305:53":22,"b:306:8:306:Infinity:undefined:undefined:undefined:undefined":53,"s:306:8:306:Infinity":170,"s:306:31:306:Infinity":171,"s:307:8:316:Infinity":172,"s:308:37:308:70":173,"s:309:40:309:42":174,"s:310:12:312:Infinity":175,"b:311:16:312:Infinity:undefined:undefined:undefined:undefined":54,"s:311:16:312:Infinity":176,"s:312:20:312:Infinity":177,"s:315:12:315:Infinity":178,"s:316:18:316:Infinity":179,"f:320:4:320:11":23,"s:321:8:321:Infinity":180,"s:322:8:322:Infinity":181,"s:326:26:326:42":182}}}
,"D:\\Python\\suntrail_threejs\\src\\modules\\state.ts": {"path":"D:\\Python\\suntrail_threejs\\src\\modules\\state.ts","statementMap":{"0":{"start":{"line":28,"column":26},"end":{"line":28,"column":null}},"1":{"start":{"line":56,"column":83},"end":{"line":89,"column":null}},"2":{"start":{"line":81,"column":34},"end":{"line":81,"column":null}},"3":{"start":{"line":234,"column":28},"end":{"line":293,"column":null}},"4":{"start":{"line":295,"column":13},"end":{"line":295,"column":54}},"5":{"start":{"line":297,"column":40},"end":{"line":297,"column":null}},"6":{"start":{"line":328,"column":21},"end":{"line":328,"column":null}},"7":{"start":{"line":329,"column":23},"end":{"line":329,"column":null}},"8":{"start":{"line":332,"column":4},"end":{"line":332,"column":null}},"9":{"start":{"line":332,"column":21},"end":{"line":332,"column":null}},"10":{"start":{"line":333,"column":4},"end":{"line":368,"column":null}},"11":{"start":{"line":334,"column":46},"end":{"line":361,"column":null}},"12":{"start":{"line":362,"column":8},"end":{"line":365,"column":null}},"13":{"start":{"line":363,"column":12},"end":{"line":363,"column":null}},"14":{"start":{"line":365,"column":12},"end":{"line":365,"column":null}},"15":{"start":{"line":367,"column":8},"end":{"line":367,"column":null}},"16":{"start":{"line":371,"column":16},"end":{"line":371,"column":null}},"17":{"start":{"line":374,"column":4},"end":{"line":380,"column":null}},"18":{"start":{"line":375,"column":8},"end":{"line":378,"column":null}},"19":{"start":{"line":380,"column":8},"end":{"line":380,"column":null}},"20":{"start":{"line":385,"column":4},"end":{"line":392,"column":null}},"21":{"start":{"line":386,"column":22},"end":{"line":386,"column":51}},"22":{"start":{"line":387,"column":8},"end":{"line":387,"column":null}},"23":{"start":{"line":387,"column":20},"end":{"line":387,"column":null}},"24":{"start":{"line":388,"column":23},"end":{"line":388,"column":40}},"25":{"start":{"line":389,"column":8},"end":{"line":389,"column":null}},"26":{"start":{"line":390,"column":8},"end":{"line":390,"column":null}},"27":{"start":{"line":392,"column":8},"end":{"line":392,"column":null}},"28":{"start":{"line":397,"column":4},"end":{"line":397,"column":null}},"29":{"start":{"line":397,"column":21},"end":{"line":397,"column":null}},"30":{"start":{"line":398,"column":4},"end":{"line":398,"column":null}},"31":{"start":{"line":398,"column":55},"end":{"line":398,"column":null}},"32":{"start":{"line":399,"column":4},"end":{"line":399,"column":null}},"33":{"start":{"line":403,"column":23},"end":{"line":403,"column":null}},"34":{"start":{"line":404,"column":4},"end":{"line":404,"column":null}},"35":{"start":{"line":405,"column":4},"end":{"line":405,"column":null}},"36":{"start":{"line":406,"column":4},"end":{"line":406,"column":null}},"37":{"start":{"line":407,"column":4},"end":{"line":407,"column":null}},"38":{"start":{"line":408,"column":4},"end":{"line":408,"column":null}},"39":{"start":{"line":409,"column":4},"end":{"line":409,"column":null}},"40":{"start":{"line":413,"column":4},"end":{"line":458,"column":null}},"41":{"start":{"line":414,"column":22},"end":{"line":414,"column":56}},"42":{"start":{"line":415,"column":8},"end":{"line":415,"column":null}},"43":{"start":{"line":415,"column":20},"end":{"line":415,"column":null}},"44":{"start":{"line":416,"column":23},"end":{"line":416,"column":40}},"45":{"start":{"line":417,"column":8},"end":{"line":417,"column":null}},"46":{"start":{"line":417,"column":62},"end":{"line":417,"column":null}},"47":{"start":{"line":418,"column":8},"end":{"line":420,"column":null}},"48":{"start":{"line":419,"column":12},"end":{"line":419,"column":null}},"49":{"start":{"line":420,"column":12},"end":{"line":420,"column":null}},"50":{"start":{"line":422,"column":8},"end":{"line":422,"column":null}},"51":{"start":{"line":422,"column":25},"end":{"line":422,"column":null}},"52":{"start":{"line":423,"column":8},"end":{"line":423,"column":null}},"53":{"start":{"line":423,"column":36},"end":{"line":423,"column":null}},"54":{"start":{"line":424,"column":8},"end":{"line":424,"column":null}},"55":{"start":{"line":425,"column":8},"end":{"line":425,"column":null}},"56":{"start":{"line":426,"column":8},"end":{"line":426,"column":null}},"57":{"start":{"line":427,"column":8},"end":{"line":427,"column":null}},"58":{"start":{"line":428,"column":8},"end":{"line":428,"column":null}},"59":{"start":{"line":428,"column":45},"end":{"line":428,"column":null}},"60":{"start":{"line":429,"column":8},"end":{"line":443,"column":null}},"61":{"start":{"line":430,"column":12},"end":{"line":430,"column":null}},"62":{"start":{"line":431,"column":12},"end":{"line":431,"column":null}},"63":{"start":{"line":432,"column":12},"end":{"line":432,"column":null}},"64":{"start":{"line":433,"column":12},"end":{"line":433,"column":null}},"65":{"start":{"line":434,"column":12},"end":{"line":434,"column":null}},"66":{"start":{"line":435,"column":12},"end":{"line":435,"column":null}},"67":{"start":{"line":435,"column":55},"end":{"line":435,"column":null}},"68":{"start":{"line":436,"column":12},"end":{"line":436,"column":null}},"69":{"start":{"line":436,"column":56},"end":{"line":436,"column":null}},"70":{"start":{"line":437,"column":12},"end":{"line":437,"column":null}},"71":{"start":{"line":438,"column":12},"end":{"line":438,"column":null}},"72":{"start":{"line":438,"column":35},"end":{"line":438,"column":null}},"73":{"start":{"line":439,"column":12},"end":{"line":439,"column":null}},"74":{"start":{"line":439,"column":30},"end":{"line":439,"column":null}},"75":{"start":{"line":440,"column":12},"end":{"line":440,"column":null}},"76":{"start":{"line":440,"column":32},"end":{"line":440,"column":null}},"77":{"start":{"line":441,"column":12},"end":{"line":441,"column":null}},"78":{"start":{"line":441,"column":57},"end":{"line":441,"column":null}},"79":{"start":{"line":442,"column":12},"end":{"line":442,"column":null}},"80":{"start":{"line":442,"column":54},"end":{"line":442,"column":null}},"81":{"start":{"line":443,"column":12},"end":{"line":443,"column":null}},"82":{"start":{"line":443,"column":52},"end":{"line":443,"column":null}},"83":{"start":{"line":445,"column":8},"end":{"line":447,"column":null}},"84":{"start":{"line":446,"column":12},"end":{"line":446,"column":null}},"85":{"start":{"line":447,"column":12},"end":{"line":447,"column":null}},"86":{"start":{"line":449,"column":8},"end":{"line":451,"column":null}},"87":{"start":{"line":450,"column":12},"end":{"line":450,"column":null}},"88":{"start":{"line":451,"column":12},"end":{"line":451,"column":null}},"89":{"start":{"line":453,"column":8},"end":{"line":453,"column":null}},"90":{"start":{"line":453,"column":44},"end":{"line":453,"column":null}},"91":{"start":{"line":455,"column":8},"end":{"line":455,"column":null}},"92":{"start":{"line":457,"column":8},"end":{"line":457,"column":null}},"93":{"start":{"line":458,"column":8},"end":{"line":458,"column":null}},"94":{"start":{"line":469,"column":4},"end":{"line":469,"column":null}},"95":{"start":{"line":469,"column":42},"end":{"line":469,"column":null}},"96":{"start":{"line":472,"column":19},"end":{"line":472,"column":null}},"97":{"start":{"line":473,"column":10},"end":{"line":473,"column":67}},"98":{"start":{"line":475,"column":4},"end":{"line":475,"column":null}},"99":{"start":{"line":476,"column":4},"end":{"line":476,"column":null}},"100":{"start":{"line":477,"column":4},"end":{"line":477,"column":null}},"101":{"start":{"line":479,"column":4},"end":{"line":479,"column":null}}},"fnMap":{"0":{"name":"(anonymous_0)","decl":{"start":{"line":81,"column":12},"end":{"line":81,"column":32}},"loc":{"start":{"line":81,"column":32},"end":{"line":81,"column":null}},"line":81},"1":{"name":"saveSettings","decl":{"start":{"line":331,"column":16},"end":{"line":331,"column":37}},"loc":{"start":{"line":331,"column":37},"end":{"line":368,"column":null}},"line":331},"2":{"name":"(anonymous_2)","decl":{"start":{"line":333,"column":18},"end":{"line":333,"column":35}},"loc":{"start":{"line":333,"column":35},"end":{"line":368,"column":11}},"line":333},"3":{"name":"saveProStatus","decl":{"start":{"line":373,"column":16},"end":{"line":373,"column":38}},"loc":{"start":{"line":373,"column":38},"end":{"line":380,"column":null}},"line":373},"4":{"name":"loadProStatus","decl":{"start":{"line":384,"column":16},"end":{"line":384,"column":38}},"loc":{"start":{"line":384,"column":38},"end":{"line":392,"column":null}},"line":384},"5":{"name":"isProActive","decl":{"start":{"line":396,"column":16},"end":{"line":396,"column":39}},"loc":{"start":{"line":396,"column":39},"end":{"line":399,"column":null}},"line":396},"6":{"name":"activateDiscoveryTrial","decl":{"start":{"line":402,"column":16},"end":{"line":402,"column":39}},"loc":{"start":{"line":402,"column":55},"end":{"line":409,"column":null}},"line":402},"7":{"name":"loadSettings","decl":{"start":{"line":412,"column":16},"end":{"line":412,"column":53}},"loc":{"start":{"line":412,"column":53},"end":{"line":458,"column":null}},"line":412},"8":{"name":"saveLastView","decl":{"start":{"line":468,"column":16},"end":{"line":468,"column":37}},"loc":{"start":{"line":468,"column":37},"end":{"line":479,"column":null}},"line":468}},"branchMap":{"0":{"loc":{"start":{"line":81,"column":41},"end":{"line":81,"column":null}},"type":"cond-expr","locations":[{"start":{"line":81,"column":73},"end":{"line":81,"column":99}},{"start":{"line":81,"column":99},"end":{"line":81,"column":null}}],"line":81},"1":{"loc":{"start":{"line":332,"column":4},"end":{"line":332,"column":null}},"type":"if","locations":[{"start":{"line":332,"column":4},"end":{"line":332,"column":null}},{"start":{},"end":{}}],"line":332},"2":{"loc":{"start":{"line":387,"column":8},"end":{"line":387,"column":null}},"type":"if","locations":[{"start":{"line":387,"column":8},"end":{"line":387,"column":null}},{"start":{},"end":{}}],"line":387},"3":{"loc":{"start":{"line":390,"column":25},"end":{"line":390,"column":null}},"type":"binary-expr","locations":[{"start":{"line":390,"column":25},"end":{"line":390,"column":44}},{"start":{"line":390,"column":44},"end":{"line":390,"column":null}}],"line":390},"4":{"loc":{"start":{"line":397,"column":4},"end":{"line":397,"column":null}},"type":"if","locations":[{"start":{"line":397,"column":4},"end":{"line":397,"column":null}},{"start":{},"end":{}}],"line":397},"5":{"loc":{"start":{"line":398,"column":4},"end":{"line":398,"column":null}},"type":"if","locations":[{"start":{"line":398,"column":4},"end":{"line":398,"column":null}},{"start":{},"end":{}}],"line":398},"6":{"loc":{"start":{"line":398,"column":8},"end":{"line":398,"column":55}},"type":"binary-expr","locations":[{"start":{"line":398,"column":8},"end":{"line":398,"column":26}},{"start":{"line":398,"column":26},"end":{"line":398,"column":55}}],"line":398},"7":{"loc":{"start":{"line":402,"column":39},"end":{"line":402,"column":55}},"type":"default-arg","locations":[{"start":{"line":402,"column":46},"end":{"line":402,"column":55}}],"line":402},"8":{"loc":{"start":{"line":415,"column":8},"end":{"line":415,"column":null}},"type":"if","locations":[{"start":{"line":415,"column":8},"end":{"line":415,"column":null}},{"start":{},"end":{}}],"line":415},"9":{"loc":{"start":{"line":417,"column":8},"end":{"line":417,"column":null}},"type":"if","locations":[{"start":{"line":417,"column":8},"end":{"line":417,"column":null}},{"start":{},"end":{}}],"line":417},"10":{"loc":{"start":{"line":417,"column":12},"end":{"line":417,"column":62}},"type":"binary-expr","locations":[{"start":{"line":417,"column":12},"end":{"line":417,"column":42}},{"start":{"line":417,"column":42},"end":{"line":417,"column":62}}],"line":417},"11":{"loc":{"start":{"line":418,"column":8},"end":{"line":420,"column":null}},"type":"if","locations":[{"start":{"line":418,"column":8},"end":{"line":420,"column":null}},{"start":{},"end":{}}],"line":418},"12":{"loc":{"start":{"line":422,"column":8},"end":{"line":422,"column":null}},"type":"if","locations":[{"start":{"line":422,"column":8},"end":{"line":422,"column":null}},{"start":{},"end":{}}],"line":422},"13":{"loc":{"start":{"line":423,"column":8},"end":{"line":423,"column":null}},"type":"if","locations":[{"start":{"line":423,"column":8},"end":{"line":423,"column":null}},{"start":{},"end":{}}],"line":423},"14":{"loc":{"start":{"line":428,"column":8},"end":{"line":428,"column":null}},"type":"if","locations":[{"start":{"line":428,"column":8},"end":{"line":428,"column":null}},{"start":{},"end":{}}],"line":428},"15":{"loc":{"start":{"line":429,"column":8},"end":{"line":443,"column":null}},"type":"if","locations":[{"start":{"line":429,"column":8},"end":{"line":443,"column":null}},{"start":{},"end":{}}],"line":429},"16":{"loc":{"start":{"line":435,"column":12},"end":{"line":435,"column":null}},"type":"if","locations":[{"start":{"line":435,"column":12},"end":{"line":435,"column":null}},{"start":{},"end":{}}],"line":435},"17":{"loc":{"start":{"line":436,"column":12},"end":{"line":436,"column":null}},"type":"if","locations":[{"start":{"line":436,"column":12},"end":{"line":436,"column":null}},{"start":{},"end":{}}],"line":436},"18":{"loc":{"start":{"line":438,"column":12},"end":{"line":438,"column":null}},"type":"if","locations":[{"start":{"line":438,"column":12},"end":{"line":438,"column":null}},{"start":{},"end":{}}],"line":438},"19":{"loc":{"start":{"line":439,"column":12},"end":{"line":439,"column":null}},"type":"if","locations":[{"start":{"line":439,"column":12},"end":{"line":439,"column":null}},{"start":{},"end":{}}],"line":439},"20":{"loc":{"start":{"line":440,"column":12},"end":{"line":440,"column":null}},"type":"if","locations":[{"start":{"line":440,"column":12},"end":{"line":440,"column":null}},{"start":{},"end":{}}],"line":440},"21":{"loc":{"start":{"line":441,"column":12},"end":{"line":441,"column":null}},"type":"if","locations":[{"start":{"line":441,"column":12},"end":{"line":441,"column":null}},{"start":{},"end":{}}],"line":441},"22":{"loc":{"start":{"line":442,"column":12},"end":{"line":442,"column":null}},"type":"if","locations":[{"start":{"line":442,"column":12},"end":{"line":442,"column":null}},{"start":{},"end":{}}],"line":442},"23":{"loc":{"start":{"line":443,"column":12},"end":{"line":443,"column":null}},"type":"if","locations":[{"start":{"line":443,"column":12},"end":{"line":443,"column":null}},{"start":{},"end":{}}],"line":443},"24":{"loc":{"start":{"line":445,"column":8},"end":{"line":447,"column":null}},"type":"if","locations":[{"start":{"line":445,"column":8},"end":{"line":447,"column":null}},{"start":{},"end":{}}],"line":445},"25":{"loc":{"start":{"line":449,"column":8},"end":{"line":451,"column":null}},"type":"if","locations":[{"start":{"line":449,"column":8},"end":{"line":451,"column":null}},{"start":{},"end":{}}],"line":449},"26":{"loc":{"start":{"line":453,"column":8},"end":{"line":453,"column":null}},"type":"if","locations":[{"start":{"line":453,"column":8},"end":{"line":453,"column":null}},{"start":{},"end":{}}],"line":453},"27":{"loc":{"start":{"line":469,"column":4},"end":{"line":469,"column":null}},"type":"if","locations":[{"start":{"line":469,"column":4},"end":{"line":469,"column":null}},{"start":{},"end":{}}],"line":469},"28":{"loc":{"start":{"line":469,"column":8},"end":{"line":469,"column":42}},"type":"binary-expr","locations":[{"start":{"line":469,"column":8},"end":{"line":469,"column":27}},{"start":{"line":469,"column":27},"end":{"line":469,"column":42}}],"line":469}},"s":{"0":1,"1":1,"2":0,"3":1,"4":1,"5":1,"6":1,"7":1,"8":0,"9":0,"10":0,"11":0,"12":0,"13":0,"14":0,"15":0,"16":1,"17":0,"18":0,"19":0,"20":0,"21":0,"22":0,"23":0,"24":0,"25":0,"26":0,"27":0,"28":0,"29":0,"30":0,"31":0,"32":0,"33":0,"34":0,"35":0,"36":0,"37":0,"38":0,"39":0,"40":0,"41":0,"42":0,"43":0,"44":0,"45":0,"46":0,"47":0,"48":0,"49":0,"50":0,"51":0,"52":0,"53":0,"54":0,"55":0,"56":0,"57":0,"58":0,"59":0,"60":0,"61":0,"62":0,"63":0,"64":0,"65":0,"66":0,"67":0,"68":0,"69":0,"70":0,"71":0,"72":0,"73":0,"74":0,"75":0,"76":0,"77":0,"78":0,"79":0,"80":0,"81":0,"82":0,"83":0,"84":0,"85":0,"86":0,"87":0,"88":0,"89":0,"90":0,"91":0,"92":0,"93":0,"94":0,"95":0,"96":0,"97":0,"98":0,"99":0,"100":0,"101":0},"f":{"0":0,"1":0,"2":0,"3":0,"4":0,"5":0,"6":0,"7":0,"8":0},"b":{"0":[0,0],"1":[0,0],"2":[0,0],"3":[0,0],"4":[0,0],"5":[0,0],"6":[0,0],"7":[0],"8":[0,0],"9":[0,0],"10":[0,0],"11":[0,0],"12":[0,0],"13":[0,0],"14":[0,0],"15":[0,0],"16":[0,0],"17":[0,0],"18":[0,0],"19":[0,0],"20":[0,0],"21":[0,0],"22":[0,0],"23":[0,0],"24":[0,0],"25":[0,0],"26":[0,0],"27":[0,0],"28":[0,0]},"meta":{"lastBranch":29,"lastFunction":9,"lastStatement":102,"seen":{"s:28:26:28:Infinity":0,"s:56:83:89:Infinity":1,"f:81:12:81:32":0,"s:81:34:81:Infinity":2,"b:81:73:81:99:81:99:81:Infinity":0,"s:234:28:293:Infinity":3,"s:295:13:295:54":4,"s:297:40:297:Infinity":5,"s:328:21:328:Infinity":6,"s:329:23:329:Infinity":7,"f:331:16:331:37":1,"b:332:4:332:Infinity:undefined:undefined:undefined:undefined":1,"s:332:4:332:Infinity":8,"s:332:21:332:Infinity":9,"s:333:4:368:Infinity":10,"f:333:18:333:35":2,"s:334:46:361:Infinity":11,"s:362:8:365:Infinity":12,"s:363:12:363:Infinity":13,"s:365:12:365:Infinity":14,"s:367:8:367:Infinity":15,"s:371:16:371:Infinity":16,"f:373:16:373:38":3,"s:374:4:380:Infinity":17,"s:375:8:378:Infinity":18,"s:380:8:380:Infinity":19,"f:384:16:384:38":4,"s:385:4:392:Infinity":20,"s:386:22:386:51":21,"b:387:8:387:Infinity:undefined:undefined:undefined:undefined":2,"s:387:8:387:Infinity":22,"s:387:20:387:Infinity":23,"s:388:23:388:40":24,"s:389:8:389:Infinity":25,"s:390:8:390:Infinity":26,"b:390:25:390:44:390:44:390:Infinity":3,"s:392:8:392:Infinity":27,"f:396:16:396:39":5,"b:397:4:397:Infinity:undefined:undefined:undefined:undefined":4,"s:397:4:397:Infinity":28,"s:397:21:397:Infinity":29,"b:398:4:398:Infinity:undefined:undefined:undefined:undefined":5,"s:398:4:398:Infinity":30,"b:398:8:398:26:398:26:398:55":6,"s:398:55:398:Infinity":31,"s:399:4:399:Infinity":32,"f:402:16:402:39":6,"b:402:46:402:55":7,"s:403:23:403:Infinity":33,"s:404:4:404:Infinity":34,"s:405:4:405:Infinity":35,"s:406:4:406:Infinity":36,"s:407:4:407:Infinity":37,"s:408:4:408:Infinity":38,"s:409:4:409:Infinity":39,"f:412:16:412:53":7,"s:413:4:458:Infinity":40,"s:414:22:414:56":41,"b:415:8:415:Infinity:undefined:undefined:undefined:undefined":8,"s:415:8:415:Infinity":42,"s:415:20:415:Infinity":43,"s:416:23:416:40":44,"b:417:8:417:Infinity:undefined:undefined:undefined:undefined":9,"s:417:8:417:Infinity":45,"b:417:12:417:42:417:42:417:62":10,"s:417:62:417:Infinity":46,"b:418:8:420:Infinity:undefined:undefined:undefined:undefined":11,"s:418:8:420:Infinity":47,"s:419:12:419:Infinity":48,"s:420:12:420:Infinity":49,"b:422:8:422:Infinity:undefined:undefined:undefined:undefined":12,"s:422:8:422:Infinity":50,"s:422:25:422:Infinity":51,"b:423:8:423:Infinity:undefined:undefined:undefined:undefined":13,"s:423:8:423:Infinity":52,"s:423:36:423:Infinity":53,"s:424:8:424:Infinity":54,"s:425:8:425:Infinity":55,"s:426:8:426:Infinity":56,"s:427:8:427:Infinity":57,"b:428:8:428:Infinity:undefined:undefined:undefined:undefined":14,"s:428:8:428:Infinity":58,"s:428:45:428:Infinity":59,"b:429:8:443:Infinity:undefined:undefined:undefined:undefined":15,"s:429:8:443:Infinity":60,"s:430:12:430:Infinity":61,"s:431:12:431:Infinity":62,"s:432:12:432:Infinity":63,"s:433:12:433:Infinity":64,"s:434:12:434:Infinity":65,"b:435:12:435:Infinity:undefined:undefined:undefined:undefined":16,"s:435:12:435:Infinity":66,"s:435:55:435:Infinity":67,"b:436:12:436:Infinity:undefined:undefined:undefined:undefined":17,"s:436:12:436:Infinity":68,"s:436:56:436:Infinity":69,"s:437:12:437:Infinity":70,"b:438:12:438:Infinity:undefined:undefined:undefined:undefined":18,"s:438:12:438:Infinity":71,"s:438:35:438:Infinity":72,"b:439:12:439:Infinity:undefined:undefined:undefined:undefined":19,"s:439:12:439:Infinity":73,"s:439:30:439:Infinity":74,"b:440:12:440:Infinity:undefined:undefined:undefined:undefined":20,"s:440:12:440:Infinity":75,"s:440:32:440:Infinity":76,"b:441:12:441:Infinity:undefined:undefined:undefined:undefined":21,"s:441:12:441:Infinity":77,"s:441:57:441:Infinity":78,"b:442:12:442:Infinity:undefined:undefined:undefined:undefined":22,"s:442:12:442:Infinity":79,"s:442:54:442:Infinity":80,"b:443:12:443:Infinity:undefined:undefined:undefined:undefined":23,"s:443:12:443:Infinity":81,"s:443:52:443:Infinity":82,"b:445:8:447:Infinity:undefined:undefined:undefined:undefined":24,"s:445:8:447:Infinity":83,"s:446:12:446:Infinity":84,"s:447:12:447:Infinity":85,"b:449:8:451:Infinity:undefined:undefined:undefined:undefined":25,"s:449:8:451:Infinity":86,"s:450:12:450:Infinity":87,"s:451:12:451:Infinity":88,"b:453:8:453:Infinity:undefined:undefined:undefined:undefined":26,"s:453:8:453:Infinity":89,"s:453:44:453:Infinity":90,"s:455:8:455:Infinity":91,"s:457:8:457:Infinity":92,"s:458:8:458:Infinity":93,"f:468:16:468:37":8,"b:469:4:469:Infinity:undefined:undefined:undefined:undefined":27,"s:469:4:469:Infinity":94,"b:469:8:469:27:469:27:469:42":28,"s:469:42:469:Infinity":95,"s:472:19:472:Infinity":96,"s:473:10:473:67":97,"s:475:4:475:Infinity":98,"s:476:4:476:Infinity":99,"s:477:4:477:Infinity":100,"s:479:4:479:Infinity":101}}}
,"D:\\Python\\suntrail_threejs\\src\\modules\\toast.ts": {"path":"D:\\Python\\suntrail_threejs\\src\\modules\\toast.ts","statementMap":{"0":{"start":{"line":6,"column":20},"end":{"line":6,"column":62}},"1":{"start":{"line":7,"column":4},"end":{"line":20,"column":null}},"2":{"start":{"line":8,"column":8},"end":{"line":8,"column":null}},"3":{"start":{"line":9,"column":8},"end":{"line":9,"column":null}},"4":{"start":{"line":10,"column":8},"end":{"line":10,"column":null}},"5":{"start":{"line":11,"column":8},"end":{"line":11,"column":null}},"6":{"start":{"line":12,"column":8},"end":{"line":12,"column":null}},"7":{"start":{"line":13,"column":8},"end":{"line":13,"column":null}},"8":{"start":{"line":14,"column":8},"end":{"line":14,"column":null}},"9":{"start":{"line":15,"column":8},"end":{"line":15,"column":null}},"10":{"start":{"line":16,"column":8},"end":{"line":16,"column":null}},"11":{"start":{"line":17,"column":8},"end":{"line":17,"column":null}},"12":{"start":{"line":18,"column":8},"end":{"line":18,"column":null}},"13":{"start":{"line":19,"column":8},"end":{"line":19,"column":null}},"14":{"start":{"line":20,"column":8},"end":{"line":20,"column":null}},"15":{"start":{"line":23,"column":18},"end":{"line":23,"column":47}},"16":{"start":{"line":24,"column":4},"end":{"line":24,"column":null}},"17":{"start":{"line":25,"column":4},"end":{"line":25,"column":null}},"18":{"start":{"line":26,"column":4},"end":{"line":26,"column":null}},"19":{"start":{"line":27,"column":4},"end":{"line":27,"column":null}},"20":{"start":{"line":28,"column":4},"end":{"line":28,"column":null}},"21":{"start":{"line":30,"column":4},"end":{"line":30,"column":null}},"22":{"start":{"line":31,"column":4},"end":{"line":31,"column":null}},"23":{"start":{"line":32,"column":4},"end":{"line":32,"column":null}},"24":{"start":{"line":33,"column":4},"end":{"line":33,"column":null}},"25":{"start":{"line":35,"column":4},"end":{"line":39,"column":null}},"26":{"start":{"line":36,"column":8},"end":{"line":36,"column":null}},"27":{"start":{"line":37,"column":8},"end":{"line":37,"column":null}},"28":{"start":{"line":38,"column":8},"end":{"line":38,"column":null}},"29":{"start":{"line":38,"column":25},"end":{"line":38,"column":39}}},"fnMap":{"0":{"name":"showToast","decl":{"start":{"line":5,"column":16},"end":{"line":5,"column":26}},"loc":{"start":{"line":5,"column":68},"end":{"line":39,"column":null}},"line":5},"1":{"name":"(anonymous_1)","decl":{"start":{"line":35,"column":4},"end":{"line":35,"column":21}},"loc":{"start":{"line":35,"column":21},"end":{"line":39,"column":16}},"line":35},"2":{"name":"(anonymous_2)","decl":{"start":{"line":38,"column":8},"end":{"line":38,"column":25}},"loc":{"start":{"line":38,"column":25},"end":{"line":38,"column":39}},"line":38}},"branchMap":{"0":{"loc":{"start":{"line":5,"column":43},"end":{"line":5,"column":68}},"type":"default-arg","locations":[{"start":{"line":5,"column":62},"end":{"line":5,"column":68}}],"line":5},"1":{"loc":{"start":{"line":7,"column":4},"end":{"line":20,"column":null}},"type":"if","locations":[{"start":{"line":7,"column":4},"end":{"line":20,"column":null}},{"start":{},"end":{}}],"line":7}},"s":{"0":0,"1":0,"2":0,"3":0,"4":0,"5":0,"6":0,"7":0,"8":0,"9":0,"10":0,"11":0,"12":0,"13":0,"14":0,"15":0,"16":0,"17":0,"18":0,"19":0,"20":0,"21":0,"22":0,"23":0,"24":0,"25":0,"26":0,"27":0,"28":0,"29":0},"f":{"0":0,"1":0,"2":0},"b":{"0":[0],"1":[0,0]},"meta":{"lastBranch":2,"lastFunction":3,"lastStatement":30,"seen":{"f:5:16:5:26":0,"b:5:62:5:68":0,"s:6:20:6:62":0,"b:7:4:20:Infinity:undefined:undefined:undefined:undefined":1,"s:7:4:20:Infinity":1,"s:8:8:8:Infinity":2,"s:9:8:9:Infinity":3,"s:10:8:10:Infinity":4,"s:11:8:11:Infinity":5,"s:12:8:12:Infinity":6,"s:13:8:13:Infinity":7,"s:14:8:14:Infinity":8,"s:15:8:15:Infinity":9,"s:16:8:16:Infinity":10,"s:17:8:17:Infinity":11,"s:18:8:18:Infinity":12,"s:19:8:19:Infinity":13,"s:20:8:20:Infinity":14,"s:23:18:23:47":15,"s:24:4:24:Infinity":16,"s:25:4:25:Infinity":17,"s:26:4:26:Infinity":18,"s:27:4:27:Infinity":19,"s:28:4:28:Infinity":20,"s:30:4:30:Infinity":21,"s:31:4:31:Infinity":22,"s:32:4:32:Infinity":23,"s:33:4:33:Infinity":24,"s:35:4:39:Infinity":25,"f:35:4:35:21":1,"s:36:8:36:Infinity":26,"s:37:8:37:Infinity":27,"s:38:8:38:Infinity":28,"f:38:8:38:25":2,"s:38:25:38:39":29}}}
,"D:\\Python\\suntrail_threejs\\src\\modules\\ui\\core\\ReactiveState.ts": {"path":"D:\\Python\\suntrail_threejs\\src\\modules\\ui\\core\\ReactiveState.ts","statementMap":{"0":{"start":{"line":13,"column":4},"end":{"line":13,"column":null}},"1":{"start":{"line":13,"column":53},"end":{"line":13,"column":null}},"2":{"start":{"line":14,"column":18},"end":{"line":14,"column":46}},"3":{"start":{"line":15,"column":4},"end":{"line":15,"column":null}},"4":{"start":{"line":24,"column":22},"end":{"line":24,"column":54}},"5":{"start":{"line":25,"column":25},"end":{"line":25,"column":42}},"6":{"start":{"line":26,"column":19},"end":{"line":26,"column":null}},"7":{"start":{"line":29,"column":21},"end":{"line":29,"column":47}},"8":{"start":{"line":31,"column":10},"end":{"line":48,"column":null}},"9":{"start":{"line":32,"column":8},"end":{"line":32,"column":null}},"10":{"start":{"line":33,"column":30},"end":{"line":33,"column":54}},"11":{"start":{"line":34,"column":8},"end":{"line":34,"column":null}},"12":{"start":{"line":36,"column":8},"end":{"line":48,"column":null}},"13":{"start":{"line":37,"column":34},"end":{"line":37,"column":53}},"14":{"start":{"line":38,"column":12},"end":{"line":46,"column":null}},"15":{"start":{"line":39,"column":30},"end":{"line":39,"column":55}},"16":{"start":{"line":40,"column":16},"end":{"line":46,"column":null}},"17":{"start":{"line":41,"column":20},"end":{"line":44,"column":null}},"18":{"start":{"line":42,"column":24},"end":{"line":42,"column":null}},"19":{"start":{"line":44,"column":24},"end":{"line":44,"column":null}},"20":{"start":{"line":51,"column":10},"end":{"line":55,"column":null}},"21":{"start":{"line":52,"column":8},"end":{"line":52,"column":null}},"22":{"start":{"line":53,"column":8},"end":{"line":55,"column":null}},"23":{"start":{"line":54,"column":12},"end":{"line":54,"column":null}},"24":{"start":{"line":55,"column":12},"end":{"line":55,"column":null}},"25":{"start":{"line":59,"column":10},"end":{"line":60,"column":null}},"26":{"start":{"line":60,"column":8},"end":{"line":60,"column":null}},"27":{"start":{"line":60,"column":53},"end":{"line":60,"column":71}},"28":{"start":{"line":63,"column":10},"end":{"line":120,"column":null}},"29":{"start":{"line":64,"column":8},"end":{"line":64,"column":null}},"30":{"start":{"line":64,"column":31},"end":{"line":64,"column":null}},"31":{"start":{"line":66,"column":43},"end":{"line":116,"column":null}},"32":{"start":{"line":69,"column":16},"end":{"line":80,"column":null}},"33":{"start":{"line":70,"column":20},"end":{"line":80,"column":null}},"34":{"start":{"line":71,"column":24},"end":{"line":72,"column":null}},"35":{"start":{"line":72,"column":28},"end":{"line":72,"column":null}},"36":{"start":{"line":74,"column":24},"end":{"line":74,"column":null}},"37":{"start":{"line":75,"column":24},"end":{"line":80,"column":null}},"38":{"start":{"line":76,"column":50},"end":{"line":76,"column":78}},"39":{"start":{"line":77,"column":28},"end":{"line":80,"column":null}},"40":{"start":{"line":78,"column":32},"end":{"line":78,"column":null}},"41":{"start":{"line":79,"column":32},"end":{"line":80,"column":null}},"42":{"start":{"line":80,"column":36},"end":{"line":80,"column":null}},"43":{"start":{"line":87,"column":30},"end":{"line":87,"column":65}},"44":{"start":{"line":88,"column":16},"end":{"line":89,"column":null}},"45":{"start":{"line":89,"column":20},"end":{"line":89,"column":null}},"46":{"start":{"line":91,"column":16},"end":{"line":91,"column":null}},"47":{"start":{"line":94,"column":33},"end":{"line":94,"column":45}},"48":{"start":{"line":95,"column":33},"end":{"line":95,"column":null}},"49":{"start":{"line":96,"column":33},"end":{"line":96,"column":68}},"50":{"start":{"line":99,"column":16},"end":{"line":99,"column":null}},"51":{"start":{"line":99,"column":40},"end":{"line":99,"column":null}},"52":{"start":{"line":101,"column":31},"end":{"line":101,"column":73}},"53":{"start":{"line":103,"column":16},"end":{"line":111,"column":null}},"54":{"start":{"line":104,"column":20},"end":{"line":104,"column":null}},"55":{"start":{"line":107,"column":37},"end":{"line":107,"column":null}},"56":{"start":{"line":108,"column":20},"end":{"line":111,"column":null}},"57":{"start":{"line":109,"column":24},"end":{"line":109,"column":null}},"58":{"start":{"line":110,"column":40},"end":{"line":110,"column":67}},"59":{"start":{"line":111,"column":24},"end":{"line":111,"column":null}},"60":{"start":{"line":114,"column":16},"end":{"line":114,"column":null}},"61":{"start":{"line":118,"column":22},"end":{"line":118,"column":45}},"62":{"start":{"line":119,"column":8},"end":{"line":119,"column":null}},"63":{"start":{"line":120,"column":8},"end":{"line":120,"column":null}},"64":{"start":{"line":123,"column":18},"end":{"line":123,"column":43}},"65":{"start":{"line":124,"column":4},"end":{"line":124,"column":null}}},"fnMap":{"0":{"name":"isPlainObject","decl":{"start":{"line":12,"column":9},"end":{"line":12,"column":23}},"loc":{"start":{"line":12,"column":44},"end":{"line":15,"column":null}},"line":12},"1":{"name":"createReactiveState","decl":{"start":{"line":23,"column":16},"end":{"line":23,"column":54}},"loc":{"start":{"line":23,"column":134},"end":{"line":124,"column":null}},"line":23},"2":{"name":"(anonymous_2)","decl":{"start":{"line":31,"column":10},"end":{"line":31,"column":25}},"loc":{"start":{"line":31,"column":25},"end":{"line":48,"column":null}},"line":31},"3":{"name":"(anonymous_3)","decl":{"start":{"line":36,"column":22},"end":{"line":36,"column":30}},"loc":{"start":{"line":36,"column":38},"end":{"line":48,"column":null}},"line":36},"4":{"name":"(anonymous_4)","decl":{"start":{"line":40,"column":30},"end":{"line":40,"column":38}},"loc":{"start":{"line":40,"column":44},"end":{"line":46,"column":null}},"line":40},"5":{"name":"(anonymous_5)","decl":{"start":{"line":51,"column":10},"end":{"line":51,"column":25}},"loc":{"start":{"line":51,"column":42},"end":{"line":55,"column":null}},"line":51},"6":{"name":"(anonymous_6)","decl":{"start":{"line":59,"column":10},"end":{"line":59,"column":26}},"loc":{"start":{"line":59,"column":53},"end":{"line":60,"column":null}},"line":59},"7":{"name":"(anonymous_7)","decl":{"start":{"line":60,"column":31},"end":{"line":60,"column":39}},"loc":{"start":{"line":60,"column":53},"end":{"line":60,"column":71}},"line":60},"8":{"name":"(anonymous_8)","decl":{"start":{"line":63,"column":10},"end":{"line":63,"column":25}},"loc":{"start":{"line":63,"column":62},"end":{"line":120,"column":null}},"line":63},"9":{"name":"(anonymous_9)","decl":{"start":{"line":67,"column":12},"end":{"line":67,"column":16}},"loc":{"start":{"line":67,"column":40},"end":{"line":91,"column":null}},"line":67},"10":{"name":"(anonymous_10)","decl":{"start":{"line":70,"column":20},"end":{"line":70,"column":28}},"loc":{"start":{"line":70,"column":68},"end":{"line":80,"column":null}},"line":70},"11":{"name":"(anonymous_11)","decl":{"start":{"line":75,"column":24},"end":{"line":75,"column":37}},"loc":{"start":{"line":75,"column":37},"end":{"line":80,"column":null}},"line":75},"12":{"name":"(anonymous_12)","decl":{"start":{"line":93,"column":12},"end":{"line":93,"column":16}},"loc":{"start":{"line":93,"column":47},"end":{"line":114,"column":null}},"line":93}},"branchMap":{"0":{"loc":{"start":{"line":13,"column":4},"end":{"line":13,"column":null}},"type":"if","locations":[{"start":{"line":13,"column":4},"end":{"line":13,"column":null}},{"start":{},"end":{}}],"line":13},"1":{"loc":{"start":{"line":13,"column":8},"end":{"line":13,"column":53}},"type":"binary-expr","locations":[{"start":{"line":13,"column":8},"end":{"line":13,"column":37}},{"start":{"line":13,"column":37},"end":{"line":13,"column":53}}],"line":13},"2":{"loc":{"start":{"line":15,"column":11},"end":{"line":15,"column":null}},"type":"binary-expr","locations":[{"start":{"line":15,"column":11},"end":{"line":15,"column":41}},{"start":{"line":15,"column":41},"end":{"line":15,"column":null}}],"line":15},"3":{"loc":{"start":{"line":38,"column":12},"end":{"line":46,"column":null}},"type":"if","locations":[{"start":{"line":38,"column":12},"end":{"line":46,"column":null}},{"start":{},"end":{}}],"line":38},"4":{"loc":{"start":{"line":53,"column":8},"end":{"line":55,"column":null}},"type":"if","locations":[{"start":{"line":53,"column":8},"end":{"line":55,"column":null}},{"start":{},"end":{}}],"line":53},"5":{"loc":{"start":{"line":60,"column":53},"end":{"line":60,"column":71}},"type":"binary-expr","locations":[{"start":{"line":60,"column":53},"end":{"line":60,"column":60}},{"start":{"line":60,"column":60},"end":{"line":60,"column":71}}],"line":60},"6":{"loc":{"start":{"line":63,"column":35},"end":{"line":63,"column":62}},"type":"default-arg","locations":[{"start":{"line":63,"column":50},"end":{"line":63,"column":62}}],"line":63},"7":{"loc":{"start":{"line":64,"column":8},"end":{"line":64,"column":null}},"type":"if","locations":[{"start":{"line":64,"column":8},"end":{"line":64,"column":null}},{"start":{},"end":{}}],"line":64},"8":{"loc":{"start":{"line":69,"column":16},"end":{"line":80,"column":null}},"type":"if","locations":[{"start":{"line":69,"column":16},"end":{"line":80,"column":null}},{"start":{},"end":{}}],"line":69},"9":{"loc":{"start":{"line":69,"column":20},"end":{"line":69,"column":57}},"type":"binary-expr","locations":[{"start":{"line":69,"column":20},"end":{"line":69,"column":44}},{"start":{"line":69,"column":44},"end":{"line":69,"column":57}}],"line":69},"10":{"loc":{"start":{"line":71,"column":24},"end":{"line":72,"column":null}},"type":"if","locations":[{"start":{"line":71,"column":24},"end":{"line":72,"column":null}},{"start":{},"end":{}}],"line":71},"11":{"loc":{"start":{"line":77,"column":28},"end":{"line":80,"column":null}},"type":"if","locations":[{"start":{"line":77,"column":28},"end":{"line":80,"column":null}},{"start":{},"end":{}}],"line":77},"12":{"loc":{"start":{"line":79,"column":32},"end":{"line":80,"column":null}},"type":"if","locations":[{"start":{"line":79,"column":32},"end":{"line":80,"column":null}},{"start":{},"end":{}}],"line":79},"13":{"loc":{"start":{"line":88,"column":16},"end":{"line":89,"column":null}},"type":"if","locations":[{"start":{"line":88,"column":16},"end":{"line":89,"column":null}},{"start":{},"end":{}}],"line":88},"14":{"loc":{"start":{"line":89,"column":46},"end":{"line":89,"column":93}},"type":"cond-expr","locations":[{"start":{"line":89,"column":53},"end":{"line":89,"column":81}},{"start":{"line":89,"column":81},"end":{"line":89,"column":93}}],"line":89},"15":{"loc":{"start":{"line":95,"column":33},"end":{"line":95,"column":null}},"type":"cond-expr","locations":[{"start":{"line":95,"column":40},"end":{"line":95,"column":64}},{"start":{"line":95,"column":64},"end":{"line":95,"column":null}}],"line":95},"16":{"loc":{"start":{"line":99,"column":16},"end":{"line":99,"column":null}},"type":"if","locations":[{"start":{"line":99,"column":16},"end":{"line":99,"column":null}},{"start":{},"end":{}}],"line":99},"17":{"loc":{"start":{"line":103,"column":16},"end":{"line":111,"column":null}},"type":"if","locations":[{"start":{"line":103,"column":16},"end":{"line":111,"column":null}},{"start":{},"end":{}}],"line":103},"18":{"loc":{"start":{"line":111,"column":37},"end":{"line":111,"column":null}},"type":"cond-expr","locations":[{"start":{"line":111,"column":54},"end":{"line":111,"column":86}},{"start":{"line":111,"column":89},"end":{"line":111,"column":null}}],"line":111}},"s":{"0":69,"1":69,"2":0,"3":0,"4":1,"5":1,"6":1,"7":1,"8":1,"9":14,"10":14,"11":14,"12":14,"13":14,"14":14,"15":0,"16":0,"17":0,"18":0,"19":0,"20":1,"21":14,"22":14,"23":14,"24":14,"25":1,"26":0,"27":0,"28":1,"29":1,"30":0,"31":1,"32":69,"33":0,"34":0,"35":0,"36":0,"37":0,"38":0,"39":0,"40":0,"41":0,"42":0,"43":69,"44":69,"45":0,"46":69,"47":55,"48":55,"49":55,"50":55,"51":41,"52":14,"53":14,"54":14,"55":14,"56":14,"57":0,"58":0,"59":0,"60":14,"61":1,"62":1,"63":1,"64":1,"65":1},"f":{"0":69,"1":1,"2":14,"3":14,"4":0,"5":14,"6":0,"7":0,"8":1,"9":69,"10":0,"11":0,"12":55},"b":{"0":[69,0],"1":[69,0],"2":[0,0],"3":[0,14],"4":[14,0],"5":[0,0],"6":[1],"7":[0,1],"8":[0,69],"9":[69,0],"10":[0,0],"11":[0,0],"12":[0,0],"13":[0,69],"14":[0,0],"15":[0,55],"16":[41,14],"17":[14,0],"18":[0,0]},"meta":{"lastBranch":19,"lastFunction":13,"lastStatement":66,"seen":{"f:12:9:12:23":0,"b:13:4:13:Infinity:undefined:undefined:undefined:undefined":0,"s:13:4:13:Infinity":0,"b:13:8:13:37:13:37:13:53":1,"s:13:53:13:Infinity":1,"s:14:18:14:46":2,"s:15:4:15:Infinity":3,"b:15:11:15:41:15:41:15:Infinity":2,"f:23:16:23:54":1,"s:24:22:24:54":4,"s:25:25:25:42":5,"s:26:19:26:Infinity":6,"s:29:21:29:47":7,"s:31:10:48:Infinity":8,"f:31:10:31:25":2,"s:32:8:32:Infinity":9,"s:33:30:33:54":10,"s:34:8:34:Infinity":11,"s:36:8:48:Infinity":12,"f:36:22:36:30":3,"s:37:34:37:53":13,"b:38:12:46:Infinity:undefined:undefined:undefined:undefined":3,"s:38:12:46:Infinity":14,"s:39:30:39:55":15,"s:40:16:46:Infinity":16,"f:40:30:40:38":4,"s:41:20:44:Infinity":17,"s:42:24:42:Infinity":18,"s:44:24:44:Infinity":19,"s:51:10:55:Infinity":20,"f:51:10:51:25":5,"s:52:8:52:Infinity":21,"b:53:8:55:Infinity:undefined:undefined:undefined:undefined":4,"s:53:8:55:Infinity":22,"s:54:12:54:Infinity":23,"s:55:12:55:Infinity":24,"s:59:10:60:Infinity":25,"f:59:10:59:26":6,"s:60:8:60:Infinity":26,"f:60:31:60:39":7,"s:60:53:60:71":27,"b:60:53:60:60:60:60:60:71":5,"s:63:10:120:Infinity":28,"f:63:10:63:25":8,"b:63:50:63:62":6,"b:64:8:64:Infinity:undefined:undefined:undefined:undefined":7,"s:64:8:64:Infinity":29,"s:64:31:64:Infinity":30,"s:66:43:116:Infinity":31,"f:67:12:67:16":9,"b:69:16:80:Infinity:undefined:undefined:undefined:undefined":8,"s:69:16:80:Infinity":32,"b:69:20:69:44:69:44:69:57":9,"s:70:20:80:Infinity":33,"f:70:20:70:28":10,"b:71:24:72:Infinity:undefined:undefined:undefined:undefined":10,"s:71:24:72:Infinity":34,"s:72:28:72:Infinity":35,"s:74:24:74:Infinity":36,"s:75:24:80:Infinity":37,"f:75:24:75:37":11,"s:76:50:76:78":38,"b:77:28:80:Infinity:undefined:undefined:undefined:undefined":11,"s:77:28:80:Infinity":39,"s:78:32:78:Infinity":40,"b:79:32:80:Infinity:undefined:undefined:undefined:undefined":12,"s:79:32:80:Infinity":41,"s:80:36:80:Infinity":42,"s:87:30:87:65":43,"b:88:16:89:Infinity:undefined:undefined:undefined:undefined":13,"s:88:16:89:Infinity":44,"s:89:20:89:Infinity":45,"b:89:53:89:81:89:81:89:93":14,"s:91:16:91:Infinity":46,"f:93:12:93:16":12,"s:94:33:94:45":47,"s:95:33:95:Infinity":48,"b:95:40:95:64:95:64:95:Infinity":15,"s:96:33:96:68":49,"b:99:16:99:Infinity:undefined:undefined:undefined:undefined":16,"s:99:16:99:Infinity":50,"s:99:40:99:Infinity":51,"s:101:31:101:73":52,"b:103:16:111:Infinity:undefined:undefined:undefined:undefined":17,"s:103:16:111:Infinity":53,"s:104:20:104:Infinity":54,"s:107:37:107:Infinity":55,"s:108:20:111:Infinity":56,"s:109:24:109:Infinity":57,"s:110:40:110:67":58,"s:111:24:111:Infinity":59,"b:111:54:111:86:111:89:111:Infinity":18,"s:114:16:114:Infinity":60,"s:118:22:118:45":61,"s:119:8:119:Infinity":62,"s:120:8:120:Infinity":63,"s:123:18:123:43":64,"s:124:4:124:Infinity":65}}}
}
